Info: Starting: Create block symbol file (.bsf)
Info: qsys-generate D:\arria10\triumf.reflexa10\tsb\ip\rtl\arria10_altddio_1bit.qsys --block-symbol-file --output-directory=D:\arria10\triumf.reflexa10\tsb\ip\rtl\arria10_altddio_1bit --family="Arria 10" --part=10AS066H2F34I1SG
Progress: Loading rtl/arria10_altddio_1bit.qsys
Progress: Reading input file
Progress: Adding gpio_0 [altera_gpio 18.1]
Progress: Parameterizing module gpio_0
Progress: Building connections
Progress: Parameterizing connections
Progress: Validating
Progress: Done reading input file
Info: arria10_altddio_1bit.gpio_0: Altera GPIO supports a maximum interface frequency of 300 MHZ.
Info: qsys-generate succeeded.
Info: Finished: Create block symbol file (.bsf)
Info: 
Info: Starting: Create HDL design files for synthesis
Info: qsys-generate D:\arria10\triumf.reflexa10\tsb\ip\rtl\arria10_altddio_1bit.qsys --synthesis=VERILOG --output-directory=D:\arria10\triumf.reflexa10\tsb\ip\rtl\arria10_altddio_1bit --family="Arria 10" --part=10AS066H2F34I1SG
Progress: Loading rtl/arria10_altddio_1bit.qsys
Progress: Reading input file
Progress: Adding gpio_0 [altera_gpio 18.1]
Progress: Parameterizing module gpio_0
Progress: Building connections
Progress: Parameterizing connections
Progress: Validating
Progress: Done reading input file
Info: arria10_altddio_1bit.gpio_0: Altera GPIO supports a maximum interface frequency of 300 MHZ.
Info: arria10_altddio_1bit: "Transforming system: arria10_altddio_1bit"
Info: arria10_altddio_1bit: Running transform generation_view_transform
Info: arria10_altddio_1bit: Running transform generation_view_transform took 0.000s
Info: gpio_0: Running transform generation_view_transform
Info: gpio_0: Running transform generation_view_transform took 0.000s
Info: core: Running transform generation_view_transform
Info: core: Running transform generation_view_transform took 0.000s
Info: arria10_altddio_1bit: Running transform merlin_avalon_transform
Info: arria10_altddio_1bit: Running transform merlin_avalon_transform took 0.027s
Info: gpio_0: Running transform merlin_avalon_transform
Info: gpio_0: Running transform merlin_avalon_transform took 0.007s
Info: arria10_altddio_1bit: "Naming system components in system: arria10_altddio_1bit"
Info: arria10_altddio_1bit: "Processing generation queue"
Info: arria10_altddio_1bit: "Generating: arria10_altddio_1bit"
Info: arria10_altddio_1bit: "Generating: arria10_altddio_1bit_altera_gpio_181_q6lqrny"
Info: arria10_altddio_1bit: "Generating: altera_gpio"
Info: arria10_altddio_1bit: Done "arria10_altddio_1bit" with 3 modules, 5 files
Info: qsys-generate succeeded.
Info: Finished: Create HDL design files for synthesis
