Power Analyzer report for NIOS_HyperRAM
Thu May 14 14:47:24 2020
Quartus Prime Version 18.1.0 Build 625 09/12/2018 SJ Lite Edition


---------------------
; Table of Contents ;
---------------------
  1. Legal Notice
  2. Parallel Compilation
  3. Power Analyzer Summary
  4. Power Analyzer Settings
  5. Indeterminate Toggle Rates
  6. Operating Conditions Used
  7. Thermal Power Dissipation by Block
  8. Thermal Power Dissipation by Block Type
  9. Thermal Power Dissipation by Hierarchy
 10. Core Dynamic Thermal Power Dissipation by Clock Domain
 11. Current Drawn from Voltage Supplies Summary
 12. VCCIO Supply Current Drawn by I/O Bank
 13. VCCIO Supply Current Drawn by Voltage
 14. Confidence Metric Details
 15. Signal Activities
 16. Power Analyzer Messages



----------------
; Legal Notice ;
----------------
Copyright (C) 2018  Intel Corporation. All rights reserved.
Your use of Intel Corporation's design tools, logic functions 
and other software and tools, and its AMPP partner logic 
functions, and any output files from any of the foregoing 
(including device programming or simulation files), and any 
associated documentation or information are expressly subject 
to the terms and conditions of the Intel Program License 
Subscription Agreement, the Intel Quartus Prime License Agreement,
the Intel FPGA IP License Agreement, or other applicable license
agreement, including, without limitation, that your use is for
the sole purpose of programming logic devices manufactured by
Intel and sold by Intel or its authorized distributors.  Please
refer to the applicable agreement for further details.



+------------------------------------------+
; Parallel Compilation                     ;
+----------------------------+-------------+
; Processors                 ; Number      ;
+----------------------------+-------------+
; Number detected on machine ; 8           ;
; Maximum allowed            ; 4           ;
;                            ;             ;
; Average used               ; 1.12        ;
; Maximum used               ; 4           ;
;                            ;             ;
; Usage by Processor         ; % Time Used ;
;     Processor 1            ; 100.0%      ;
;     Processors 2-4         ;   4.1%      ;
+----------------------------+-------------+


+-------------------------------------------------------------------------------------------+
; Power Analyzer Summary                                                                    ;
+----------------------------------------+--------------------------------------------------+
; Power Analyzer Status                  ; Successful - Thu May 14 14:47:24 2020            ;
; Quartus Prime Version                  ; 18.1.0 Build 625 09/12/2018 SJ Lite Edition      ;
; Revision Name                          ; NIOS_HyperRAM                                    ;
; Top-level Entity Name                  ; NIOS_HyperRAM                                    ;
; Family                                 ; MAX 10                                           ;
; Device                                 ; 10M08DAF256C8G                                   ;
; Power Models                           ; Final                                            ;
; Total Thermal Power Dissipation        ; 114.25 mW                                        ;
; Core Dynamic Thermal Power Dissipation ; 17.98 mW                                         ;
; Core Static Thermal Power Dissipation  ; 46.08 mW                                         ;
; I/O Thermal Power Dissipation          ; 50.19 mW                                         ;
; Power Estimation Confidence            ; Low: user provided insufficient toggle rate data ;
+----------------------------------------+--------------------------------------------------+


+--------------------------------------------------------------------------------------------------------------------------+
; Power Analyzer Settings                                                                                                  ;
+------------------------------------------------------------------+---------------------------------------+---------------+
; Option                                                           ; Setting                               ; Default Value ;
+------------------------------------------------------------------+---------------------------------------+---------------+
; Use smart compilation                                            ; Off                                   ; Off           ;
; Enable parallel Assembler and Timing Analyzer during compilation ; On                                    ; On            ;
; Enable compact report table                                      ; Off                                   ; Off           ;
; Default Power Input I/O Toggle Rate                              ; 12.5%                                 ; 12.5%         ;
; Preset Cooling Solution                                          ; 23 MM HEAT SINK WITH 200 LFPM AIRFLOW ;               ;
; Board thermal model                                              ; None (CONSERVATIVE)                   ;               ;
; Default Power Toggle Rate                                        ; 12.5%                                 ; 12.5%         ;
; Use vectorless estimation                                        ; On                                    ; On            ;
; Use Input Files                                                  ; Off                                   ; Off           ;
; Filter Glitches in VCD File Reader                               ; On                                    ; On            ;
; Power Analyzer Report Signal Activity                            ; Off                                   ; Off           ;
; Power Analyzer Report Power Dissipation                          ; Off                                   ; Off           ;
; Device Power Characteristics                                     ; TYPICAL                               ; TYPICAL       ;
; Automatically Compute Junction Temperature                       ; On                                    ; On            ;
; Specified Junction Temperature                                   ; 25                                    ; 25            ;
; Ambient Temperature                                              ; 25                                    ; 25            ;
; Use Custom Cooling Solution                                      ; Off                                   ; Off           ;
; Board Temperature                                                ; 25                                    ; 25            ;
+------------------------------------------------------------------+---------------------------------------+---------------+


+--------------------------------------------------------+
; Indeterminate Toggle Rates                             ;
+--------------------------+-----------------------------+
; Node                     ; Reason                      ;
+--------------------------+-----------------------------+
; FPGA_SPI_SEL0            ; No valid clock domain found ;
; FPGA_DONE                ; No valid clock domain found ;
; ModPwrGood               ; No valid clock domain found ;
; POR_N_LOAD_N             ; No valid clock domain found ;
; FPGA_I2C_INTn            ; No valid clock domain found ;
; ModPwrEn                 ; No valid clock domain found ;
; B1_1B_J5                 ; No valid clock domain found ;
; JTAGEN                   ; No valid clock domain found ;
; B1A_F4                   ; No valid clock domain found ;
; B1A_F5                   ; No valid clock domain found ;
; B1A_C3                   ; No valid clock domain found ;
; B1A_C4                   ; No valid clock domain found ;
; B1A_G5                   ; No valid clock domain found ;
; B1A_H5                   ; No valid clock domain found ;
; B1A_F2                   ; No valid clock domain found ;
; B1A_E3                   ; No valid clock domain found ;
; B1A_G2                   ; No valid clock domain found ;
; B1A_B2                   ; No valid clock domain found ;
; B1A_C2                   ; No valid clock domain found ;
; B2_N1                    ; No valid clock domain found ;
; B2_L3                    ; No valid clock domain found ;
; B2_K2                    ; No valid clock domain found ;
; B2_L1                    ; No valid clock domain found ;
; B2_L2                    ; No valid clock domain found ;
; B2_M2                    ; No valid clock domain found ;
; B2_L6                    ; No valid clock domain found ;
; B2_K5                    ; No valid clock domain found ;
; B2_M1                    ; No valid clock domain found ;
; FPGA_SPI_SEL1            ; No valid clock domain found ;
; B3_N5                    ; No valid clock domain found ;
; B3_P4                    ; No valid clock domain found ;
; FPGA_SMA_CLK             ; No valid clock domain found ;
; FPGA_SMA_TRIG            ; No valid clock domain found ;
; B3_M6                    ; No valid clock domain found ;
; FPGA_SPI_SCLK            ; No valid clock domain found ;
; FPGA_SPI_SEL2            ; No valid clock domain found ;
; FPGA_SPI_SDOUT           ; No valid clock domain found ;
; FPGA_SPI_SDATA           ; No valid clock domain found ;
; B3_M7                    ; No valid clock domain found ;
; B3_P6                    ; No valid clock domain found ;
; FPGA_SPI_SEL4            ; No valid clock domain found ;
; FPGA_SPI_SEL6            ; No valid clock domain found ;
; FPGA_SPI_SEL5            ; No valid clock domain found ;
; B3_P8                    ; No valid clock domain found ;
; MAX10_SPARE1             ; No valid clock domain found ;
; MAX10_SPARE0             ; No valid clock domain found ;
; B3_M9                    ; No valid clock domain found ;
; B3_M8                    ; No valid clock domain found ;
; MAX10_SPARE2             ; No valid clock domain found ;
; MAX10_SPARE3             ; No valid clock domain found ;
; FPGA_SPI_SEL3            ; No valid clock domain found ;
; MAX10_SPARE5             ; No valid clock domain found ;
; B4_P11                   ; No valid clock domain found ;
; B4_P10                   ; No valid clock domain found ;
; MAX10_SPARE6             ; No valid clock domain found ;
; MAX10_SPARE4             ; No valid clock domain found ;
; B4_L9                    ; No valid clock domain found ;
; B4_M10                   ; No valid clock domain found ;
; B4_L10                   ; No valid clock domain found ;
; B4_M11                   ; No valid clock domain found ;
; MAX10_SPARE7             ; No valid clock domain found ;
; B4_P12                   ; No valid clock domain found ;
; MAX10_SPARE8             ; No valid clock domain found ;
; MAX10_SPARE12            ; No valid clock domain found ;
; B5_P14                   ; No valid clock domain found ;
; MAX10_SPARE10            ; No valid clock domain found ;
; MAX10_SPARE9             ; No valid clock domain found ;
; MAX10_SPARE11            ; No valid clock domain found ;
; B5_L11                   ; No valid clock domain found ;
; B5_N14                   ; No valid clock domain found ;
; B5_P15                   ; No valid clock domain found ;
; B5_M15                   ; No valid clock domain found ;
; B5_N16                   ; No valid clock domain found ;
; B5_K11                   ; No valid clock domain found ;
; B5_K12                   ; No valid clock domain found ;
; B5_K14                   ; No valid clock domain found ;
; B5_M16                   ; No valid clock domain found ;
; B5_L16                   ; No valid clock domain found ;
; B5_M14                   ; No valid clock domain found ;
; MAX10_SPARE13            ; No valid clock domain found ;
; SFP_MAX_SDA              ; No valid clock domain found ;
; SFP_MAC_SCL              ; No valid clock domain found ;
; B7_E11                   ; No valid clock domain found ;
; B7_E10                   ; No valid clock domain found ;
; CLNR_nINT                ; No valid clock domain found ;
; SFP_LOS                  ; No valid clock domain found ;
; FPGA_I2C_SCL             ; No valid clock domain found ;
; SFP_ModDet               ; No valid clock domain found ;
; SFP_TX_Fault             ; No valid clock domain found ;
; FPGA_I2C_SDA             ; No valid clock domain found ;
; SMA_RJ45_CLK_SEL         ; No valid clock domain found ;
; FPGA_UART_TX             ; No valid clock domain found ;
; FPGA_UART_RX             ; No valid clock domain found ;
; FPGA_UART_SEL0           ; No valid clock domain found ;
; TX_UART19                ; No valid clock domain found ;
; RX_UART1                 ; No valid clock domain found ;
; RX_UART3                 ; No valid clock domain found ;
; RX_UART2                 ; No valid clock domain found ;
; TX_UART3                 ; No valid clock domain found ;
; TX_UART2                 ; No valid clock domain found ;
; TX_UART9                 ; No valid clock domain found ;
; TX_UART15                ; No valid clock domain found ;
; RX_UART0                 ; No valid clock domain found ;
; RX_UART7                 ; No valid clock domain found ;
; TX_UART0                 ; No valid clock domain found ;
; TX_UART6                 ; No valid clock domain found ;
; TX_UART7                 ; No valid clock domain found ;
; TX_UART5                 ; No valid clock domain found ;
; RX_UART6                 ; No valid clock domain found ;
; RX_UART5                 ; No valid clock domain found ;
; RX_UART4                 ; No valid clock domain found ;
; TX_UART4                 ; No valid clock domain found ;
; TX_UART11                ; No valid clock domain found ;
; RX_UART10                ; No valid clock domain found ;
; RX_UART8                 ; No valid clock domain found ;
; TX_UART10                ; No valid clock domain found ;
; TX_UART8                 ; No valid clock domain found ;
; TX_UART14                ; No valid clock domain found ;
; TX_UART1                 ; No valid clock domain found ;
; RX_UART12                ; No valid clock domain found ;
; RX_UART11                ; No valid clock domain found ;
; RX_UART9                 ; No valid clock domain found ;
; RX_UART15                ; No valid clock domain found ;
; RX_UART13                ; No valid clock domain found ;
; RX_UART19                ; No valid clock domain found ;
; RX_UART14                ; No valid clock domain found ;
; TX_UART17                ; No valid clock domain found ;
; TX_UART16                ; No valid clock domain found ;
; RX_UART18                ; No valid clock domain found ;
; RX_UART17                ; No valid clock domain found ;
; TX_UART12                ; No valid clock domain found ;
; TX_UART18                ; No valid clock domain found ;
; TX_UART13                ; No valid clock domain found ;
; RX_UART16                ; No valid clock domain found ;
; CLNR_RESETn              ; No valid clock domain found ;
; FPGA_UART_SEL3           ; No valid clock domain found ;
; FPGA_UART_SEL2           ; No valid clock domain found ;
; FPGA_UART_SEL1           ; No valid clock domain found ;
; FPGA_UART_SEL4           ; No valid clock domain found ;
; MAX10_CLK_p              ; No valid clock domain found ;
; MAX10_CLK_p~inputclkctrl ; No valid clock domain found ;
; SMA_CLK_p~0clkctrl       ; No valid clock domain found ;
+--------------------------+-----------------------------+


+--------------------------------------------------------------------------+
; Operating Conditions Used                                                ;
+---------------------------------------------+----------------------------+
; Setting                                     ; Value                      ;
+---------------------------------------------+----------------------------+
; Device power characteristics                ; Typical                    ;
;                                             ;                            ;
; Voltages                                    ;                            ;
;     VCC                                     ; 1.20 V                     ;
;     VCCA                                    ; 2.50 V                     ;
;     VCCD_PLL                                ; 1.20 V                     ;
;     VCCINT                                  ; 1.20 V                     ;
;     VCCA_ADC                                ; 2.50 V                     ;
;     3.3-V LVTTL I/O Standard                ; 3.3 V                      ;
;     2.5 V I/O Standard                      ; 2.5 V                      ;
;     1.8 V I/O Standard                      ; 1.8 V                      ;
;     LVDS I/O Standard                       ; 2.5 V                      ;
;     LVDS_E_3R I/O Standard                  ; 2.5 V                      ;
;     3.3 V Schmitt Trigger I/O Standard      ; 3.3 V                      ;
;                                             ;                            ;
; Auto computed junction temperature          ; 27.0 degrees Celsius       ;
;     Ambient temperature                     ; 25.0 degrees Celsius       ;
;     Junction-to-Case thermal resistance     ; 10.50 degrees Celsius/Watt ;
;     Case-to-Heat Sink thermal resistance    ; 0.10 degrees Celsius/Watt  ;
;     Heat Sink-to-Ambient thermal resistance ; 6.60 degrees Celsius/Watt  ;
;                                             ;                            ;
; Board model used                            ; None                       ;
+---------------------------------------------+----------------------------+


+----------------------------------------------------------------------------------------------------------------------------------------------+
; Thermal Power Dissipation by Block                                                                                                           ;
+------------+------------+---------------------+-----------------------------+--------------------------------+-------------------------------+
; Block Name ; Block Type ; Total Thermal Power ; Block Thermal Dynamic Power ; Block Thermal Static Power (1) ; Routing Thermal Dynamic Power ;
+------------+------------+---------------------+-----------------------------+--------------------------------+-------------------------------+
(1) The "Thermal Power Dissipation by Block" Table has been hidden. To show this table, please select the "Write power dissipation by block to report file" option under "PowerPlay Power Analyzer Settings".


+--------------------------------------------------------------------------------------------------------------------------------------------------------------------------------------------------------------------+
; Thermal Power Dissipation by Block Type                                                                                                                                                                            ;
+---------------------+-----------------------------------+-----------------------------+--------------------------------+-------------------------------+-----------------------------------------------------------+
; Block Type          ; Total Thermal Power by Block Type ; Block Thermal Dynamic Power ; Block Thermal Static Power (1) ; Routing Thermal Dynamic Power ; Block Average Toggle Rate (millions of transitions / sec) ;
+---------------------+-----------------------------------+-----------------------------+--------------------------------+-------------------------------+-----------------------------------------------------------+
; JTAG                ; 0.00 mW                           ; 0.00 mW                     ; --                             ; 0.00 mW                       ;    6.875                                                  ;
; PLL                 ; 10.44 mW                          ; 10.44 mW                    ; --                             ; 0.00 mW                       ;  166.667                                                  ;
; M9K                 ; 0.14 mW                           ; 0.14 mW                     ; --                             ; 0.00 mW                       ;    0.625                                                  ;
; Combinational cell  ; 0.67 mW                           ; 0.51 mW                     ; --                             ; 0.16 mW                       ;    7.206                                                  ;
; Clock control block ; 4.08 mW                           ; 0.00 mW                     ; --                             ; 4.08 mW                       ;  116.042                                                  ;
; Register cell       ; 1.95 mW                           ; 1.13 mW                     ; --                             ; 0.83 mW                       ;    9.642                                                  ;
; I/O                 ; 23.49 mW                          ; 9.60 mW                     ; 13.19 mW                       ; 0.69 mW                       ;    3.744                                                  ;
+---------------------+-----------------------------------+-----------------------------+--------------------------------+-------------------------------+-----------------------------------------------------------+
(1) The "Block Thermal Static Power" for all block types except Pins and the Voltage Regulator, if one exists, is part of the "Core Static Thermal Power Dissipation" value found on the PowerPlay Power Analyzer-->Summary report panel. The "Core Static Thermal Power Dissipation" also contains the thermal static power dissipated by the routing.


+-------------------------------------------------------------------------------------------------------------------------------------------------------------------------------------------------------------------------------------------------------------------------------------------------------------------------------------------------------------------------------------------------------------------------------------------------------------------------------------------------------------------------------------------------------------------------------------------------------------------------------------------------------+
; Thermal Power Dissipation by Hierarchy                                                                                                                                                                                                                                                                                                                                                                                                                                                                                                                                                                                                                ;
+------------------------------------------------------------------------------------------------------------------------------------------+--------------------------------------+---------------------------------+-----------------------------------+-----------------------------------+-----------------------------------------------------------------------------------------------------------------------------------------------------------------------------------------------------------------------------------------------------------------------------------------------------------------------------------------------------------+
; Compilation Hierarchy Node                                                                                                               ; Total Thermal Power by Hierarchy (1) ; Block Thermal Dynamic Power (1) ; Block Thermal Static Power (1)(2) ; Routing Thermal Dynamic Power (1) ; Full Hierarchy Name                                                                                                                                                                                                                                                                                                                                       ;
+------------------------------------------------------------------------------------------------------------------------------------------+--------------------------------------+---------------------------------+-----------------------------------+-----------------------------------+-----------------------------------------------------------------------------------------------------------------------------------------------------------------------------------------------------------------------------------------------------------------------------------------------------------------------------------------------------------+
; |NIOS_HyperRAM                                                                                                                           ; 40.77 mW (24.60 mW)                  ; 21.81 mW (9.61 mW)              ; 13.19 mW (13.19 mW)               ; 5.77 mW (1.80 mW)                 ; |NIOS_HyperRAM                                                                                                                                                                                                                                                                                                                                            ;
;     |Divisor_frecuencia:Generate_1MHZ_clk                                                                                                ; 0.13 mW (0.13 mW)                    ; 0.11 mW (0.11 mW)               ; --                                ; 0.02 mW (0.02 mW)                 ; |NIOS_HyperRAM|Divisor_frecuencia:Generate_1MHZ_clk                                                                                                                                                                                                                                                                                                       ;
;     |Divisor_frecuencia:Generate_divided_clk                                                                                             ; 0.01 mW (0.01 mW)                    ; 0.01 mW (0.01 mW)               ; --                                ; 0.00 mW (0.00 mW)                 ; |NIOS_HyperRAM|Divisor_frecuencia:Generate_divided_clk                                                                                                                                                                                                                                                                                                    ;
;     |Divisor_frecuencia:Generate_divided_ref_clk                                                                                         ; 0.02 mW (0.02 mW)                    ; 0.01 mW (0.01 mW)               ; --                                ; 0.00 mW (0.00 mW)                 ; |NIOS_HyperRAM|Divisor_frecuencia:Generate_divided_ref_clk                                                                                                                                                                                                                                                                                                ;
;     |clk_gen:Stp_clk                                                                                                                     ; 13.21 mW (0.00 mW)                   ; 10.44 mW (0.00 mW)              ; --                                ; 2.78 mW (0.00 mW)                 ; |NIOS_HyperRAM|clk_gen:Stp_clk                                                                                                                                                                                                                                                                                                                            ;
;         |altpll:altpll_component                                                                                                         ; 13.21 mW (0.00 mW)                   ; 10.44 mW (0.00 mW)              ; --                                ; 2.78 mW (0.00 mW)                 ; |NIOS_HyperRAM|clk_gen:Stp_clk|altpll:altpll_component                                                                                                                                                                                                                                                                                                    ;
;             |clk_gen_altpll1:auto_generated                                                                                              ; 13.21 mW (13.21 mW)                  ; 10.44 mW (10.44 mW)             ; --                                ; 2.78 mW (2.78 mW)                 ; |NIOS_HyperRAM|clk_gen:Stp_clk|altpll:altpll_component|clk_gen_altpll1:auto_generated                                                                                                                                                                                                                                                                     ;
;     |hard_block:auto_generated_inst                                                                                                      ; 0.00 mW (0.00 mW)                    ; 0.00 mW (0.00 mW)               ; --                                ; 0.00 mW (0.00 mW)                 ; |NIOS_HyperRAM|hard_block:auto_generated_inst                                                                                                                                                                                                                                                                                                             ;
;     |sld_hub:auto_hub                                                                                                                    ; 0.12 mW (0.00 mW)                    ; 0.09 mW (0.00 mW)               ; --                                ; 0.03 mW (0.00 mW)                 ; |NIOS_HyperRAM|sld_hub:auto_hub                                                                                                                                                                                                                                                                                                                           ;
;         |alt_sld_fab_with_jtag_input:\instrumentation_fabric_with_node_gen:fabric_gen_new_way:with_jtag_input_gen:instrumentation_fabric ; 0.12 mW (0.00 mW)                    ; 0.09 mW (0.00 mW)               ; --                                ; 0.03 mW (0.00 mW)                 ; |NIOS_HyperRAM|sld_hub:auto_hub|alt_sld_fab_with_jtag_input:\instrumentation_fabric_with_node_gen:fabric_gen_new_way:with_jtag_input_gen:instrumentation_fabric                                                                                                                                                                                           ;
;             |alt_sld_fab:instrumentation_fabric                                                                                          ; 0.12 mW (0.00 mW)                    ; 0.09 mW (0.00 mW)               ; --                                ; 0.03 mW (0.00 mW)                 ; |NIOS_HyperRAM|sld_hub:auto_hub|alt_sld_fab_with_jtag_input:\instrumentation_fabric_with_node_gen:fabric_gen_new_way:with_jtag_input_gen:instrumentation_fabric|alt_sld_fab:instrumentation_fabric                                                                                                                                                        ;
;                 |alt_sld_fab_alt_sld_fab:alt_sld_fab                                                                                     ; 0.12 mW (0.00 mW)                    ; 0.09 mW (0.00 mW)               ; --                                ; 0.03 mW (0.00 mW)                 ; |NIOS_HyperRAM|sld_hub:auto_hub|alt_sld_fab_with_jtag_input:\instrumentation_fabric_with_node_gen:fabric_gen_new_way:with_jtag_input_gen:instrumentation_fabric|alt_sld_fab:instrumentation_fabric|alt_sld_fab_alt_sld_fab:alt_sld_fab                                                                                                                    ;
;                     |alt_sld_fab_alt_sld_fab_sldfabric:sldfabric                                                                         ; 0.12 mW (0.00 mW)                    ; 0.09 mW (0.00 mW)               ; --                                ; 0.03 mW (0.00 mW)                 ; |NIOS_HyperRAM|sld_hub:auto_hub|alt_sld_fab_with_jtag_input:\instrumentation_fabric_with_node_gen:fabric_gen_new_way:with_jtag_input_gen:instrumentation_fabric|alt_sld_fab:instrumentation_fabric|alt_sld_fab_alt_sld_fab:alt_sld_fab|alt_sld_fab_alt_sld_fab_sldfabric:sldfabric                                                                        ;
;                         |sld_jtag_hub:\jtag_hub_gen:real_sld_jtag_hub                                                                    ; 0.12 mW (0.08 mW)                    ; 0.09 mW (0.06 mW)               ; --                                ; 0.03 mW (0.02 mW)                 ; |NIOS_HyperRAM|sld_hub:auto_hub|alt_sld_fab_with_jtag_input:\instrumentation_fabric_with_node_gen:fabric_gen_new_way:with_jtag_input_gen:instrumentation_fabric|alt_sld_fab:instrumentation_fabric|alt_sld_fab_alt_sld_fab:alt_sld_fab|alt_sld_fab_alt_sld_fab_sldfabric:sldfabric|sld_jtag_hub:\jtag_hub_gen:real_sld_jtag_hub                           ;
;                             |sld_rom_sr:hub_info_reg                                                                                     ; 0.01 mW (0.01 mW)                    ; 0.01 mW (0.01 mW)               ; --                                ; 0.00 mW (0.00 mW)                 ; |NIOS_HyperRAM|sld_hub:auto_hub|alt_sld_fab_with_jtag_input:\instrumentation_fabric_with_node_gen:fabric_gen_new_way:with_jtag_input_gen:instrumentation_fabric|alt_sld_fab:instrumentation_fabric|alt_sld_fab_alt_sld_fab:alt_sld_fab|alt_sld_fab_alt_sld_fab_sldfabric:sldfabric|sld_jtag_hub:\jtag_hub_gen:real_sld_jtag_hub|sld_rom_sr:hub_info_reg   ;
;                             |sld_shadow_jsm:shadow_jsm                                                                                   ; 0.02 mW (0.02 mW)                    ; 0.02 mW (0.02 mW)               ; --                                ; 0.01 mW (0.01 mW)                 ; |NIOS_HyperRAM|sld_hub:auto_hub|alt_sld_fab_with_jtag_input:\instrumentation_fabric_with_node_gen:fabric_gen_new_way:with_jtag_input_gen:instrumentation_fabric|alt_sld_fab:instrumentation_fabric|alt_sld_fab_alt_sld_fab:alt_sld_fab|alt_sld_fab_alt_sld_fab_sldfabric:sldfabric|sld_jtag_hub:\jtag_hub_gen:real_sld_jtag_hub|sld_shadow_jsm:shadow_jsm ;
;         |sld_jtag_interface_mod:\jtag_interface_mod_gen:device_family_mod_inst                                                           ; 0.00 mW (0.00 mW)                    ; 0.00 mW (0.00 mW)               ; --                                ; 0.00 mW (0.00 mW)                 ; |NIOS_HyperRAM|sld_hub:auto_hub|sld_jtag_interface_mod:\jtag_interface_mod_gen:device_family_mod_inst                                                                                                                                                                                                                                                     ;
;     |sld_signaltap:auto_signaltap_0                                                                                                      ; 2.68 mW (0.08 mW)                    ; 1.55 mW (0.06 mW)               ; --                                ; 1.13 mW (0.02 mW)                 ; |NIOS_HyperRAM|sld_signaltap:auto_signaltap_0                                                                                                                                                                                                                                                                                                             ;
;         |sld_jtag_endpoint_adapter:\gen_jtag_signal_adapter:jtag_signal_adapter                                                          ; 0.00 mW (0.00 mW)                    ; 0.00 mW (0.00 mW)               ; --                                ; 0.00 mW (0.00 mW)                 ; |NIOS_HyperRAM|sld_signaltap:auto_signaltap_0|sld_jtag_endpoint_adapter:\gen_jtag_signal_adapter:jtag_signal_adapter                                                                                                                                                                                                                                      ;
;         |sld_signaltap_impl:sld_signaltap_body                                                                                           ; 2.60 mW (0.00 mW)                    ; 1.49 mW (0.00 mW)               ; --                                ; 1.11 mW (0.00 mW)                 ; |NIOS_HyperRAM|sld_signaltap:auto_signaltap_0|sld_signaltap_impl:sld_signaltap_body                                                                                                                                                                                                                                                                       ;
;             |sld_signaltap_implb:sld_signaltap_body                                                                                      ; 2.60 mW (1.02 mW)                    ; 1.49 mW (0.48 mW)               ; --                                ; 1.11 mW (0.54 mW)                 ; |NIOS_HyperRAM|sld_signaltap:auto_signaltap_0|sld_signaltap_impl:sld_signaltap_body|sld_signaltap_implb:sld_signaltap_body                                                                                                                                                                                                                                ;
;                 |sld_offload_buffer_mgr:\stp_non_zero_depth_offload_gen:stp_offload_buff_mgr_inst                                        ; 0.10 mW (0.00 mW)                    ; 0.09 mW (0.00 mW)               ; --                                ; 0.01 mW (0.00 mW)                 ; |NIOS_HyperRAM|sld_signaltap:auto_signaltap_0|sld_signaltap_impl:sld_signaltap_body|sld_signaltap_implb:sld_signaltap_body|sld_offload_buffer_mgr:\stp_non_zero_depth_offload_gen:stp_offload_buff_mgr_inst                                                                                                                                               ;
;                     |lpm_counter:\adv_point_3_and_more:advance_pointer_counter                                                           ; 0.01 mW (0.00 mW)                    ; 0.01 mW (0.00 mW)               ; --                                ; 0.00 mW (0.00 mW)                 ; |NIOS_HyperRAM|sld_signaltap:auto_signaltap_0|sld_signaltap_impl:sld_signaltap_body|sld_signaltap_implb:sld_signaltap_body|sld_offload_buffer_mgr:\stp_non_zero_depth_offload_gen:stp_offload_buff_mgr_inst|lpm_counter:\adv_point_3_and_more:advance_pointer_counter                                                                                     ;
;                         |cntr_1rh:auto_generated                                                                                         ; 0.01 mW (0.01 mW)                    ; 0.01 mW (0.01 mW)               ; --                                ; 0.00 mW (0.00 mW)                 ; |NIOS_HyperRAM|sld_signaltap:auto_signaltap_0|sld_signaltap_impl:sld_signaltap_body|sld_signaltap_implb:sld_signaltap_body|sld_offload_buffer_mgr:\stp_non_zero_depth_offload_gen:stp_offload_buff_mgr_inst|lpm_counter:\adv_point_3_and_more:advance_pointer_counter|cntr_1rh:auto_generated                                                             ;
;                     |lpm_shiftreg:info_data_shift_out                                                                                    ; 0.04 mW (0.04 mW)                    ; 0.04 mW (0.04 mW)               ; --                                ; 0.00 mW (0.00 mW)                 ; |NIOS_HyperRAM|sld_signaltap:auto_signaltap_0|sld_signaltap_impl:sld_signaltap_body|sld_signaltap_implb:sld_signaltap_body|sld_offload_buffer_mgr:\stp_non_zero_depth_offload_gen:stp_offload_buff_mgr_inst|lpm_shiftreg:info_data_shift_out                                                                                                              ;
;                     |lpm_shiftreg:ram_data_shift_out                                                                                     ; 0.02 mW (0.02 mW)                    ; 0.02 mW (0.02 mW)               ; --                                ; 0.00 mW (0.00 mW)                 ; |NIOS_HyperRAM|sld_signaltap:auto_signaltap_0|sld_signaltap_impl:sld_signaltap_body|sld_signaltap_implb:sld_signaltap_body|sld_offload_buffer_mgr:\stp_non_zero_depth_offload_gen:stp_offload_buff_mgr_inst|lpm_shiftreg:ram_data_shift_out                                                                                                               ;
;                     |lpm_counter:read_pointer_counter                                                                                    ; 0.01 mW (0.00 mW)                    ; 0.01 mW (0.00 mW)               ; --                                ; 0.00 mW (0.00 mW)                 ; |NIOS_HyperRAM|sld_signaltap:auto_signaltap_0|sld_signaltap_impl:sld_signaltap_body|sld_signaltap_implb:sld_signaltap_body|sld_offload_buffer_mgr:\stp_non_zero_depth_offload_gen:stp_offload_buff_mgr_inst|lpm_counter:read_pointer_counter                                                                                                              ;
;                         |cntr_mfi:auto_generated                                                                                         ; 0.01 mW (0.01 mW)                    ; 0.01 mW (0.01 mW)               ; --                                ; 0.00 mW (0.00 mW)                 ; |NIOS_HyperRAM|sld_signaltap:auto_signaltap_0|sld_signaltap_impl:sld_signaltap_body|sld_signaltap_implb:sld_signaltap_body|sld_offload_buffer_mgr:\stp_non_zero_depth_offload_gen:stp_offload_buff_mgr_inst|lpm_counter:read_pointer_counter|cntr_mfi:auto_generated                                                                                      ;
;                     |lpm_counter:status_advance_pointer_counter                                                                          ; 0.00 mW (0.00 mW)                    ; 0.00 mW (0.00 mW)               ; --                                ; 0.00 mW (0.00 mW)                 ; |NIOS_HyperRAM|sld_signaltap:auto_signaltap_0|sld_signaltap_impl:sld_signaltap_body|sld_signaltap_implb:sld_signaltap_body|sld_offload_buffer_mgr:\stp_non_zero_depth_offload_gen:stp_offload_buff_mgr_inst|lpm_counter:status_advance_pointer_counter                                                                                                    ;
;                         |cntr_2rh:auto_generated                                                                                         ; 0.00 mW (0.00 mW)                    ; 0.00 mW (0.00 mW)               ; --                                ; 0.00 mW (0.00 mW)                 ; |NIOS_HyperRAM|sld_signaltap:auto_signaltap_0|sld_signaltap_impl:sld_signaltap_body|sld_signaltap_implb:sld_signaltap_body|sld_offload_buffer_mgr:\stp_non_zero_depth_offload_gen:stp_offload_buff_mgr_inst|lpm_counter:status_advance_pointer_counter|cntr_2rh:auto_generated                                                                            ;
;                     |lpm_shiftreg:status_data_shift_out                                                                                  ; 0.02 mW (0.02 mW)                    ; 0.02 mW (0.02 mW)               ; --                                ; 0.00 mW (0.00 mW)                 ; |NIOS_HyperRAM|sld_signaltap:auto_signaltap_0|sld_signaltap_impl:sld_signaltap_body|sld_signaltap_implb:sld_signaltap_body|sld_offload_buffer_mgr:\stp_non_zero_depth_offload_gen:stp_offload_buff_mgr_inst|lpm_shiftreg:status_data_shift_out                                                                                                            ;
;                     |lpm_counter:status_read_pointer_counter                                                                             ; 0.00 mW (0.00 mW)                    ; 0.00 mW (0.00 mW)               ; --                                ; 0.00 mW (0.00 mW)                 ; |NIOS_HyperRAM|sld_signaltap:auto_signaltap_0|sld_signaltap_impl:sld_signaltap_body|sld_signaltap_implb:sld_signaltap_body|sld_offload_buffer_mgr:\stp_non_zero_depth_offload_gen:stp_offload_buff_mgr_inst|lpm_counter:status_read_pointer_counter                                                                                                       ;
;                         |cntr_odi:auto_generated                                                                                         ; 0.00 mW (0.00 mW)                    ; 0.00 mW (0.00 mW)               ; --                                ; 0.00 mW (0.00 mW)                 ; |NIOS_HyperRAM|sld_signaltap:auto_signaltap_0|sld_signaltap_impl:sld_signaltap_body|sld_signaltap_implb:sld_signaltap_body|sld_offload_buffer_mgr:\stp_non_zero_depth_offload_gen:stp_offload_buff_mgr_inst|lpm_counter:status_read_pointer_counter|cntr_odi:auto_generated                                                                               ;
;                 |altdpram:\stp_non_zero_ram_gen:attribute_mem_gen:attribute_mem                                                          ; 0.36 mW (0.30 mW)                    ; 0.21 mW (0.16 mW)               ; --                                ; 0.15 mW (0.14 mW)                 ; |NIOS_HyperRAM|sld_signaltap:auto_signaltap_0|sld_signaltap_impl:sld_signaltap_body|sld_signaltap_implb:sld_signaltap_body|altdpram:\stp_non_zero_ram_gen:attribute_mem_gen:attribute_mem                                                                                                                                                                 ;
;                     |lpm_mux:mux                                                                                                         ; 0.05 mW (0.00 mW)                    ; 0.05 mW (0.00 mW)               ; --                                ; 0.00 mW (0.00 mW)                 ; |NIOS_HyperRAM|sld_signaltap:auto_signaltap_0|sld_signaltap_impl:sld_signaltap_body|sld_signaltap_implb:sld_signaltap_body|altdpram:\stp_non_zero_ram_gen:attribute_mem_gen:attribute_mem|lpm_mux:mux                                                                                                                                                     ;
;                         |mux_g7c:auto_generated                                                                                          ; 0.05 mW (0.05 mW)                    ; 0.05 mW (0.05 mW)               ; --                                ; 0.00 mW (0.00 mW)                 ; |NIOS_HyperRAM|sld_signaltap:auto_signaltap_0|sld_signaltap_impl:sld_signaltap_body|sld_signaltap_implb:sld_signaltap_body|altdpram:\stp_non_zero_ram_gen:attribute_mem_gen:attribute_mem|lpm_mux:mux|mux_g7c:auto_generated                                                                                                                              ;
;                     |lpm_decode:wdecoder                                                                                                 ; 0.01 mW (0.00 mW)                    ; 0.01 mW (0.00 mW)               ; --                                ; 0.01 mW (0.00 mW)                 ; |NIOS_HyperRAM|sld_signaltap:auto_signaltap_0|sld_signaltap_impl:sld_signaltap_body|sld_signaltap_implb:sld_signaltap_body|altdpram:\stp_non_zero_ram_gen:attribute_mem_gen:attribute_mem|lpm_decode:wdecoder                                                                                                                                             ;
;                         |decode_3af:auto_generated                                                                                       ; 0.01 mW (0.01 mW)                    ; 0.01 mW (0.01 mW)               ; --                                ; 0.01 mW (0.01 mW)                 ; |NIOS_HyperRAM|sld_signaltap:auto_signaltap_0|sld_signaltap_impl:sld_signaltap_body|sld_signaltap_implb:sld_signaltap_body|altdpram:\stp_non_zero_ram_gen:attribute_mem_gen:attribute_mem|lpm_decode:wdecoder|decode_3af:auto_generated                                                                                                                   ;
;                 |altsyncram:\stp_non_zero_ram_gen:stp_buffer_ram                                                                         ; 0.14 mW (0.00 mW)                    ; 0.14 mW (0.00 mW)               ; --                                ; 0.00 mW (0.00 mW)                 ; |NIOS_HyperRAM|sld_signaltap:auto_signaltap_0|sld_signaltap_impl:sld_signaltap_body|sld_signaltap_implb:sld_signaltap_body|altsyncram:\stp_non_zero_ram_gen:stp_buffer_ram                                                                                                                                                                                ;
;                     |altsyncram_ec14:auto_generated                                                                                      ; 0.14 mW (0.14 mW)                    ; 0.14 mW (0.14 mW)               ; --                                ; 0.00 mW (0.00 mW)                 ; |NIOS_HyperRAM|sld_signaltap:auto_signaltap_0|sld_signaltap_impl:sld_signaltap_body|sld_signaltap_implb:sld_signaltap_body|altsyncram:\stp_non_zero_ram_gen:stp_buffer_ram|altsyncram_ec14:auto_generated                                                                                                                                                 ;
;                 |serial_crc_16:\tdo_crc_gen:tdo_crc_calc                                                                                 ; 0.01 mW (0.01 mW)                    ; 0.01 mW (0.01 mW)               ; --                                ; 0.00 mW (0.00 mW)                 ; |NIOS_HyperRAM|sld_signaltap:auto_signaltap_0|sld_signaltap_impl:sld_signaltap_body|sld_signaltap_implb:sld_signaltap_body|serial_crc_16:\tdo_crc_gen:tdo_crc_calc                                                                                                                                                                                        ;
;                 |sld_rom_sr:crc_rom_sr                                                                                                   ; 0.01 mW (0.01 mW)                    ; 0.01 mW (0.01 mW)               ; --                                ; 0.00 mW (0.00 mW)                 ; |NIOS_HyperRAM|sld_signaltap:auto_signaltap_0|sld_signaltap_impl:sld_signaltap_body|sld_signaltap_implb:sld_signaltap_body|sld_rom_sr:crc_rom_sr                                                                                                                                                                                                          ;
;                 |sld_ela_control:ela_control                                                                                             ; 0.26 mW (0.01 mW)                    ; 0.17 mW (0.01 mW)               ; --                                ; 0.09 mW (0.01 mW)                 ; |NIOS_HyperRAM|sld_signaltap:auto_signaltap_0|sld_signaltap_impl:sld_signaltap_body|sld_signaltap_implb:sld_signaltap_body|sld_ela_control:ela_control                                                                                                                                                                                                    ;
;                     |sld_ela_basic_multi_level_trigger:\basic_multi_level_mbpm_trigger_gen:multi_level_mbpm                              ; 0.21 mW (0.00 mW)                    ; 0.13 mW (0.00 mW)               ; --                                ; 0.07 mW (0.00 mW)                 ; |NIOS_HyperRAM|sld_signaltap:auto_signaltap_0|sld_signaltap_impl:sld_signaltap_body|sld_signaltap_implb:sld_signaltap_body|sld_ela_control:ela_control|sld_ela_basic_multi_level_trigger:\basic_multi_level_mbpm_trigger_gen:multi_level_mbpm                                                                                                             ;
;                         |sld_mbpmg:\trigger_modules_gen:0:trigger_match                                                                  ; 0.17 mW (0.00 mW)                    ; 0.11 mW (0.00 mW)               ; --                                ; 0.07 mW (0.00 mW)                 ; |NIOS_HyperRAM|sld_signaltap:auto_signaltap_0|sld_signaltap_impl:sld_signaltap_body|sld_signaltap_implb:sld_signaltap_body|sld_ela_control:ela_control|sld_ela_basic_multi_level_trigger:\basic_multi_level_mbpm_trigger_gen:multi_level_mbpm|sld_mbpmg:\trigger_modules_gen:0:trigger_match                                                              ;
;                             |sld_sbpmg:\gen_sbpmg_pipeline_less_than_two:sm0:0:sm1                                                       ; 0.02 mW (0.02 mW)                    ; 0.01 mW (0.01 mW)               ; --                                ; 0.01 mW (0.01 mW)                 ; |NIOS_HyperRAM|sld_signaltap:auto_signaltap_0|sld_signaltap_impl:sld_signaltap_body|sld_signaltap_implb:sld_signaltap_body|sld_ela_control:ela_control|sld_ela_basic_multi_level_trigger:\basic_multi_level_mbpm_trigger_gen:multi_level_mbpm|sld_mbpmg:\trigger_modules_gen:0:trigger_match|sld_sbpmg:\gen_sbpmg_pipeline_less_than_two:sm0:0:sm1        ;
;                             |sld_sbpmg:\gen_sbpmg_pipeline_less_than_two:sm0:1:sm1                                                       ; 0.02 mW (0.02 mW)                    ; 0.01 mW (0.01 mW)               ; --                                ; 0.01 mW (0.01 mW)                 ; |NIOS_HyperRAM|sld_signaltap:auto_signaltap_0|sld_signaltap_impl:sld_signaltap_body|sld_signaltap_implb:sld_signaltap_body|sld_ela_control:ela_control|sld_ela_basic_multi_level_trigger:\basic_multi_level_mbpm_trigger_gen:multi_level_mbpm|sld_mbpmg:\trigger_modules_gen:0:trigger_match|sld_sbpmg:\gen_sbpmg_pipeline_less_than_two:sm0:1:sm1        ;
;                             |sld_sbpmg:\gen_sbpmg_pipeline_less_than_two:sm0:2:sm1                                                       ; 0.02 mW (0.02 mW)                    ; 0.01 mW (0.01 mW)               ; --                                ; 0.01 mW (0.01 mW)                 ; |NIOS_HyperRAM|sld_signaltap:auto_signaltap_0|sld_signaltap_impl:sld_signaltap_body|sld_signaltap_implb:sld_signaltap_body|sld_ela_control:ela_control|sld_ela_basic_multi_level_trigger:\basic_multi_level_mbpm_trigger_gen:multi_level_mbpm|sld_mbpmg:\trigger_modules_gen:0:trigger_match|sld_sbpmg:\gen_sbpmg_pipeline_less_than_two:sm0:2:sm1        ;
;                             |sld_sbpmg:\gen_sbpmg_pipeline_less_than_two:sm0:3:sm1                                                       ; 0.01 mW (0.01 mW)                    ; 0.01 mW (0.01 mW)               ; --                                ; 0.00 mW (0.00 mW)                 ; |NIOS_HyperRAM|sld_signaltap:auto_signaltap_0|sld_signaltap_impl:sld_signaltap_body|sld_signaltap_implb:sld_signaltap_body|sld_ela_control:ela_control|sld_ela_basic_multi_level_trigger:\basic_multi_level_mbpm_trigger_gen:multi_level_mbpm|sld_mbpmg:\trigger_modules_gen:0:trigger_match|sld_sbpmg:\gen_sbpmg_pipeline_less_than_two:sm0:3:sm1        ;
;                             |sld_sbpmg:\gen_sbpmg_pipeline_less_than_two:sm0:4:sm1                                                       ; 0.01 mW (0.01 mW)                    ; 0.01 mW (0.01 mW)               ; --                                ; 0.00 mW (0.00 mW)                 ; |NIOS_HyperRAM|sld_signaltap:auto_signaltap_0|sld_signaltap_impl:sld_signaltap_body|sld_signaltap_implb:sld_signaltap_body|sld_ela_control:ela_control|sld_ela_basic_multi_level_trigger:\basic_multi_level_mbpm_trigger_gen:multi_level_mbpm|sld_mbpmg:\trigger_modules_gen:0:trigger_match|sld_sbpmg:\gen_sbpmg_pipeline_less_than_two:sm0:4:sm1        ;
;                             |sld_sbpmg:\gen_sbpmg_pipeline_less_than_two:sm0:5:sm1                                                       ; 0.01 mW (0.01 mW)                    ; 0.01 mW (0.01 mW)               ; --                                ; 0.00 mW (0.00 mW)                 ; |NIOS_HyperRAM|sld_signaltap:auto_signaltap_0|sld_signaltap_impl:sld_signaltap_body|sld_signaltap_implb:sld_signaltap_body|sld_ela_control:ela_control|sld_ela_basic_multi_level_trigger:\basic_multi_level_mbpm_trigger_gen:multi_level_mbpm|sld_mbpmg:\trigger_modules_gen:0:trigger_match|sld_sbpmg:\gen_sbpmg_pipeline_less_than_two:sm0:5:sm1        ;
;                             |sld_sbpmg:\gen_sbpmg_pipeline_less_than_two:sm0:6:sm1                                                       ; 0.01 mW (0.01 mW)                    ; 0.01 mW (0.01 mW)               ; --                                ; 0.00 mW (0.00 mW)                 ; |NIOS_HyperRAM|sld_signaltap:auto_signaltap_0|sld_signaltap_impl:sld_signaltap_body|sld_signaltap_implb:sld_signaltap_body|sld_ela_control:ela_control|sld_ela_basic_multi_level_trigger:\basic_multi_level_mbpm_trigger_gen:multi_level_mbpm|sld_mbpmg:\trigger_modules_gen:0:trigger_match|sld_sbpmg:\gen_sbpmg_pipeline_less_than_two:sm0:6:sm1        ;
;                             |sld_sbpmg:\gen_sbpmg_pipeline_less_than_two:sm0:7:sm1                                                       ; 0.01 mW (0.01 mW)                    ; 0.01 mW (0.01 mW)               ; --                                ; 0.00 mW (0.00 mW)                 ; |NIOS_HyperRAM|sld_signaltap:auto_signaltap_0|sld_signaltap_impl:sld_signaltap_body|sld_signaltap_implb:sld_signaltap_body|sld_ela_control:ela_control|sld_ela_basic_multi_level_trigger:\basic_multi_level_mbpm_trigger_gen:multi_level_mbpm|sld_mbpmg:\trigger_modules_gen:0:trigger_match|sld_sbpmg:\gen_sbpmg_pipeline_less_than_two:sm0:7:sm1        ;
;                             |sld_sbpmg:\gen_sbpmg_pipeline_less_than_two:sm0:8:sm1                                                       ; 0.02 mW (0.02 mW)                    ; 0.01 mW (0.01 mW)               ; --                                ; 0.01 mW (0.01 mW)                 ; |NIOS_HyperRAM|sld_signaltap:auto_signaltap_0|sld_signaltap_impl:sld_signaltap_body|sld_signaltap_implb:sld_signaltap_body|sld_ela_control:ela_control|sld_ela_basic_multi_level_trigger:\basic_multi_level_mbpm_trigger_gen:multi_level_mbpm|sld_mbpmg:\trigger_modules_gen:0:trigger_match|sld_sbpmg:\gen_sbpmg_pipeline_less_than_two:sm0:8:sm1        ;
;                             |sld_sbpmg:\gen_sbpmg_pipeline_less_than_two:sm0:9:sm1                                                       ; 0.02 mW (0.02 mW)                    ; 0.01 mW (0.01 mW)               ; --                                ; 0.01 mW (0.01 mW)                 ; |NIOS_HyperRAM|sld_signaltap:auto_signaltap_0|sld_signaltap_impl:sld_signaltap_body|sld_signaltap_implb:sld_signaltap_body|sld_ela_control:ela_control|sld_ela_basic_multi_level_trigger:\basic_multi_level_mbpm_trigger_gen:multi_level_mbpm|sld_mbpmg:\trigger_modules_gen:0:trigger_match|sld_sbpmg:\gen_sbpmg_pipeline_less_than_two:sm0:9:sm1        ;
;                             |sld_sbpmg:\gen_sbpmg_pipeline_less_than_two:sm0:10:sm1                                                      ; 0.01 mW (0.01 mW)                    ; 0.01 mW (0.01 mW)               ; --                                ; 0.00 mW (0.00 mW)                 ; |NIOS_HyperRAM|sld_signaltap:auto_signaltap_0|sld_signaltap_impl:sld_signaltap_body|sld_signaltap_implb:sld_signaltap_body|sld_ela_control:ela_control|sld_ela_basic_multi_level_trigger:\basic_multi_level_mbpm_trigger_gen:multi_level_mbpm|sld_mbpmg:\trigger_modules_gen:0:trigger_match|sld_sbpmg:\gen_sbpmg_pipeline_less_than_two:sm0:10:sm1       ;
;                             |sld_sbpmg:\gen_sbpmg_pipeline_less_than_two:sm0:11:sm1                                                      ; 0.01 mW (0.01 mW)                    ; 0.01 mW (0.01 mW)               ; --                                ; 0.00 mW (0.00 mW)                 ; |NIOS_HyperRAM|sld_signaltap:auto_signaltap_0|sld_signaltap_impl:sld_signaltap_body|sld_signaltap_implb:sld_signaltap_body|sld_ela_control:ela_control|sld_ela_basic_multi_level_trigger:\basic_multi_level_mbpm_trigger_gen:multi_level_mbpm|sld_mbpmg:\trigger_modules_gen:0:trigger_match|sld_sbpmg:\gen_sbpmg_pipeline_less_than_two:sm0:11:sm1       ;
;                         |lpm_shiftreg:trigger_condition_deserialize                                                                      ; 0.03 mW (0.03 mW)                    ; 0.03 mW (0.03 mW)               ; --                                ; 0.01 mW (0.01 mW)                 ; |NIOS_HyperRAM|sld_signaltap:auto_signaltap_0|sld_signaltap_impl:sld_signaltap_body|sld_signaltap_implb:sld_signaltap_body|sld_ela_control:ela_control|sld_ela_basic_multi_level_trigger:\basic_multi_level_mbpm_trigger_gen:multi_level_mbpm|lpm_shiftreg:trigger_condition_deserialize                                                                  ;
;                     |sld_ela_trigger_flow_mgr:\builtin:ela_trigger_flow_mgr_entity                                                       ; 0.04 mW (0.03 mW)                    ; 0.03 mW (0.02 mW)               ; --                                ; 0.01 mW (0.01 mW)                 ; |NIOS_HyperRAM|sld_signaltap:auto_signaltap_0|sld_signaltap_impl:sld_signaltap_body|sld_signaltap_implb:sld_signaltap_body|sld_ela_control:ela_control|sld_ela_trigger_flow_mgr:\builtin:ela_trigger_flow_mgr_entity                                                                                                                                      ;
;                         |lpm_shiftreg:trigger_config_deserialize                                                                         ; 0.01 mW (0.01 mW)                    ; 0.01 mW (0.01 mW)               ; --                                ; 0.00 mW (0.00 mW)                 ; |NIOS_HyperRAM|sld_signaltap:auto_signaltap_0|sld_signaltap_impl:sld_signaltap_body|sld_signaltap_implb:sld_signaltap_body|sld_ela_control:ela_control|sld_ela_trigger_flow_mgr:\builtin:ela_trigger_flow_mgr_entity|lpm_shiftreg:trigger_config_deserialize                                                                                              ;
;                     |lpm_shiftreg:trigger_config_deserialize                                                                             ; 0.00 mW (0.00 mW)                    ; 0.00 mW (0.00 mW)               ; --                                ; 0.00 mW (0.00 mW)                 ; |NIOS_HyperRAM|sld_signaltap:auto_signaltap_0|sld_signaltap_impl:sld_signaltap_body|sld_signaltap_implb:sld_signaltap_body|sld_ela_control:ela_control|lpm_shiftreg:trigger_config_deserialize                                                                                                                                                            ;
;                 |lpm_shiftreg:segment_offset_config_deserialize                                                                          ; 0.00 mW (0.00 mW)                    ; 0.00 mW (0.00 mW)               ; --                                ; 0.00 mW (0.00 mW)                 ; |NIOS_HyperRAM|sld_signaltap:auto_signaltap_0|sld_signaltap_impl:sld_signaltap_body|sld_signaltap_implb:sld_signaltap_body|lpm_shiftreg:segment_offset_config_deserialize                                                                                                                                                                                 ;
;                 |sld_buffer_manager:sld_buffer_manager_inst                                                                              ; 0.68 mW (0.68 mW)                    ; 0.36 mW (0.36 mW)               ; --                                ; 0.32 mW (0.32 mW)                 ; |NIOS_HyperRAM|sld_signaltap:auto_signaltap_0|sld_signaltap_impl:sld_signaltap_body|sld_signaltap_implb:sld_signaltap_body|sld_buffer_manager:sld_buffer_manager_inst                                                                                                                                                                                     ;
;                 |lpm_shiftreg:status_register                                                                                            ; 0.02 mW (0.02 mW)                    ; 0.01 mW (0.01 mW)               ; --                                ; 0.00 mW (0.00 mW)                 ; |NIOS_HyperRAM|sld_signaltap:auto_signaltap_0|sld_signaltap_impl:sld_signaltap_body|sld_signaltap_implb:sld_signaltap_body|lpm_shiftreg:status_register                                                                                                                                                                                                   ;
;     |simple_mux:nios_uart_rx_mux                                                                                                         ; 0.00 mW (0.00 mW)                    ; 0.00 mW (0.00 mW)               ; --                                ; 0.00 mW (0.00 mW)                 ; |NIOS_HyperRAM|simple_mux:nios_uart_rx_mux                                                                                                                                                                                                                                                                                                                ;
+------------------------------------------------------------------------------------------------------------------------------------------+--------------------------------------+---------------------------------+-----------------------------------+-----------------------------------+-----------------------------------------------------------------------------------------------------------------------------------------------------------------------------------------------------------------------------------------------------------------------------------------------------------------------------------------------------------+
(1) Value in parentheses is the power consumed at that level of hierarchy. Value not in parentheses is the power consumed at that level of hierarchy plus the power consumed by all levels of hierarchy below it.

(2) The "Block Thermal Static Power" for all levels of hierarchy except the top-level hierarchy is part of the "Core Static Thermal Power Dissipation" value found on the PowerPlay Power Analyzer-->Summary report panel. The "Core Static Thermal Power Dissipation" also contains the thermal static power dissipated by the routing.


+--------------------------------------------------------------------------------------------------------------------------------------------+
; Core Dynamic Thermal Power Dissipation by Clock Domain                                                                                     ;
+-----------------------------------------------------------------------------------------+-----------------------+--------------------------+
; Clock Domain                                                                            ; Clock Frequency (MHz) ; Total Core Dynamic Power ;
+-----------------------------------------------------------------------------------------+-----------------------+--------------------------+
; clk_gen:Stp_clk|altpll:altpll_component|clk_gen_altpll1:auto_generated|wire_pll1_clk[0] ; 250.00                ; 16.04                    ;
; CLK_50MHz                                                                               ; 62.50                 ; 0.79                     ;
; altera_reserved_tck                                                                     ; 10.00                 ; 0.96                     ;
; No clock domain                                                                         ; 0.00                  ; 0.19                     ;
+-----------------------------------------------------------------------------------------+-----------------------+--------------------------+


+------------------------------------------------------------------------------------------------------------------------------------+
; Current Drawn from Voltage Supplies Summary                                                                                        ;
+----------------+-------------------------+---------------------------+--------------------------+----------------------------------+
; Voltage Supply ; Total Current Drawn (1) ; Dynamic Current Drawn (1) ; Static Current Drawn (1) ; Minimum Power Supply Current (2) ;
+----------------+-------------------------+---------------------------+--------------------------+----------------------------------+
; VCC            ; 11.27 mA                ; 6.70 mA                   ; 4.57 mA                  ; 11.27 mA                         ;
; VCCIO          ; 17.55 mA                ; 4.31 mA                   ; 13.24 mA                 ; 17.55 mA                         ;
; VCCA           ; 16.12 mA                ; 1.83 mA                   ; 14.30 mA                 ; 16.12 mA                         ;
; VCCD_PLL       ; 9.42 mA                 ; 4.89 mA                   ; 4.53 mA                  ; 9.42 mA                          ;
; VCCINT         ; 0.08 mA                 ; 0.00 mA                   ; 0.08 mA                  ; 0.08 mA                          ;
; VCCA_ADC       ; 0.00 mA                 ; 0.00 mA                   ; 0.00 mA                  ; 0.00 mA                          ;
+----------------+-------------------------+---------------------------+--------------------------+----------------------------------+
(1) Currents reported in columns "Total Current Drawn", "Dynamic Current Drawn", and "Static Current Drawn" are sufficient for user operation of the device.  
(2) Currents reported in column "Minimum Power Supply Current" are sufficient for power-up, configuration, and user operation of the device.


+-----------------------------------------------------------------------------------------------+
; VCCIO Supply Current Drawn by I/O Bank                                                        ;
+----------+---------------+---------------------+-----------------------+----------------------+
; I/O Bank ; VCCIO Voltage ; Total Current Drawn ; Dynamic Current Drawn ; Static Current Drawn ;
+----------+---------------+---------------------+-----------------------+----------------------+
; 1A       ; 3.3V          ; 2.10 mA             ; 0.00 mA               ; 2.10 mA              ;
; 1B       ; 3.3V          ; 1.95 mA             ; 0.09 mA               ; 1.86 mA              ;
; 2        ; 2.5V          ; 2.88 mA             ; 0.69 mA               ; 2.19 mA              ;
; 3        ; 1.8V          ; 0.47 mA             ; 0.38 mA               ; 0.08 mA              ;
; 4        ; 1.8V          ; 0.08 mA             ; 0.00 mA               ; 0.08 mA              ;
; 5        ; 1.8V          ; 2.82 mA             ; 2.74 mA               ; 0.08 mA              ;
; 6        ; 3.3V          ; 2.49 mA             ; 0.00 mA               ; 2.49 mA              ;
; 7        ; 3.3V          ; 1.90 mA             ; 0.00 mA               ; 1.90 mA              ;
; 8        ; 3.3V          ; 2.87 mA             ; 0.41 mA               ; 2.46 mA              ;
+----------+---------------+---------------------+-----------------------+----------------------+


+-----------------------------------------------------------------------------------------------------------------------------------+
; VCCIO Supply Current Drawn by Voltage                                                                                             ;
+---------------+-------------------------+---------------------------+--------------------------+----------------------------------+
; VCCIO Voltage ; Total Current Drawn (1) ; Dynamic Current Drawn (1) ; Static Current Drawn (1) ; Minimum Power Supply Current (2) ;
+---------------+-------------------------+---------------------------+--------------------------+----------------------------------+
; 1.8V          ; 3.36 mA                 ; 3.12 mA                   ; 0.24 mA                  ; 3.36 mA                          ;
; 2.5V          ; 2.88 mA                 ; 0.69 mA                   ; 2.19 mA                  ; 2.88 mA                          ;
; 3.3V          ; 11.31 mA                ; 0.50 mA                   ; 10.81 mA                 ; 11.31 mA                         ;
+---------------+-------------------------+---------------------------+--------------------------+----------------------------------+
(1) Currents reported in columns "Total Current Drawn", "Dynamic Current Drawn", and "Static Current Drawn" are sufficient for user operation of the device.  
(2) Currents reported in column "Minimum Power Supply Current" are sufficient for power-up, configuration, and user operation of the device.


+----------------------------------------------------------------------------------------------------------------------------------------------------+
; Confidence Metric Details                                                                                                                          ;
+----------------------------------------------------------------------------------------+--------------+-------------+--------------+---------------+
; Data Source                                                                            ; Total        ; Pin         ; Registered   ; Combinational ;
+----------------------------------------------------------------------------------------+--------------+-------------+--------------+---------------+
; Simulation (from file)                                                                 ;              ;             ;              ;               ;
;     -- Number of signals with Toggle Rate from Simulation                              ; 0 (0.0%)     ; 0 (0.0%)    ; 0 (0.0%)     ; 0 (0.0%)      ;
;     -- Number of signals with Static Probability from Simulation                       ; 0 (0.0%)     ; 0 (0.0%)    ; 0 (0.0%)     ; 0 (0.0%)      ;
;                                                                                        ;              ;             ;              ;               ;
; Node, entity or clock assignment                                                       ;              ;             ;              ;               ;
;     -- Number of signals with Toggle Rate from Node, entity or clock assignment        ; 7 (0.4%)     ; 2 (0.6%)    ; 0 (0.0%)     ; 5 (0.5%)      ;
;     -- Number of signals with Static Probability from Node, entity or clock assignment ; 9 (0.5%)     ; 2 (0.6%)    ; 0 (0.0%)     ; 7 (0.7%)      ;
;                                                                                        ;              ;             ;              ;               ;
; Vectorless estimation                                                                  ;              ;             ;              ;               ;
;     -- Number of signals with Toggle Rate from Vectorless estimation                   ; 1707 (91.0%) ; 153 (48.4%) ; 565 (100.0%) ; 989 (99.5%)   ;
;     -- Number of signals with Zero toggle rate, from Vectorless estimation             ; 371 (19.8%)  ; 145 (45.9%) ; 4 (0.7%)     ; 222 (22.3%)   ;
;     -- Number of signals with Static Probability from Vectorless estimation            ; 1705 (90.9%) ; 153 (48.4%) ; 565 (100.0%) ; 987 (99.3%)   ;
;                                                                                        ;              ;             ;              ;               ;
; Default assignment                                                                     ;              ;             ;              ;               ;
;     -- Number of signals with Toggle Rate from Default assignment                      ; 16 (0.9%)    ; 16 (5.1%)   ; 0 (0.0%)     ; 0 (0.0%)      ;
;     -- Number of signals with Static Probability from Default assignment               ; 161 (8.6%)   ; 161 (50.9%) ; 0 (0.0%)     ; 0 (0.0%)      ;
;                                                                                        ;              ;             ;              ;               ;
; Assumed 0                                                                              ;              ;             ;              ;               ;
;     -- Number of signals with Toggle Rate assumed 0                                    ; 145 (7.7%)   ; 145 (45.9%) ; 0 (0.0%)     ; 0 (0.0%)      ;
+----------------------------------------------------------------------------------------+--------------+-------------+--------------+---------------+


+---------------------------------------------------------------------------------------------------------------------------------------------+
; Signal Activities                                                                                                                           ;
+--------+------+---------------------------------------------+-------------------------+--------------------+--------------------------------+
; Signal ; Type ; Toggle Rate (millions of transitions / sec) ; Toggle Rate Data Source ; Static Probability ; Static Probability Data Source ;
+--------+------+---------------------------------------------+-------------------------+--------------------+--------------------------------+
(1) The "Signal Activity" Table has been hidden. To show this table, please select the "Write signal activities to report file" option under "PowerPlay Power Analyzer Settings".


+-------------------------+
; Power Analyzer Messages ;
+-------------------------+
Info: *******************************************************************
Info: Running Quartus Prime Power Analyzer
    Info: Version 18.1.0 Build 625 09/12/2018 SJ Lite Edition
    Info: Processing started: Thu May 14 14:47:18 2020
Info: Command: quartus_pow --read_settings_files=off --write_settings_files=off NIOS_HyperRAM -c NIOS_HyperRAM
Warning (18236): Number of processors has not been specified which may cause overloading on shared machines.  Set the global assignment NUM_PARALLEL_PROCESSORS in your QSF to an appropriate value for best performance.
Info (21077): Low junction temperature is 0 degrees C
Info (21077): High junction temperature is 85 degrees C
Info (332164): Evaluating HDL-embedded SDC commands
    Info (332165): Entity sld_hub
        Info (332166): create_clock -name altera_reserved_tck [get_ports {altera_reserved_tck}] -period 10MHz   
        Info (332166): set_clock_groups -asynchronous -group {altera_reserved_tck}
Info (332104): Reading SDC File: 'max10_nios_basetester/synthesis/submodules/altera_reset_controller.sdc'
Info (332104): Reading SDC File: 'max10_nios_basetester/synthesis/submodules/max10_nios_basetester_cpu_cpu.sdc'
Warning (332174): Ignored filter at max10_nios_basetester_cpu_cpu.sdc(46): *max10_nios_basetester_cpu_cpu:*|max10_nios_basetester_cpu_cpu_nios2_oci:the_max10_nios_basetester_cpu_cpu_nios2_oci|max10_nios_basetester_cpu_cpu_nios2_oci_break:the_max10_nios_basetester_cpu_cpu_nios2_oci_break|break_readreg* could not be matched with a keeper File: C:/triumf/max/xu1-max10-testing/MAX10/tsb/ip/rtl/max10_nios_basetester/synthesis/submodules/max10_nios_basetester_cpu_cpu.sdc Line: 46
Warning (332174): Ignored filter at max10_nios_basetester_cpu_cpu.sdc(46): *max10_nios_basetester_cpu_cpu:*|max10_nios_basetester_cpu_cpu_nios2_oci:the_max10_nios_basetester_cpu_cpu_nios2_oci|max10_nios_basetester_cpu_cpu_debug_slave_wrapper:the_max10_nios_basetester_cpu_cpu_debug_slave_wrapper|max10_nios_basetester_cpu_cpu_debug_slave_tck:the_max10_nios_basetester_cpu_cpu_debug_slave_tck|*sr* could not be matched with a keeper File: C:/triumf/max/xu1-max10-testing/MAX10/tsb/ip/rtl/max10_nios_basetester/synthesis/submodules/max10_nios_basetester_cpu_cpu.sdc Line: 46
Warning (332049): Ignored set_false_path at max10_nios_basetester_cpu_cpu.sdc(46): Argument <from> is an empty collection File: C:/triumf/max/xu1-max10-testing/MAX10/tsb/ip/rtl/max10_nios_basetester/synthesis/submodules/max10_nios_basetester_cpu_cpu.sdc Line: 46
    Info (332050): set_false_path -from [get_keepers *$max10_nios_basetester_cpu_cpu_oci_break_path|break_readreg*] -to [get_keepers *$max10_nios_basetester_cpu_cpu_jtag_sr*] File: C:/triumf/max/xu1-max10-testing/MAX10/tsb/ip/rtl/max10_nios_basetester/synthesis/submodules/max10_nios_basetester_cpu_cpu.sdc Line: 46
Warning (332049): Ignored set_false_path at max10_nios_basetester_cpu_cpu.sdc(46): Argument <to> is an empty collection File: C:/triumf/max/xu1-max10-testing/MAX10/tsb/ip/rtl/max10_nios_basetester/synthesis/submodules/max10_nios_basetester_cpu_cpu.sdc Line: 46
Warning (332174): Ignored filter at max10_nios_basetester_cpu_cpu.sdc(47): *max10_nios_basetester_cpu_cpu:*|max10_nios_basetester_cpu_cpu_nios2_oci:the_max10_nios_basetester_cpu_cpu_nios2_oci|max10_nios_basetester_cpu_cpu_nios2_oci_debug:the_max10_nios_basetester_cpu_cpu_nios2_oci_debug|*resetlatch could not be matched with a keeper File: C:/triumf/max/xu1-max10-testing/MAX10/tsb/ip/rtl/max10_nios_basetester/synthesis/submodules/max10_nios_basetester_cpu_cpu.sdc Line: 47
Warning (332174): Ignored filter at max10_nios_basetester_cpu_cpu.sdc(47): *max10_nios_basetester_cpu_cpu:*|max10_nios_basetester_cpu_cpu_nios2_oci:the_max10_nios_basetester_cpu_cpu_nios2_oci|max10_nios_basetester_cpu_cpu_debug_slave_wrapper:the_max10_nios_basetester_cpu_cpu_debug_slave_wrapper|max10_nios_basetester_cpu_cpu_debug_slave_tck:the_max10_nios_basetester_cpu_cpu_debug_slave_tck|*sr[33] could not be matched with a keeper File: C:/triumf/max/xu1-max10-testing/MAX10/tsb/ip/rtl/max10_nios_basetester/synthesis/submodules/max10_nios_basetester_cpu_cpu.sdc Line: 47
Warning (332049): Ignored set_false_path at max10_nios_basetester_cpu_cpu.sdc(47): Argument <from> is an empty collection File: C:/triumf/max/xu1-max10-testing/MAX10/tsb/ip/rtl/max10_nios_basetester/synthesis/submodules/max10_nios_basetester_cpu_cpu.sdc Line: 47
    Info (332050): set_false_path -from [get_keepers *$max10_nios_basetester_cpu_cpu_oci_debug_path|*resetlatch]     -to [get_keepers *$max10_nios_basetester_cpu_cpu_jtag_sr[33]] File: C:/triumf/max/xu1-max10-testing/MAX10/tsb/ip/rtl/max10_nios_basetester/synthesis/submodules/max10_nios_basetester_cpu_cpu.sdc Line: 47
Warning (332049): Ignored set_false_path at max10_nios_basetester_cpu_cpu.sdc(47): Argument <to> is an empty collection File: C:/triumf/max/xu1-max10-testing/MAX10/tsb/ip/rtl/max10_nios_basetester/synthesis/submodules/max10_nios_basetester_cpu_cpu.sdc Line: 47
Warning (332174): Ignored filter at max10_nios_basetester_cpu_cpu.sdc(48): *max10_nios_basetester_cpu_cpu:*|max10_nios_basetester_cpu_cpu_nios2_oci:the_max10_nios_basetester_cpu_cpu_nios2_oci|max10_nios_basetester_cpu_cpu_nios2_oci_debug:the_max10_nios_basetester_cpu_cpu_nios2_oci_debug|monitor_ready could not be matched with a keeper File: C:/triumf/max/xu1-max10-testing/MAX10/tsb/ip/rtl/max10_nios_basetester/synthesis/submodules/max10_nios_basetester_cpu_cpu.sdc Line: 48
Warning (332174): Ignored filter at max10_nios_basetester_cpu_cpu.sdc(48): *max10_nios_basetester_cpu_cpu:*|max10_nios_basetester_cpu_cpu_nios2_oci:the_max10_nios_basetester_cpu_cpu_nios2_oci|max10_nios_basetester_cpu_cpu_debug_slave_wrapper:the_max10_nios_basetester_cpu_cpu_debug_slave_wrapper|max10_nios_basetester_cpu_cpu_debug_slave_tck:the_max10_nios_basetester_cpu_cpu_debug_slave_tck|*sr[0] could not be matched with a keeper File: C:/triumf/max/xu1-max10-testing/MAX10/tsb/ip/rtl/max10_nios_basetester/synthesis/submodules/max10_nios_basetester_cpu_cpu.sdc Line: 48
Warning (332049): Ignored set_false_path at max10_nios_basetester_cpu_cpu.sdc(48): Argument <from> is an empty collection File: C:/triumf/max/xu1-max10-testing/MAX10/tsb/ip/rtl/max10_nios_basetester/synthesis/submodules/max10_nios_basetester_cpu_cpu.sdc Line: 48
    Info (332050): set_false_path -from [get_keepers *$max10_nios_basetester_cpu_cpu_oci_debug_path|monitor_ready]  -to [get_keepers *$max10_nios_basetester_cpu_cpu_jtag_sr[0]] File: C:/triumf/max/xu1-max10-testing/MAX10/tsb/ip/rtl/max10_nios_basetester/synthesis/submodules/max10_nios_basetester_cpu_cpu.sdc Line: 48
Warning (332049): Ignored set_false_path at max10_nios_basetester_cpu_cpu.sdc(48): Argument <to> is an empty collection File: C:/triumf/max/xu1-max10-testing/MAX10/tsb/ip/rtl/max10_nios_basetester/synthesis/submodules/max10_nios_basetester_cpu_cpu.sdc Line: 48
Warning (332174): Ignored filter at max10_nios_basetester_cpu_cpu.sdc(49): *max10_nios_basetester_cpu_cpu:*|max10_nios_basetester_cpu_cpu_nios2_oci:the_max10_nios_basetester_cpu_cpu_nios2_oci|max10_nios_basetester_cpu_cpu_nios2_oci_debug:the_max10_nios_basetester_cpu_cpu_nios2_oci_debug|monitor_error could not be matched with a keeper File: C:/triumf/max/xu1-max10-testing/MAX10/tsb/ip/rtl/max10_nios_basetester/synthesis/submodules/max10_nios_basetester_cpu_cpu.sdc Line: 49
Warning (332174): Ignored filter at max10_nios_basetester_cpu_cpu.sdc(49): *max10_nios_basetester_cpu_cpu:*|max10_nios_basetester_cpu_cpu_nios2_oci:the_max10_nios_basetester_cpu_cpu_nios2_oci|max10_nios_basetester_cpu_cpu_debug_slave_wrapper:the_max10_nios_basetester_cpu_cpu_debug_slave_wrapper|max10_nios_basetester_cpu_cpu_debug_slave_tck:the_max10_nios_basetester_cpu_cpu_debug_slave_tck|*sr[34] could not be matched with a keeper File: C:/triumf/max/xu1-max10-testing/MAX10/tsb/ip/rtl/max10_nios_basetester/synthesis/submodules/max10_nios_basetester_cpu_cpu.sdc Line: 49
Warning (332049): Ignored set_false_path at max10_nios_basetester_cpu_cpu.sdc(49): Argument <from> is an empty collection File: C:/triumf/max/xu1-max10-testing/MAX10/tsb/ip/rtl/max10_nios_basetester/synthesis/submodules/max10_nios_basetester_cpu_cpu.sdc Line: 49
    Info (332050): set_false_path -from [get_keepers *$max10_nios_basetester_cpu_cpu_oci_debug_path|monitor_error]  -to [get_keepers *$max10_nios_basetester_cpu_cpu_jtag_sr[34]] File: C:/triumf/max/xu1-max10-testing/MAX10/tsb/ip/rtl/max10_nios_basetester/synthesis/submodules/max10_nios_basetester_cpu_cpu.sdc Line: 49
Warning (332049): Ignored set_false_path at max10_nios_basetester_cpu_cpu.sdc(49): Argument <to> is an empty collection File: C:/triumf/max/xu1-max10-testing/MAX10/tsb/ip/rtl/max10_nios_basetester/synthesis/submodules/max10_nios_basetester_cpu_cpu.sdc Line: 49
Warning (332174): Ignored filter at max10_nios_basetester_cpu_cpu.sdc(50): *max10_nios_basetester_cpu_cpu:*|max10_nios_basetester_cpu_cpu_nios2_oci:the_max10_nios_basetester_cpu_cpu_nios2_oci|max10_nios_basetester_cpu_cpu_nios2_ocimem:the_max10_nios_basetester_cpu_cpu_nios2_ocimem|*MonDReg* could not be matched with a keeper File: C:/triumf/max/xu1-max10-testing/MAX10/tsb/ip/rtl/max10_nios_basetester/synthesis/submodules/max10_nios_basetester_cpu_cpu.sdc Line: 50
Warning (332049): Ignored set_false_path at max10_nios_basetester_cpu_cpu.sdc(50): Argument <from> is an empty collection File: C:/triumf/max/xu1-max10-testing/MAX10/tsb/ip/rtl/max10_nios_basetester/synthesis/submodules/max10_nios_basetester_cpu_cpu.sdc Line: 50
    Info (332050): set_false_path -from [get_keepers *$max10_nios_basetester_cpu_cpu_ocimem_path|*MonDReg*] -to [get_keepers *$max10_nios_basetester_cpu_cpu_jtag_sr*] File: C:/triumf/max/xu1-max10-testing/MAX10/tsb/ip/rtl/max10_nios_basetester/synthesis/submodules/max10_nios_basetester_cpu_cpu.sdc Line: 50
Warning (332049): Ignored set_false_path at max10_nios_basetester_cpu_cpu.sdc(50): Argument <to> is an empty collection File: C:/triumf/max/xu1-max10-testing/MAX10/tsb/ip/rtl/max10_nios_basetester/synthesis/submodules/max10_nios_basetester_cpu_cpu.sdc Line: 50
Warning (332174): Ignored filter at max10_nios_basetester_cpu_cpu.sdc(51): *max10_nios_basetester_cpu_cpu:*|max10_nios_basetester_cpu_cpu_nios2_oci:the_max10_nios_basetester_cpu_cpu_nios2_oci|max10_nios_basetester_cpu_cpu_debug_slave_wrapper:the_max10_nios_basetester_cpu_cpu_debug_slave_wrapper|max10_nios_basetester_cpu_cpu_debug_slave_tck:the_max10_nios_basetester_cpu_cpu_debug_slave_tck|*sr* could not be matched with a clock or keeper or register or port or pin or cell or partition File: C:/triumf/max/xu1-max10-testing/MAX10/tsb/ip/rtl/max10_nios_basetester/synthesis/submodules/max10_nios_basetester_cpu_cpu.sdc Line: 51
Warning (332174): Ignored filter at max10_nios_basetester_cpu_cpu.sdc(51): *max10_nios_basetester_cpu_cpu:*|max10_nios_basetester_cpu_cpu_nios2_oci:the_max10_nios_basetester_cpu_cpu_nios2_oci|max10_nios_basetester_cpu_cpu_debug_slave_wrapper:the_max10_nios_basetester_cpu_cpu_debug_slave_wrapper|max10_nios_basetester_cpu_cpu_debug_slave_sysclk:the_max10_nios_basetester_cpu_cpu_debug_slave_sysclk|*jdo* could not be matched with a clock or keeper or register or port or pin or cell or partition File: C:/triumf/max/xu1-max10-testing/MAX10/tsb/ip/rtl/max10_nios_basetester/synthesis/submodules/max10_nios_basetester_cpu_cpu.sdc Line: 51
Warning (332049): Ignored set_false_path at max10_nios_basetester_cpu_cpu.sdc(51): Argument <from> is not an object ID File: C:/triumf/max/xu1-max10-testing/MAX10/tsb/ip/rtl/max10_nios_basetester/synthesis/submodules/max10_nios_basetester_cpu_cpu.sdc Line: 51
    Info (332050): set_false_path -from *$max10_nios_basetester_cpu_cpu_jtag_sr*    -to *$max10_nios_basetester_cpu_cpu_jtag_sysclk_path|*jdo* File: C:/triumf/max/xu1-max10-testing/MAX10/tsb/ip/rtl/max10_nios_basetester/synthesis/submodules/max10_nios_basetester_cpu_cpu.sdc Line: 51
Warning (332049): Ignored set_false_path at max10_nios_basetester_cpu_cpu.sdc(51): Argument <to> is not an object ID File: C:/triumf/max/xu1-max10-testing/MAX10/tsb/ip/rtl/max10_nios_basetester/synthesis/submodules/max10_nios_basetester_cpu_cpu.sdc Line: 51
Warning (332174): Ignored filter at max10_nios_basetester_cpu_cpu.sdc(52): *max10_nios_basetester_cpu_cpu:*|max10_nios_basetester_cpu_cpu_nios2_oci:the_max10_nios_basetester_cpu_cpu_nios2_oci|max10_nios_basetester_cpu_cpu_debug_slave_wrapper:the_max10_nios_basetester_cpu_cpu_debug_slave_wrapper|max10_nios_basetester_cpu_cpu_debug_slave_sysclk:the_max10_nios_basetester_cpu_cpu_debug_slave_sysclk|ir* could not be matched with a clock or keeper or register or port or pin or cell or partition File: C:/triumf/max/xu1-max10-testing/MAX10/tsb/ip/rtl/max10_nios_basetester/synthesis/submodules/max10_nios_basetester_cpu_cpu.sdc Line: 52
Warning (332049): Ignored set_false_path at max10_nios_basetester_cpu_cpu.sdc(52): Argument <to> is not an object ID File: C:/triumf/max/xu1-max10-testing/MAX10/tsb/ip/rtl/max10_nios_basetester/synthesis/submodules/max10_nios_basetester_cpu_cpu.sdc Line: 52
    Info (332050): set_false_path -from sld_hub:*|irf_reg* -to *$max10_nios_basetester_cpu_cpu_jtag_sysclk_path|ir* File: C:/triumf/max/xu1-max10-testing/MAX10/tsb/ip/rtl/max10_nios_basetester/synthesis/submodules/max10_nios_basetester_cpu_cpu.sdc Line: 52
Warning (332174): Ignored filter at max10_nios_basetester_cpu_cpu.sdc(53): *max10_nios_basetester_cpu_cpu:*|max10_nios_basetester_cpu_cpu_nios2_oci:the_max10_nios_basetester_cpu_cpu_nios2_oci|max10_nios_basetester_cpu_cpu_nios2_oci_debug:the_max10_nios_basetester_cpu_cpu_nios2_oci_debug|monitor_go could not be matched with a clock or keeper or register or port or pin or cell or partition File: C:/triumf/max/xu1-max10-testing/MAX10/tsb/ip/rtl/max10_nios_basetester/synthesis/submodules/max10_nios_basetester_cpu_cpu.sdc Line: 53
Warning (332049): Ignored set_false_path at max10_nios_basetester_cpu_cpu.sdc(53): Argument <to> is not an object ID File: C:/triumf/max/xu1-max10-testing/MAX10/tsb/ip/rtl/max10_nios_basetester/synthesis/submodules/max10_nios_basetester_cpu_cpu.sdc Line: 53
    Info (332050): set_false_path -from sld_hub:*|sld_shadow_jsm:shadow_jsm|state[1] -to *$max10_nios_basetester_cpu_cpu_oci_debug_path|monitor_go File: C:/triumf/max/xu1-max10-testing/MAX10/tsb/ip/rtl/max10_nios_basetester/synthesis/submodules/max10_nios_basetester_cpu_cpu.sdc Line: 53
Info (332104): Reading SDC File: 'timing_constraints.sdc'
Info (332151): Clock uncertainty is not calculated until you update the timing netlist.
Info (332110): Deriving PLL clocks
    Info (332110): create_generated_clock -source {Stp_clk|altpll_component|auto_generated|pll1|inclk[0]} -multiply_by 4 -duty_cycle 50.00 -name {Stp_clk|altpll_component|auto_generated|pll1|clk[0]} {Stp_clk|altpll_component|auto_generated|pll1|clk[0]}
Warning (332060): Node: SMA_NIM_CLK was determined to be a clock but was found without an associated clock assignment.
    Info (13166): Register Divisor_frecuencia:Generate_divided_ref_clk|RESULT is being clocked by SMA_NIM_CLK
Warning (332060): Node: MAX10_CLK_p was determined to be a clock but was found without an associated clock assignment.
    Info (13166): Register Divisor_frecuencia:Generate_divided_clk|RESULT is being clocked by MAX10_CLK_p
Warning (332060): Node: B5_L12 was determined to be a clock but was found without an associated clock assignment.
    Info (13166): Register sld_signaltap:auto_signaltap_0|sld_signaltap_impl:sld_signaltap_body|sld_signaltap_implb:sld_signaltap_body|altdpram:\stp_non_zero_ram_gen:attribute_mem_gen:attribute_mem|cells[1][0] is being clocked by B5_L12
Info (332097): The following timing edges are non-unate.  The Timing Analyzer will assume pos-unate behavior for these edges in the clock network.
    Info (332098): Cell: altera_internal_jtag  from: tck  to: tckutap
Info (332123): Deriving Clock Uncertainty. Please refer to report_sdc in the Timing Analyzer to see clock uncertainties.
Info (223000): Starting Vectorless Power Activity Estimation
Warning (222013): Relative toggle rates could not be calculated because no clock domain could be identified for some nodes
Info (223001): Completed Vectorless Power Activity Estimation
Info (218000): Using Advanced I/O Power to simulate I/O buffers with the specified board trace model
Info (334003): Started post-fitting delay annotation
Info (334004): Delay annotation completed successfully
Info (215049): Average toggle rate for this design is 8.434 millions of transitions / sec
Info (215031): Total thermal power estimate for the design is 114.25 mW
Info: Quartus Prime Power Analyzer was successful. 0 errors, 32 warnings
    Info: Peak virtual memory: 4842 megabytes
    Info: Processing ended: Thu May 14 14:47:24 2020
    Info: Elapsed time: 00:00:06
    Info: Total CPU time (on all processors): 00:00:06


