Analysis & Synthesis report for dds_waveform_gen_8_parallel
Tue Jul 07 16:33:42 2015
Quartus II Version 9.0 Build 235 06/17/2009 Service Pack 2 SJ Web Edition


---------------------
; Table of Contents ;
---------------------
  1. Legal Notice
  2. Analysis & Synthesis Summary
  3. Analysis & Synthesis Settings
  4. Analysis & Synthesis Messages



----------------
; Legal Notice ;
----------------
Copyright (C) 1991-2009 Altera Corporation
Your use of Altera Corporation's design tools, logic functions 
and other software and tools, and its AMPP partner logic 
functions, and any output files from any of the foregoing 
(including device programming or simulation files), and any 
associated documentation or information are expressly subject 
to the terms and conditions of the Altera Program License 
Subscription Agreement, Altera MegaCore Function License 
Agreement, or other applicable license agreement, including, 
without limitation, that your use is for the sole purpose of 
programming logic devices manufactured by Altera and sold by 
Altera or its authorized distributors.  Please refer to the 
applicable agreement for further details.



+-----------------------------------------------------------------------------------+
; Analysis & Synthesis Summary                                                      ;
+------------------------------------+----------------------------------------------+
; Analysis & Synthesis Status        ; Failed - Tue Jul 07 16:33:42 2015            ;
; Quartus II Version                 ; 9.0 Build 235 06/17/2009 SP 2 SJ Web Edition ;
; Revision Name                      ; dds_waveform_gen_8_parallel                  ;
; Top-level Entity Name              ; dds_waveform_gen_8_parallel                  ;
; Family                             ; Cyclone III                                  ;
; Total logic elements               ; N/A until Partition Merge                    ;
;     Total combinational functions  ; N/A until Partition Merge                    ;
;     Dedicated logic registers      ; N/A until Partition Merge                    ;
; Total registers                    ; N/A until Partition Merge                    ;
; Total pins                         ; N/A until Partition Merge                    ;
; Total virtual pins                 ; N/A until Partition Merge                    ;
; Total memory bits                  ; N/A until Partition Merge                    ;
; Embedded Multiplier 9-bit elements ; N/A until Partition Merge                    ;
; Total PLLs                         ; N/A until Partition Merge                    ;
+------------------------------------+----------------------------------------------+


+--------------------------------------------------------------------------------------------------------------------------+
; Analysis & Synthesis Settings                                                                                            ;
+--------------------------------------------------------------+-----------------------------+-----------------------------+
; Option                                                       ; Setting                     ; Default Value               ;
+--------------------------------------------------------------+-----------------------------+-----------------------------+
; Top-level entity name                                        ; dds_waveform_gen_8_parallel ; dds_waveform_gen_8_parallel ;
; Family name                                                  ; Cyclone III                 ; Stratix II                  ;
; Use Generated Physical Constraints File                      ; Off                         ;                             ;
; Use smart compilation                                        ; Off                         ; Off                         ;
; Restructure Multiplexers                                     ; Auto                        ; Auto                        ;
; Create Debugging Nodes for IP Cores                          ; Off                         ; Off                         ;
; Preserve fewer node names                                    ; On                          ; On                          ;
; Disable OpenCore Plus hardware evaluation                    ; Off                         ; Off                         ;
; Verilog Version                                              ; Verilog_2001                ; Verilog_2001                ;
; VHDL Version                                                 ; VHDL93                      ; VHDL93                      ;
; State Machine Processing                                     ; Auto                        ; Auto                        ;
; Safe State Machine                                           ; Off                         ; Off                         ;
; Extract Verilog State Machines                               ; On                          ; On                          ;
; Extract VHDL State Machines                                  ; On                          ; On                          ;
; Ignore Verilog initial constructs                            ; Off                         ; Off                         ;
; Iteration limit for constant Verilog loops                   ; 5000                        ; 5000                        ;
; Iteration limit for non-constant Verilog loops               ; 250                         ; 250                         ;
; Add Pass-Through Logic to Inferred RAMs                      ; On                          ; On                          ;
; Parallel Synthesis                                           ; Off                         ; Off                         ;
; DSP Block Balancing                                          ; Auto                        ; Auto                        ;
; NOT Gate Push-Back                                           ; On                          ; On                          ;
; Power-Up Don't Care                                          ; On                          ; On                          ;
; Remove Redundant Logic Cells                                 ; Off                         ; Off                         ;
; Remove Duplicate Registers                                   ; On                          ; On                          ;
; Ignore CARRY Buffers                                         ; Off                         ; Off                         ;
; Ignore CASCADE Buffers                                       ; Off                         ; Off                         ;
; Ignore GLOBAL Buffers                                        ; Off                         ; Off                         ;
; Ignore ROW GLOBAL Buffers                                    ; Off                         ; Off                         ;
; Ignore LCELL Buffers                                         ; Off                         ; Off                         ;
; Ignore SOFT Buffers                                          ; On                          ; On                          ;
; Limit AHDL Integers to 32 Bits                               ; Off                         ; Off                         ;
; Optimization Technique                                       ; Balanced                    ; Balanced                    ;
; Carry Chain Length                                           ; 70                          ; 70                          ;
; Auto Carry Chains                                            ; On                          ; On                          ;
; Auto Open-Drain Pins                                         ; On                          ; On                          ;
; Perform WYSIWYG Primitive Resynthesis                        ; Off                         ; Off                         ;
; Auto ROM Replacement                                         ; On                          ; On                          ;
; Auto RAM Replacement                                         ; On                          ; On                          ;
; Auto DSP Block Replacement                                   ; On                          ; On                          ;
; Auto Shift Register Replacement                              ; Auto                        ; Auto                        ;
; Auto Clock Enable Replacement                                ; On                          ; On                          ;
; Strict RAM Replacement                                       ; Off                         ; Off                         ;
; Allow Synchronous Control Signals                            ; On                          ; On                          ;
; Force Use of Synchronous Clear Signals                       ; Off                         ; Off                         ;
; Auto RAM Block Balancing                                     ; On                          ; On                          ;
; Auto RAM to Logic Cell Conversion                            ; Off                         ; Off                         ;
; Auto Resource Sharing                                        ; Off                         ; Off                         ;
; Allow Any RAM Size For Recognition                           ; Off                         ; Off                         ;
; Allow Any ROM Size For Recognition                           ; Off                         ; Off                         ;
; Allow Any Shift Register Size For Recognition                ; Off                         ; Off                         ;
; Use LogicLock Constraints during Resource Balancing          ; On                          ; On                          ;
; Ignore translate_off and synthesis_off directives            ; Off                         ; Off                         ;
; Timing-Driven Synthesis                                      ; Off                         ; Off                         ;
; Show Parameter Settings Tables in Synthesis Report           ; On                          ; On                          ;
; Ignore Maximum Fan-Out Assignments                           ; Off                         ; Off                         ;
; Synchronization Register Chain Length                        ; 2                           ; 2                           ;
; PowerPlay Power Optimization                                 ; Normal compilation          ; Normal compilation          ;
; HDL message level                                            ; Level2                      ; Level2                      ;
; Suppress Register Optimization Related Messages              ; Off                         ; Off                         ;
; Number of Removed Registers Reported in Synthesis Report     ; 100                         ; 100                         ;
; Number of Inverted Registers Reported in Synthesis Report    ; 100                         ; 100                         ;
; Clock MUX Protection                                         ; On                          ; On                          ;
; Auto Gated Clock Conversion                                  ; Off                         ; Off                         ;
; Block Design Naming                                          ; Auto                        ; Auto                        ;
; SDC constraint protection                                    ; Off                         ; Off                         ;
; Synthesis Effort                                             ; Auto                        ; Auto                        ;
; Shift Register Replacement - Allow Asynchronous Clear Signal ; On                          ; On                          ;
; Analysis & Synthesis Message Level                           ; Medium                      ; Medium                      ;
+--------------------------------------------------------------+-----------------------------+-----------------------------+


+-------------------------------+
; Analysis & Synthesis Messages ;
+-------------------------------+
Info: *******************************************************************
Info: Running Quartus II Analysis & Synthesis
    Info: Version 9.0 Build 235 06/17/2009 Service Pack 2 SJ Web Edition
    Info: Processing started: Tue Jul 07 16:33:41 2015
Info: Command: quartus_map --read_settings_files=on --write_settings_files=off dds_waveform_gen_8_parallel -c dds_waveform_gen_8_parallel
Info: Found 1 design units, including 0 entities, in source file ../rtl/dds_vhdl_type_package.vhd
    Info: Found design unit 1: dds_vhdl_type_package
Info: Found 2 design units, including 1 entities, in source file ../rtl/dds_waveform_gen_8_parallel.vhd
    Info: Found design unit 1: dds_waveform_gen_8_parallel-rtl
    Info: Found entity 1: dds_waveform_gen_8_parallel
Info: Found 2 design units, including 1 entities, in source file ../rtl/sincos_lut_for_dds.vhd
    Info: Found design unit 1: sincos_lut_for_dds-rtl
    Info: Found entity 1: sincos_lut_for_dds
Error (10409): VHDL Type Conversion error at dds_waveform_gen_8_parallel.vhd(100): converted type of object near text or symbol "UNSIGNED" must match bit_vector type of target object File: D:/avsoc/edevel00331/trunk/tsbs/common_rtl_library/tsb/ip/rtl/dds_waveform_gen_8_parallel.vhd Line: 100
Error (10327): VHDL error at dds_waveform_gen_8_parallel.vhd(100): can't determine definition of operator ""+"" -- found 0 possible definitions File: D:/avsoc/edevel00331/trunk/tsbs/common_rtl_library/tsb/ip/rtl/dds_waveform_gen_8_parallel.vhd Line: 100
Error (10515): VHDL type mismatch error at dds_waveform_gen_8_parallel.vhd(100): integer type does not match string literal File: D:/avsoc/edevel00331/trunk/tsbs/common_rtl_library/tsb/ip/rtl/dds_waveform_gen_8_parallel.vhd Line: 100
Error (10515): VHDL type mismatch error at dds_waveform_gen_8_parallel.vhd(101): integer type does not match string literal File: D:/avsoc/edevel00331/trunk/tsbs/common_rtl_library/tsb/ip/rtl/dds_waveform_gen_8_parallel.vhd Line: 101
Error: Quartus II Analysis & Synthesis was unsuccessful. 4 errors, 0 warnings
    Error: Peak virtual memory: 233 megabytes
    Error: Processing ended: Tue Jul 07 16:33:42 2015
    Error: Elapsed time: 00:00:01
    Error: Total CPU time (on all processors): 00:00:01


