Flow report for handle_mm_to_mm_response_port_and_generate_udp_packets_ver2
Wed Jun 24 15:28:32 2015
Quartus II Version 9.0 Build 235 06/17/2009 Service Pack 2 SJ Web Edition


---------------------
; Table of Contents ;
---------------------
  1. Legal Notice
  2. Flow Summary
  3. Flow Settings
  4. Flow Non-Default Global Settings
  5. Flow Elapsed Time
  6. Flow OS Summary
  7. Flow Log



----------------
; Legal Notice ;
----------------
Copyright (C) 1991-2009 Altera Corporation
Your use of Altera Corporation's design tools, logic functions 
and other software and tools, and its AMPP partner logic 
functions, and any output files from any of the foregoing 
(including device programming or simulation files), and any 
associated documentation or information are expressly subject 
to the terms and conditions of the Altera Program License 
Subscription Agreement, Altera MegaCore Function License 
Agreement, or other applicable license agreement, including, 
without limitation, that your use is for the sole purpose of 
programming logic devices manufactured by Altera and sold by 
Altera or its authorized distributors.  Please refer to the 
applicable agreement for further details.



+--------------------------------------------------------------------------------------------------+
; Flow Summary                                                                                     ;
+------------------------------------+-------------------------------------------------------------+
; Flow Status                        ; Successful - Wed Jun 24 15:28:32 2015                       ;
; Quartus II Version                 ; 9.0 Build 235 06/17/2009 SP 2 SJ Web Edition                ;
; Revision Name                      ; handle_mm_to_mm_response_port_and_generate_udp_packets_ver2 ;
; Top-level Entity Name              ; handle_mm_to_mm_response_port_and_generate_udp_packets_ver2 ;
; Family                             ; Cyclone III                                                 ;
; Met timing requirements            ; N/A                                                         ;
; Total logic elements               ; 1,423                                                       ;
;     Total combinational functions  ; 876                                                         ;
;     Dedicated logic registers      ; 825                                                         ;
; Total registers                    ; 825                                                         ;
; Total pins                         ; 2,289                                                       ;
; Total virtual pins                 ; 0                                                           ;
; Total memory bits                  ; 0                                                           ;
; Embedded Multiplier 9-bit elements ; 0                                                           ;
; Total PLLs                         ; 0                                                           ;
+------------------------------------+-------------------------------------------------------------+


+---------------------------------------------------------------------------------+
; Flow Settings                                                                   ;
+-------------------+-------------------------------------------------------------+
; Option            ; Setting                                                     ;
+-------------------+-------------------------------------------------------------+
; Start date & time ; 06/24/2015 15:28:28                                         ;
; Main task         ; Compilation                                                 ;
; Revision Name     ; handle_mm_to_mm_response_port_and_generate_udp_packets_ver2 ;
+-------------------+-------------------------------------------------------------+


+-------------------------------------------------------------------------------------------------------------------------------------------------------+
; Flow Non-Default Global Settings                                                                                                                      ;
+------------------------------------+-------------------------------------------------------------------+---------------+-------------+----------------+
; Assignment Name                    ; Value                                                             ; Default Value ; Entity Name ; Section Id     ;
+------------------------------------+-------------------------------------------------------------------+---------------+-------------+----------------+
; COMPILER_SIGNATURE_ID              ; 163671701217887.143518490718912                                   ; --            ; --          ; --             ;
; PARTITION_COLOR                    ; 16764057                                                          ; --            ; --          ; Top            ;
; PARTITION_NETLIST_TYPE             ; SOURCE                                                            ; --            ; --          ; Top            ;
; SEARCH_PATH                        ; D:\deap\edevel00365_deap_14_1\tsbs\common_rtl_library\tsb\ip\rtl/ ; --            ; --          ; --             ;
; USE_GENERATED_PHYSICAL_CONSTRAINTS ; Off                                                               ; --            ; --          ; eda_blast_fpga ;
; VERILOG_INPUT_VERSION              ; SystemVerilog_2005                                                ; Verilog_2001  ; --          ; --             ;
; VERILOG_SHOW_LMF_MAPPING_MESSAGES  ; Off                                                               ; --            ; --          ; --             ;
+------------------------------------+-------------------------------------------------------------------+---------------+-------------+----------------+


+--------------------------------------------------------------------------------------------------------------------------+
; Flow Elapsed Time                                                                                                        ;
+----------------------+--------------+-------------------------+---------------------+------------------------------------+
; Module Name          ; Elapsed Time ; Average Processors Used ; Peak Virtual Memory ; Total CPU Time (on all processors) ;
+----------------------+--------------+-------------------------+---------------------+------------------------------------+
; Analysis & Synthesis ; 00:00:04     ; 1.0                     ; 228 MB              ; 00:00:04                           ;
; Total                ; 00:00:04     ; --                      ; --                  ; 00:00:04                           ;
+----------------------+--------------+-------------------------+---------------------+------------------------------------+


+---------------------------------------------------------------------------------------+
; Flow OS Summary                                                                       ;
+----------------------+------------------+---------------+------------+----------------+
; Module Name          ; Machine Hostname ; OS Name       ; OS Version ; Processor type ;
+----------------------+------------------+---------------+------------+----------------+
; Analysis & Synthesis ; edevel1pc        ; Windows Vista ; 6.1        ; x86_64         ;
+----------------------+------------------+---------------+------------+----------------+


------------
; Flow Log ;
------------
quartus_map --read_settings_files=on --write_settings_files=off handle_mm_to_mm_response_port_and_generate_udp_packets_ver2 -c handle_mm_to_mm_response_port_and_generate_udp_packets_ver2



