Simulator report for make_st_packet_from_triggered_data
Wed Feb 24 15:15:05 2016
Quartus II Version 9.0 Build 235 06/17/2009 Service Pack 2 SJ Web Edition


---------------------
; Table of Contents ;
---------------------
  1. Legal Notice
  2. Simulator Summary
  3. Simulator Settings
  4. Simulation Waveforms
  5. Coverage Summary
  6. Complete 1/0-Value Coverage
  7. Missing 1-Value Coverage
  8. Missing 0-Value Coverage
  9. Simulator INI Usage
 10. Simulator Messages



----------------
; Legal Notice ;
----------------
Copyright (C) 1991-2009 Altera Corporation
Your use of Altera Corporation's design tools, logic functions 
and other software and tools, and its AMPP partner logic 
functions, and any output files from any of the foregoing 
(including device programming or simulation files), and any 
associated documentation or information are expressly subject 
to the terms and conditions of the Altera Program License 
Subscription Agreement, Altera MegaCore Function License 
Agreement, or other applicable license agreement, including, 
without limitation, that your use is for the sole purpose of 
programming logic devices manufactured by Altera and sold by 
Altera or its authorized distributors.  Please refer to the 
applicable agreement for further details.



+--------------------------------------------+
; Simulator Summary                          ;
+-----------------------------+--------------+
; Type                        ; Value        ;
+-----------------------------+--------------+
; Simulation Start Time       ; 0 ps         ;
; Simulation End Time         ; 1.0 us       ;
; Simulation Netlist Size     ; 292 nodes    ;
; Simulation Coverage         ;      42.17 % ;
; Total Number of Transitions ; 27377        ;
; Simulation Breakpoints      ; 0            ;
; Family                      ; Cyclone III  ;
+-----------------------------+--------------+


+-------------------------------------------------------------------------------------------------------------------------+
; Simulator Settings                                                                                                      ;
+--------------------------------------------------------------------------------------------+------------+---------------+
; Option                                                                                     ; Setting    ; Default Value ;
+--------------------------------------------------------------------------------------------+------------+---------------+
; Simulation mode                                                                            ; Functional ; Timing        ;
; Start time                                                                                 ; 0 ns       ; 0 ns          ;
; Simulation results format                                                                  ; CVWF       ;               ;
; Add pins automatically to simulation output waveforms                                      ; On         ; On            ;
; Check outputs                                                                              ; Off        ; Off           ;
; Report simulation coverage                                                                 ; On         ; On            ;
; Display complete 1/0 value coverage report                                                 ; On         ; On            ;
; Display missing 1-value coverage report                                                    ; On         ; On            ;
; Display missing 0-value coverage report                                                    ; On         ; On            ;
; Detect setup and hold time violations                                                      ; Off        ; Off           ;
; Detect glitches                                                                            ; Off        ; Off           ;
; Disable timing delays in Timing Simulation                                                 ; Off        ; Off           ;
; Generate Signal Activity File                                                              ; Off        ; Off           ;
; Generate VCD File for PowerPlay Power Analyzer                                             ; Off        ; Off           ;
; Group bus channels in simulation results                                                   ; Off        ; Off           ;
; Preserve fewer signal transitions to reduce memory requirements                            ; On         ; On            ;
; Trigger vector comparison with the specified mode                                          ; INPUT_EDGE ; INPUT_EDGE    ;
; Disable setup and hold time violations detection in input registers of bi-directional pins ; Off        ; Off           ;
; Overwrite Waveform Inputs With Simulation Outputs                                          ; On         ;               ;
; Perform Glitch Filtering in Timing Simulation                                              ; Auto       ; Auto          ;
; Interconnect Delay Model Type                                                              ; Transport  ; Transport     ;
; Cell Delay Model Type                                                                      ; Transport  ; Transport     ;
+--------------------------------------------------------------------------------------------+------------+---------------+


+----------------------+
; Simulation Waveforms ;
+----------------------+
Waveform report data cannot be output to ASCII.
Please use Quartus II to view the waveform report data.


+--------------------------------------------------------------------+
; Coverage Summary                                                   ;
+-----------------------------------------------------+--------------+
; Type                                                ; Value        ;
+-----------------------------------------------------+--------------+
; Total coverage as a percentage                      ;      42.17 % ;
; Total nodes checked                                 ; 292          ;
; Total output ports checked                          ; 332          ;
; Total output ports with complete 1/0-value coverage ; 140          ;
; Total output ports with no 1/0-value coverage       ; 192          ;
; Total output ports with no 1-value coverage         ; 192          ;
; Total output ports with no 0-value coverage         ; 192          ;
+-----------------------------------------------------+--------------+


The following table displays output ports that toggle between 1 and 0 during simulation.
+----------------------------------------------------------------------------------------------------------------------------------------------------------------------+
; Complete 1/0-Value Coverage                                                                                                                                          ;
+------------------------------------------------------------------------+--------------------------------------------------------------------------+------------------+
; Node Name                                                              ; Output Port Name                                                         ; Output Port Type ;
+------------------------------------------------------------------------+--------------------------------------------------------------------------+------------------+
; |make_st_packet_from_triggered_data|clk~0                              ; |make_st_packet_from_triggered_data|clk~0                                ; out0             ;
; |make_st_packet_from_triggered_data|packet_word_counter~12             ; |make_st_packet_from_triggered_data|packet_word_counter~12               ; out              ;
; |make_st_packet_from_triggered_data|packet_word_counter~13             ; |make_st_packet_from_triggered_data|packet_word_counter~13               ; out              ;
; |make_st_packet_from_triggered_data|packet_word_counter~14             ; |make_st_packet_from_triggered_data|packet_word_counter~14               ; out              ;
; |make_st_packet_from_triggered_data|packet_word_counter~15             ; |make_st_packet_from_triggered_data|packet_word_counter~15               ; out              ;
; |make_st_packet_from_triggered_data|avalon_st_source_out.eop~reg0      ; |make_st_packet_from_triggered_data|avalon_st_source_out.eop~reg0        ; regout           ;
; |make_st_packet_from_triggered_data|packet_word_counter~28             ; |make_st_packet_from_triggered_data|packet_word_counter~28               ; out              ;
; |make_st_packet_from_triggered_data|packet_word_counter~29             ; |make_st_packet_from_triggered_data|packet_word_counter~29               ; out              ;
; |make_st_packet_from_triggered_data|packet_word_counter~30             ; |make_st_packet_from_triggered_data|packet_word_counter~30               ; out              ;
; |make_st_packet_from_triggered_data|packet_word_counter~31             ; |make_st_packet_from_triggered_data|packet_word_counter~31               ; out              ;
; |make_st_packet_from_triggered_data|packet_word_counter~44             ; |make_st_packet_from_triggered_data|packet_word_counter~44               ; out              ;
; |make_st_packet_from_triggered_data|packet_word_counter~45             ; |make_st_packet_from_triggered_data|packet_word_counter~45               ; out              ;
; |make_st_packet_from_triggered_data|packet_word_counter~46             ; |make_st_packet_from_triggered_data|packet_word_counter~46               ; out              ;
; |make_st_packet_from_triggered_data|packet_word_counter~47             ; |make_st_packet_from_triggered_data|packet_word_counter~47               ; out              ;
; |make_st_packet_from_triggered_data|eop~0                              ; |make_st_packet_from_triggered_data|eop~0                                ; out              ;
; |make_st_packet_from_triggered_data|currently_processing_packet~0      ; |make_st_packet_from_triggered_data|currently_processing_packet~0        ; out              ;
; |make_st_packet_from_triggered_data|packet_word_counter~60             ; |make_st_packet_from_triggered_data|packet_word_counter~60               ; out              ;
; |make_st_packet_from_triggered_data|packet_word_counter~61             ; |make_st_packet_from_triggered_data|packet_word_counter~61               ; out              ;
; |make_st_packet_from_triggered_data|packet_word_counter~62             ; |make_st_packet_from_triggered_data|packet_word_counter~62               ; out              ;
; |make_st_packet_from_triggered_data|packet_word_counter~63             ; |make_st_packet_from_triggered_data|packet_word_counter~63               ; out              ;
; |make_st_packet_from_triggered_data|sop~1                              ; |make_st_packet_from_triggered_data|sop~1                                ; out              ;
; |make_st_packet_from_triggered_data|eop~1                              ; |make_st_packet_from_triggered_data|eop~1                                ; out              ;
; |make_st_packet_from_triggered_data|packet_word_counter~76             ; |make_st_packet_from_triggered_data|packet_word_counter~76               ; out              ;
; |make_st_packet_from_triggered_data|packet_word_counter~77             ; |make_st_packet_from_triggered_data|packet_word_counter~77               ; out              ;
; |make_st_packet_from_triggered_data|packet_word_counter~78             ; |make_st_packet_from_triggered_data|packet_word_counter~78               ; out              ;
; |make_st_packet_from_triggered_data|packet_word_counter~79             ; |make_st_packet_from_triggered_data|packet_word_counter~79               ; out              ;
; |make_st_packet_from_triggered_data|currently_processing_packet~1      ; |make_st_packet_from_triggered_data|currently_processing_packet~1        ; out              ;
; |make_st_packet_from_triggered_data|sop~2                              ; |make_st_packet_from_triggered_data|sop~2                                ; out              ;
; |make_st_packet_from_triggered_data|eop~2                              ; |make_st_packet_from_triggered_data|eop~2                                ; out              ;
; |make_st_packet_from_triggered_data|avalon_st_source_out.data[0]~reg0  ; |make_st_packet_from_triggered_data|avalon_st_source_out.data[0]~reg0    ; regout           ;
; |make_st_packet_from_triggered_data|valid~0                            ; |make_st_packet_from_triggered_data|valid~0                              ; out0             ;
; |make_st_packet_from_triggered_data|avalon_st_source_out.sop~reg0      ; |make_st_packet_from_triggered_data|avalon_st_source_out.sop~reg0        ; regout           ;
; |make_st_packet_from_triggered_data|currently_processing_packet~reg0   ; |make_st_packet_from_triggered_data|currently_processing_packet~reg0     ; regout           ;
; |make_st_packet_from_triggered_data|packet_word_counter[0]~reg0        ; |make_st_packet_from_triggered_data|packet_word_counter[0]~reg0          ; regout           ;
; |make_st_packet_from_triggered_data|packet_word_counter[1]~reg0        ; |make_st_packet_from_triggered_data|packet_word_counter[1]~reg0          ; regout           ;
; |make_st_packet_from_triggered_data|packet_word_counter[2]~reg0        ; |make_st_packet_from_triggered_data|packet_word_counter[2]~reg0          ; regout           ;
; |make_st_packet_from_triggered_data|comb~0                             ; |make_st_packet_from_triggered_data|comb~0                               ; out0             ;
; |make_st_packet_from_triggered_data|comb~1                             ; |make_st_packet_from_triggered_data|comb~1                               ; out0             ;
; |make_st_packet_from_triggered_data|comb~2                             ; |make_st_packet_from_triggered_data|comb~2                               ; out0             ;
; |make_st_packet_from_triggered_data|comb~3                             ; |make_st_packet_from_triggered_data|comb~3                               ; out0             ;
; |make_st_packet_from_triggered_data|comb~4                             ; |make_st_packet_from_triggered_data|comb~4                               ; out0             ;
; |make_st_packet_from_triggered_data|comb~5                             ; |make_st_packet_from_triggered_data|comb~5                               ; out0             ;
; |make_st_packet_from_triggered_data|comb~6                             ; |make_st_packet_from_triggered_data|comb~6                               ; out0             ;
; |make_st_packet_from_triggered_data|comb~7                             ; |make_st_packet_from_triggered_data|comb~7                               ; out0             ;
; |make_st_packet_from_triggered_data|comb~8                             ; |make_st_packet_from_triggered_data|comb~8                               ; out0             ;
; |make_st_packet_from_triggered_data|comb~9                             ; |make_st_packet_from_triggered_data|comb~9                               ; out0             ;
; |make_st_packet_from_triggered_data|comb~10                            ; |make_st_packet_from_triggered_data|comb~10                              ; out0             ;
; |make_st_packet_from_triggered_data|comb~11                            ; |make_st_packet_from_triggered_data|comb~11                              ; out0             ;
; |make_st_packet_from_triggered_data|comb~12                            ; |make_st_packet_from_triggered_data|comb~12                              ; out0             ;
; |make_st_packet_from_triggered_data|comb~13                            ; |make_st_packet_from_triggered_data|comb~13                              ; out0             ;
; |make_st_packet_from_triggered_data|comb~14                            ; |make_st_packet_from_triggered_data|comb~14                              ; out0             ;
; |make_st_packet_from_triggered_data|comb~15                            ; |make_st_packet_from_triggered_data|comb~15                              ; out0             ;
; |make_st_packet_from_triggered_data|comb~16                            ; |make_st_packet_from_triggered_data|comb~16                              ; out0             ;
; |make_st_packet_from_triggered_data|comb~17                            ; |make_st_packet_from_triggered_data|comb~17                              ; out0             ;
; |make_st_packet_from_triggered_data|comb~18                            ; |make_st_packet_from_triggered_data|comb~18                              ; out0             ;
; |make_st_packet_from_triggered_data|comb~19                            ; |make_st_packet_from_triggered_data|comb~19                              ; out0             ;
; |make_st_packet_from_triggered_data|avalon_st_source_out.data[1]~reg0  ; |make_st_packet_from_triggered_data|avalon_st_source_out.data[1]~reg0    ; regout           ;
; |make_st_packet_from_triggered_data|avalon_st_source_out.data[2]~reg0  ; |make_st_packet_from_triggered_data|avalon_st_source_out.data[2]~reg0    ; regout           ;
; |make_st_packet_from_triggered_data|avalon_st_source_out.data[3]~reg0  ; |make_st_packet_from_triggered_data|avalon_st_source_out.data[3]~reg0    ; regout           ;
; |make_st_packet_from_triggered_data|avalon_st_source_out.data[4]~reg0  ; |make_st_packet_from_triggered_data|avalon_st_source_out.data[4]~reg0    ; regout           ;
; |make_st_packet_from_triggered_data|avalon_st_source_out.data[5]~reg0  ; |make_st_packet_from_triggered_data|avalon_st_source_out.data[5]~reg0    ; regout           ;
; |make_st_packet_from_triggered_data|avalon_st_source_out.data[6]~reg0  ; |make_st_packet_from_triggered_data|avalon_st_source_out.data[6]~reg0    ; regout           ;
; |make_st_packet_from_triggered_data|avalon_st_source_out.data[7]~reg0  ; |make_st_packet_from_triggered_data|avalon_st_source_out.data[7]~reg0    ; regout           ;
; |make_st_packet_from_triggered_data|avalon_st_source_out.data[8]~reg0  ; |make_st_packet_from_triggered_data|avalon_st_source_out.data[8]~reg0    ; regout           ;
; |make_st_packet_from_triggered_data|avalon_st_source_out.data[9]~reg0  ; |make_st_packet_from_triggered_data|avalon_st_source_out.data[9]~reg0    ; regout           ;
; |make_st_packet_from_triggered_data|avalon_st_source_out.data[10]~reg0 ; |make_st_packet_from_triggered_data|avalon_st_source_out.data[10]~reg0   ; regout           ;
; |make_st_packet_from_triggered_data|avalon_st_source_out.data[11]~reg0 ; |make_st_packet_from_triggered_data|avalon_st_source_out.data[11]~reg0   ; regout           ;
; |make_st_packet_from_triggered_data|avalon_st_source_out.data[12]~reg0 ; |make_st_packet_from_triggered_data|avalon_st_source_out.data[12]~reg0   ; regout           ;
; |make_st_packet_from_triggered_data|avalon_st_source_out.data[13]~reg0 ; |make_st_packet_from_triggered_data|avalon_st_source_out.data[13]~reg0   ; regout           ;
; |make_st_packet_from_triggered_data|avalon_st_source_out.data[14]~reg0 ; |make_st_packet_from_triggered_data|avalon_st_source_out.data[14]~reg0   ; regout           ;
; |make_st_packet_from_triggered_data|avalon_st_source_out.data[15]~reg0 ; |make_st_packet_from_triggered_data|avalon_st_source_out.data[15]~reg0   ; regout           ;
; |make_st_packet_from_triggered_data|clk                                ; |make_st_packet_from_triggered_data|clk                                  ; out              ;
; |make_st_packet_from_triggered_data|trigger                            ; |make_st_packet_from_triggered_data|trigger                              ; out              ;
; |make_st_packet_from_triggered_data|indata[0]                          ; |make_st_packet_from_triggered_data|indata[0]                            ; out              ;
; |make_st_packet_from_triggered_data|indata[1]                          ; |make_st_packet_from_triggered_data|indata[1]                            ; out              ;
; |make_st_packet_from_triggered_data|indata[2]                          ; |make_st_packet_from_triggered_data|indata[2]                            ; out              ;
; |make_st_packet_from_triggered_data|indata[3]                          ; |make_st_packet_from_triggered_data|indata[3]                            ; out              ;
; |make_st_packet_from_triggered_data|indata[4]                          ; |make_st_packet_from_triggered_data|indata[4]                            ; out              ;
; |make_st_packet_from_triggered_data|indata[5]                          ; |make_st_packet_from_triggered_data|indata[5]                            ; out              ;
; |make_st_packet_from_triggered_data|indata[6]                          ; |make_st_packet_from_triggered_data|indata[6]                            ; out              ;
; |make_st_packet_from_triggered_data|indata[7]                          ; |make_st_packet_from_triggered_data|indata[7]                            ; out              ;
; |make_st_packet_from_triggered_data|indata[8]                          ; |make_st_packet_from_triggered_data|indata[8]                            ; out              ;
; |make_st_packet_from_triggered_data|indata[9]                          ; |make_st_packet_from_triggered_data|indata[9]                            ; out              ;
; |make_st_packet_from_triggered_data|indata[10]                         ; |make_st_packet_from_triggered_data|indata[10]                           ; out              ;
; |make_st_packet_from_triggered_data|indata[11]                         ; |make_st_packet_from_triggered_data|indata[11]                           ; out              ;
; |make_st_packet_from_triggered_data|indata[12]                         ; |make_st_packet_from_triggered_data|indata[12]                           ; out              ;
; |make_st_packet_from_triggered_data|indata[13]                         ; |make_st_packet_from_triggered_data|indata[13]                           ; out              ;
; |make_st_packet_from_triggered_data|indata[14]                         ; |make_st_packet_from_triggered_data|indata[14]                           ; out              ;
; |make_st_packet_from_triggered_data|indata[15]                         ; |make_st_packet_from_triggered_data|indata[15]                           ; out              ;
; |make_st_packet_from_triggered_data|avalon_st_source_out.sop           ; |make_st_packet_from_triggered_data|avalon_st_source_out.sop~result      ; pin_out          ;
; |make_st_packet_from_triggered_data|avalon_st_source_out.eop           ; |make_st_packet_from_triggered_data|avalon_st_source_out.eop~result      ; pin_out          ;
; |make_st_packet_from_triggered_data|avalon_st_source_out.clk           ; |make_st_packet_from_triggered_data|avalon_st_source_out.clk~result      ; pin_out          ;
; |make_st_packet_from_triggered_data|avalon_st_source_out.data[0]       ; |make_st_packet_from_triggered_data|avalon_st_source_out.data[0]~result  ; pin_out          ;
; |make_st_packet_from_triggered_data|avalon_st_source_out.data[1]       ; |make_st_packet_from_triggered_data|avalon_st_source_out.data[1]~result  ; pin_out          ;
; |make_st_packet_from_triggered_data|avalon_st_source_out.data[2]       ; |make_st_packet_from_triggered_data|avalon_st_source_out.data[2]~result  ; pin_out          ;
; |make_st_packet_from_triggered_data|avalon_st_source_out.data[3]       ; |make_st_packet_from_triggered_data|avalon_st_source_out.data[3]~result  ; pin_out          ;
; |make_st_packet_from_triggered_data|avalon_st_source_out.data[4]       ; |make_st_packet_from_triggered_data|avalon_st_source_out.data[4]~result  ; pin_out          ;
; |make_st_packet_from_triggered_data|avalon_st_source_out.data[5]       ; |make_st_packet_from_triggered_data|avalon_st_source_out.data[5]~result  ; pin_out          ;
; |make_st_packet_from_triggered_data|avalon_st_source_out.data[6]       ; |make_st_packet_from_triggered_data|avalon_st_source_out.data[6]~result  ; pin_out          ;
; |make_st_packet_from_triggered_data|avalon_st_source_out.data[7]       ; |make_st_packet_from_triggered_data|avalon_st_source_out.data[7]~result  ; pin_out          ;
; |make_st_packet_from_triggered_data|avalon_st_source_out.data[8]       ; |make_st_packet_from_triggered_data|avalon_st_source_out.data[8]~result  ; pin_out          ;
; |make_st_packet_from_triggered_data|avalon_st_source_out.data[9]       ; |make_st_packet_from_triggered_data|avalon_st_source_out.data[9]~result  ; pin_out          ;
; |make_st_packet_from_triggered_data|avalon_st_source_out.data[10]      ; |make_st_packet_from_triggered_data|avalon_st_source_out.data[10]~result ; pin_out          ;
; |make_st_packet_from_triggered_data|avalon_st_source_out.data[11]      ; |make_st_packet_from_triggered_data|avalon_st_source_out.data[11]~result ; pin_out          ;
; |make_st_packet_from_triggered_data|avalon_st_source_out.data[12]      ; |make_st_packet_from_triggered_data|avalon_st_source_out.data[12]~result ; pin_out          ;
; |make_st_packet_from_triggered_data|avalon_st_source_out.data[13]      ; |make_st_packet_from_triggered_data|avalon_st_source_out.data[13]~result ; pin_out          ;
; |make_st_packet_from_triggered_data|avalon_st_source_out.data[14]      ; |make_st_packet_from_triggered_data|avalon_st_source_out.data[14]~result ; pin_out          ;
; |make_st_packet_from_triggered_data|avalon_st_source_out.data[15]      ; |make_st_packet_from_triggered_data|avalon_st_source_out.data[15]~result ; pin_out          ;
; |make_st_packet_from_triggered_data|avalon_st_source_out.valid         ; |make_st_packet_from_triggered_data|avalon_st_source_out.valid~result    ; pin_out          ;
; |make_st_packet_from_triggered_data|packet_word_counter[0]             ; |make_st_packet_from_triggered_data|packet_word_counter[0]               ; pin_out          ;
; |make_st_packet_from_triggered_data|packet_word_counter[1]             ; |make_st_packet_from_triggered_data|packet_word_counter[1]               ; pin_out          ;
; |make_st_packet_from_triggered_data|packet_word_counter[2]             ; |make_st_packet_from_triggered_data|packet_word_counter[2]               ; pin_out          ;
; |make_st_packet_from_triggered_data|currently_processing_packet        ; |make_st_packet_from_triggered_data|currently_processing_packet          ; pin_out          ;
; |make_st_packet_from_triggered_data|avalon_st_source_out.valid~0       ; |make_st_packet_from_triggered_data|avalon_st_source_out.valid~0         ; out0             ;
; |make_st_packet_from_triggered_data|avalon_st_source_out.data[15]~16   ; |make_st_packet_from_triggered_data|avalon_st_source_out.data[15]~16     ; out0             ;
; |make_st_packet_from_triggered_data|avalon_st_source_out.data[14]~17   ; |make_st_packet_from_triggered_data|avalon_st_source_out.data[14]~17     ; out0             ;
; |make_st_packet_from_triggered_data|avalon_st_source_out.data[13]~18   ; |make_st_packet_from_triggered_data|avalon_st_source_out.data[13]~18     ; out0             ;
; |make_st_packet_from_triggered_data|avalon_st_source_out.data[12]~19   ; |make_st_packet_from_triggered_data|avalon_st_source_out.data[12]~19     ; out0             ;
; |make_st_packet_from_triggered_data|avalon_st_source_out.data[11]~20   ; |make_st_packet_from_triggered_data|avalon_st_source_out.data[11]~20     ; out0             ;
; |make_st_packet_from_triggered_data|avalon_st_source_out.data[10]~21   ; |make_st_packet_from_triggered_data|avalon_st_source_out.data[10]~21     ; out0             ;
; |make_st_packet_from_triggered_data|avalon_st_source_out.data[9]~22    ; |make_st_packet_from_triggered_data|avalon_st_source_out.data[9]~22      ; out0             ;
; |make_st_packet_from_triggered_data|avalon_st_source_out.data[8]~23    ; |make_st_packet_from_triggered_data|avalon_st_source_out.data[8]~23      ; out0             ;
; |make_st_packet_from_triggered_data|avalon_st_source_out.data[7]~24    ; |make_st_packet_from_triggered_data|avalon_st_source_out.data[7]~24      ; out0             ;
; |make_st_packet_from_triggered_data|avalon_st_source_out.data[6]~25    ; |make_st_packet_from_triggered_data|avalon_st_source_out.data[6]~25      ; out0             ;
; |make_st_packet_from_triggered_data|avalon_st_source_out.data[5]~26    ; |make_st_packet_from_triggered_data|avalon_st_source_out.data[5]~26      ; out0             ;
; |make_st_packet_from_triggered_data|avalon_st_source_out.data[4]~27    ; |make_st_packet_from_triggered_data|avalon_st_source_out.data[4]~27      ; out0             ;
; |make_st_packet_from_triggered_data|avalon_st_source_out.data[3]~28    ; |make_st_packet_from_triggered_data|avalon_st_source_out.data[3]~28      ; out0             ;
; |make_st_packet_from_triggered_data|avalon_st_source_out.data[2]~29    ; |make_st_packet_from_triggered_data|avalon_st_source_out.data[2]~29      ; out0             ;
; |make_st_packet_from_triggered_data|avalon_st_source_out.data[1]~30    ; |make_st_packet_from_triggered_data|avalon_st_source_out.data[1]~30      ; out0             ;
; |make_st_packet_from_triggered_data|avalon_st_source_out.data[0]~31    ; |make_st_packet_from_triggered_data|avalon_st_source_out.data[0]~31      ; out0             ;
; |make_st_packet_from_triggered_data|avalon_st_source_out.clk~0         ; |make_st_packet_from_triggered_data|avalon_st_source_out.clk~0           ; out0             ;
; |make_st_packet_from_triggered_data|avalon_st_source_out.eop~0         ; |make_st_packet_from_triggered_data|avalon_st_source_out.eop~0           ; out0             ;
; |make_st_packet_from_triggered_data|avalon_st_source_out.sop~0         ; |make_st_packet_from_triggered_data|avalon_st_source_out.sop~0           ; out0             ;
; |make_st_packet_from_triggered_data|Add0~0                             ; |make_st_packet_from_triggered_data|Add0~0                               ; out0             ;
; |make_st_packet_from_triggered_data|Add0~1                             ; |make_st_packet_from_triggered_data|Add0~1                               ; out0             ;
; |make_st_packet_from_triggered_data|Add0~2                             ; |make_st_packet_from_triggered_data|Add0~2                               ; out0             ;
; |make_st_packet_from_triggered_data|Add0~3                             ; |make_st_packet_from_triggered_data|Add0~3                               ; out0             ;
; |make_st_packet_from_triggered_data|Add0~4                             ; |make_st_packet_from_triggered_data|Add0~4                               ; out0             ;
; |make_st_packet_from_triggered_data|Equal0~0                           ; |make_st_packet_from_triggered_data|Equal0~0                             ; out0             ;
; |make_st_packet_from_triggered_data|Equal1~0                           ; |make_st_packet_from_triggered_data|Equal1~0                             ; out0             ;
+------------------------------------------------------------------------+--------------------------------------------------------------------------+------------------+


The following table displays output ports that do not toggle to 1 during simulation.
+--------------------------------------------------------------------------------------------------------------------------------------------------------------------+
; Missing 1-Value Coverage                                                                                                                                           ;
+----------------------------------------------------------------------+--------------------------------------------------------------------------+------------------+
; Node Name                                                            ; Output Port Name                                                         ; Output Port Type ;
+----------------------------------------------------------------------+--------------------------------------------------------------------------+------------------+
; |make_st_packet_from_triggered_data|packet_word_counter~0            ; |make_st_packet_from_triggered_data|packet_word_counter~0                ; out              ;
; |make_st_packet_from_triggered_data|packet_word_counter~1            ; |make_st_packet_from_triggered_data|packet_word_counter~1                ; out              ;
; |make_st_packet_from_triggered_data|packet_word_counter~2            ; |make_st_packet_from_triggered_data|packet_word_counter~2                ; out              ;
; |make_st_packet_from_triggered_data|packet_word_counter~3            ; |make_st_packet_from_triggered_data|packet_word_counter~3                ; out              ;
; |make_st_packet_from_triggered_data|packet_word_counter~4            ; |make_st_packet_from_triggered_data|packet_word_counter~4                ; out              ;
; |make_st_packet_from_triggered_data|packet_word_counter~5            ; |make_st_packet_from_triggered_data|packet_word_counter~5                ; out              ;
; |make_st_packet_from_triggered_data|packet_word_counter~6            ; |make_st_packet_from_triggered_data|packet_word_counter~6                ; out              ;
; |make_st_packet_from_triggered_data|packet_word_counter~7            ; |make_st_packet_from_triggered_data|packet_word_counter~7                ; out              ;
; |make_st_packet_from_triggered_data|packet_word_counter~8            ; |make_st_packet_from_triggered_data|packet_word_counter~8                ; out              ;
; |make_st_packet_from_triggered_data|packet_word_counter~9            ; |make_st_packet_from_triggered_data|packet_word_counter~9                ; out              ;
; |make_st_packet_from_triggered_data|packet_word_counter~10           ; |make_st_packet_from_triggered_data|packet_word_counter~10               ; out              ;
; |make_st_packet_from_triggered_data|packet_word_counter~11           ; |make_st_packet_from_triggered_data|packet_word_counter~11               ; out              ;
; |make_st_packet_from_triggered_data|packet_word_counter~16           ; |make_st_packet_from_triggered_data|packet_word_counter~16               ; out              ;
; |make_st_packet_from_triggered_data|packet_word_counter~17           ; |make_st_packet_from_triggered_data|packet_word_counter~17               ; out              ;
; |make_st_packet_from_triggered_data|packet_word_counter~18           ; |make_st_packet_from_triggered_data|packet_word_counter~18               ; out              ;
; |make_st_packet_from_triggered_data|packet_word_counter~19           ; |make_st_packet_from_triggered_data|packet_word_counter~19               ; out              ;
; |make_st_packet_from_triggered_data|packet_word_counter~20           ; |make_st_packet_from_triggered_data|packet_word_counter~20               ; out              ;
; |make_st_packet_from_triggered_data|packet_word_counter~21           ; |make_st_packet_from_triggered_data|packet_word_counter~21               ; out              ;
; |make_st_packet_from_triggered_data|packet_word_counter~22           ; |make_st_packet_from_triggered_data|packet_word_counter~22               ; out              ;
; |make_st_packet_from_triggered_data|packet_word_counter~23           ; |make_st_packet_from_triggered_data|packet_word_counter~23               ; out              ;
; |make_st_packet_from_triggered_data|packet_word_counter~24           ; |make_st_packet_from_triggered_data|packet_word_counter~24               ; out              ;
; |make_st_packet_from_triggered_data|packet_word_counter~25           ; |make_st_packet_from_triggered_data|packet_word_counter~25               ; out              ;
; |make_st_packet_from_triggered_data|packet_word_counter~26           ; |make_st_packet_from_triggered_data|packet_word_counter~26               ; out              ;
; |make_st_packet_from_triggered_data|packet_word_counter~27           ; |make_st_packet_from_triggered_data|packet_word_counter~27               ; out              ;
; |make_st_packet_from_triggered_data|packet_word_counter~32           ; |make_st_packet_from_triggered_data|packet_word_counter~32               ; out              ;
; |make_st_packet_from_triggered_data|packet_word_counter~33           ; |make_st_packet_from_triggered_data|packet_word_counter~33               ; out              ;
; |make_st_packet_from_triggered_data|packet_word_counter~34           ; |make_st_packet_from_triggered_data|packet_word_counter~34               ; out              ;
; |make_st_packet_from_triggered_data|packet_word_counter~35           ; |make_st_packet_from_triggered_data|packet_word_counter~35               ; out              ;
; |make_st_packet_from_triggered_data|packet_word_counter~36           ; |make_st_packet_from_triggered_data|packet_word_counter~36               ; out              ;
; |make_st_packet_from_triggered_data|packet_word_counter~37           ; |make_st_packet_from_triggered_data|packet_word_counter~37               ; out              ;
; |make_st_packet_from_triggered_data|packet_word_counter~38           ; |make_st_packet_from_triggered_data|packet_word_counter~38               ; out              ;
; |make_st_packet_from_triggered_data|packet_word_counter~39           ; |make_st_packet_from_triggered_data|packet_word_counter~39               ; out              ;
; |make_st_packet_from_triggered_data|packet_word_counter~40           ; |make_st_packet_from_triggered_data|packet_word_counter~40               ; out              ;
; |make_st_packet_from_triggered_data|packet_word_counter~41           ; |make_st_packet_from_triggered_data|packet_word_counter~41               ; out              ;
; |make_st_packet_from_triggered_data|packet_word_counter~42           ; |make_st_packet_from_triggered_data|packet_word_counter~42               ; out              ;
; |make_st_packet_from_triggered_data|packet_word_counter~43           ; |make_st_packet_from_triggered_data|packet_word_counter~43               ; out              ;
; |make_st_packet_from_triggered_data|sop~0                            ; |make_st_packet_from_triggered_data|sop~0                                ; out              ;
; |make_st_packet_from_triggered_data|packet_word_counter~48           ; |make_st_packet_from_triggered_data|packet_word_counter~48               ; out              ;
; |make_st_packet_from_triggered_data|packet_word_counter~49           ; |make_st_packet_from_triggered_data|packet_word_counter~49               ; out              ;
; |make_st_packet_from_triggered_data|packet_word_counter~50           ; |make_st_packet_from_triggered_data|packet_word_counter~50               ; out              ;
; |make_st_packet_from_triggered_data|packet_word_counter~51           ; |make_st_packet_from_triggered_data|packet_word_counter~51               ; out              ;
; |make_st_packet_from_triggered_data|packet_word_counter~52           ; |make_st_packet_from_triggered_data|packet_word_counter~52               ; out              ;
; |make_st_packet_from_triggered_data|packet_word_counter~53           ; |make_st_packet_from_triggered_data|packet_word_counter~53               ; out              ;
; |make_st_packet_from_triggered_data|packet_word_counter~54           ; |make_st_packet_from_triggered_data|packet_word_counter~54               ; out              ;
; |make_st_packet_from_triggered_data|packet_word_counter~55           ; |make_st_packet_from_triggered_data|packet_word_counter~55               ; out              ;
; |make_st_packet_from_triggered_data|packet_word_counter~56           ; |make_st_packet_from_triggered_data|packet_word_counter~56               ; out              ;
; |make_st_packet_from_triggered_data|packet_word_counter~57           ; |make_st_packet_from_triggered_data|packet_word_counter~57               ; out              ;
; |make_st_packet_from_triggered_data|packet_word_counter~58           ; |make_st_packet_from_triggered_data|packet_word_counter~58               ; out              ;
; |make_st_packet_from_triggered_data|packet_word_counter~59           ; |make_st_packet_from_triggered_data|packet_word_counter~59               ; out              ;
; |make_st_packet_from_triggered_data|packet_word_counter~64           ; |make_st_packet_from_triggered_data|packet_word_counter~64               ; out              ;
; |make_st_packet_from_triggered_data|packet_word_counter~65           ; |make_st_packet_from_triggered_data|packet_word_counter~65               ; out              ;
; |make_st_packet_from_triggered_data|packet_word_counter~66           ; |make_st_packet_from_triggered_data|packet_word_counter~66               ; out              ;
; |make_st_packet_from_triggered_data|packet_word_counter~67           ; |make_st_packet_from_triggered_data|packet_word_counter~67               ; out              ;
; |make_st_packet_from_triggered_data|packet_word_counter~68           ; |make_st_packet_from_triggered_data|packet_word_counter~68               ; out              ;
; |make_st_packet_from_triggered_data|packet_word_counter~69           ; |make_st_packet_from_triggered_data|packet_word_counter~69               ; out              ;
; |make_st_packet_from_triggered_data|packet_word_counter~70           ; |make_st_packet_from_triggered_data|packet_word_counter~70               ; out              ;
; |make_st_packet_from_triggered_data|packet_word_counter~71           ; |make_st_packet_from_triggered_data|packet_word_counter~71               ; out              ;
; |make_st_packet_from_triggered_data|packet_word_counter~72           ; |make_st_packet_from_triggered_data|packet_word_counter~72               ; out              ;
; |make_st_packet_from_triggered_data|packet_word_counter~73           ; |make_st_packet_from_triggered_data|packet_word_counter~73               ; out              ;
; |make_st_packet_from_triggered_data|packet_word_counter~74           ; |make_st_packet_from_triggered_data|packet_word_counter~74               ; out              ;
; |make_st_packet_from_triggered_data|packet_word_counter~75           ; |make_st_packet_from_triggered_data|packet_word_counter~75               ; out              ;
; |make_st_packet_from_triggered_data|packet_word_counter[3]~reg0      ; |make_st_packet_from_triggered_data|packet_word_counter[3]~reg0          ; regout           ;
; |make_st_packet_from_triggered_data|packet_word_counter[4]~reg0      ; |make_st_packet_from_triggered_data|packet_word_counter[4]~reg0          ; regout           ;
; |make_st_packet_from_triggered_data|packet_word_counter[5]~reg0      ; |make_st_packet_from_triggered_data|packet_word_counter[5]~reg0          ; regout           ;
; |make_st_packet_from_triggered_data|packet_word_counter[6]~reg0      ; |make_st_packet_from_triggered_data|packet_word_counter[6]~reg0          ; regout           ;
; |make_st_packet_from_triggered_data|packet_word_counter[7]~reg0      ; |make_st_packet_from_triggered_data|packet_word_counter[7]~reg0          ; regout           ;
; |make_st_packet_from_triggered_data|packet_word_counter[8]~reg0      ; |make_st_packet_from_triggered_data|packet_word_counter[8]~reg0          ; regout           ;
; |make_st_packet_from_triggered_data|packet_word_counter[9]~reg0      ; |make_st_packet_from_triggered_data|packet_word_counter[9]~reg0          ; regout           ;
; |make_st_packet_from_triggered_data|packet_word_counter[10]~reg0     ; |make_st_packet_from_triggered_data|packet_word_counter[10]~reg0         ; regout           ;
; |make_st_packet_from_triggered_data|packet_word_counter[11]~reg0     ; |make_st_packet_from_triggered_data|packet_word_counter[11]~reg0         ; regout           ;
; |make_st_packet_from_triggered_data|packet_word_counter[12]~reg0     ; |make_st_packet_from_triggered_data|packet_word_counter[12]~reg0         ; regout           ;
; |make_st_packet_from_triggered_data|packet_word_counter[13]~reg0     ; |make_st_packet_from_triggered_data|packet_word_counter[13]~reg0         ; regout           ;
; |make_st_packet_from_triggered_data|packet_word_counter[14]~reg0     ; |make_st_packet_from_triggered_data|packet_word_counter[14]~reg0         ; regout           ;
; |make_st_packet_from_triggered_data|packet_word_counter[15]~reg0     ; |make_st_packet_from_triggered_data|packet_word_counter[15]~reg0         ; regout           ;
; |make_st_packet_from_triggered_data|reset                            ; |make_st_packet_from_triggered_data|reset                                ; out              ;
; |make_st_packet_from_triggered_data|avalon_st_source_out.error       ; |make_st_packet_from_triggered_data|avalon_st_source_out.error           ; out              ;
; |make_st_packet_from_triggered_data|avalon_st_source_out.error       ; |make_st_packet_from_triggered_data|avalon_st_source_out.error~result    ; pin_out          ;
; |make_st_packet_from_triggered_data|avalon_st_source_out.sop         ; |make_st_packet_from_triggered_data|avalon_st_source_out.sop             ; out              ;
; |make_st_packet_from_triggered_data|avalon_st_source_out.eop         ; |make_st_packet_from_triggered_data|avalon_st_source_out.eop             ; out              ;
; |make_st_packet_from_triggered_data|avalon_st_source_out.empty[0]    ; |make_st_packet_from_triggered_data|avalon_st_source_out.empty[0]        ; out              ;
; |make_st_packet_from_triggered_data|avalon_st_source_out.empty[0]    ; |make_st_packet_from_triggered_data|avalon_st_source_out.empty[0]~result ; pin_out          ;
; |make_st_packet_from_triggered_data|avalon_st_source_out.empty[1]    ; |make_st_packet_from_triggered_data|avalon_st_source_out.empty[1]        ; out              ;
; |make_st_packet_from_triggered_data|avalon_st_source_out.empty[1]    ; |make_st_packet_from_triggered_data|avalon_st_source_out.empty[1]~result ; pin_out          ;
; |make_st_packet_from_triggered_data|avalon_st_source_out.ready       ; |make_st_packet_from_triggered_data|avalon_st_source_out.ready           ; out              ;
; |make_st_packet_from_triggered_data|avalon_st_source_out.ready       ; |make_st_packet_from_triggered_data|avalon_st_source_out.ready~result    ; pin_out          ;
; |make_st_packet_from_triggered_data|avalon_st_source_out.clk         ; |make_st_packet_from_triggered_data|avalon_st_source_out.clk             ; out              ;
; |make_st_packet_from_triggered_data|avalon_st_source_out.data[0]     ; |make_st_packet_from_triggered_data|avalon_st_source_out.data[0]         ; out              ;
; |make_st_packet_from_triggered_data|avalon_st_source_out.data[1]     ; |make_st_packet_from_triggered_data|avalon_st_source_out.data[1]         ; out              ;
; |make_st_packet_from_triggered_data|avalon_st_source_out.data[2]     ; |make_st_packet_from_triggered_data|avalon_st_source_out.data[2]         ; out              ;
; |make_st_packet_from_triggered_data|avalon_st_source_out.data[3]     ; |make_st_packet_from_triggered_data|avalon_st_source_out.data[3]         ; out              ;
; |make_st_packet_from_triggered_data|avalon_st_source_out.data[4]     ; |make_st_packet_from_triggered_data|avalon_st_source_out.data[4]         ; out              ;
; |make_st_packet_from_triggered_data|avalon_st_source_out.data[5]     ; |make_st_packet_from_triggered_data|avalon_st_source_out.data[5]         ; out              ;
; |make_st_packet_from_triggered_data|avalon_st_source_out.data[6]     ; |make_st_packet_from_triggered_data|avalon_st_source_out.data[6]         ; out              ;
; |make_st_packet_from_triggered_data|avalon_st_source_out.data[7]     ; |make_st_packet_from_triggered_data|avalon_st_source_out.data[7]         ; out              ;
; |make_st_packet_from_triggered_data|avalon_st_source_out.data[8]     ; |make_st_packet_from_triggered_data|avalon_st_source_out.data[8]         ; out              ;
; |make_st_packet_from_triggered_data|avalon_st_source_out.data[9]     ; |make_st_packet_from_triggered_data|avalon_st_source_out.data[9]         ; out              ;
; |make_st_packet_from_triggered_data|avalon_st_source_out.data[10]    ; |make_st_packet_from_triggered_data|avalon_st_source_out.data[10]        ; out              ;
; |make_st_packet_from_triggered_data|avalon_st_source_out.data[11]    ; |make_st_packet_from_triggered_data|avalon_st_source_out.data[11]        ; out              ;
; |make_st_packet_from_triggered_data|avalon_st_source_out.data[12]    ; |make_st_packet_from_triggered_data|avalon_st_source_out.data[12]        ; out              ;
; |make_st_packet_from_triggered_data|avalon_st_source_out.data[13]    ; |make_st_packet_from_triggered_data|avalon_st_source_out.data[13]        ; out              ;
; |make_st_packet_from_triggered_data|avalon_st_source_out.data[14]    ; |make_st_packet_from_triggered_data|avalon_st_source_out.data[14]        ; out              ;
; |make_st_packet_from_triggered_data|avalon_st_source_out.data[15]    ; |make_st_packet_from_triggered_data|avalon_st_source_out.data[15]        ; out              ;
; |make_st_packet_from_triggered_data|avalon_st_source_out.data[16]    ; |make_st_packet_from_triggered_data|avalon_st_source_out.data[16]        ; out              ;
; |make_st_packet_from_triggered_data|avalon_st_source_out.data[16]    ; |make_st_packet_from_triggered_data|avalon_st_source_out.data[16]~result ; pin_out          ;
; |make_st_packet_from_triggered_data|avalon_st_source_out.data[17]    ; |make_st_packet_from_triggered_data|avalon_st_source_out.data[17]        ; out              ;
; |make_st_packet_from_triggered_data|avalon_st_source_out.data[17]    ; |make_st_packet_from_triggered_data|avalon_st_source_out.data[17]~result ; pin_out          ;
; |make_st_packet_from_triggered_data|avalon_st_source_out.data[18]    ; |make_st_packet_from_triggered_data|avalon_st_source_out.data[18]        ; out              ;
; |make_st_packet_from_triggered_data|avalon_st_source_out.data[18]    ; |make_st_packet_from_triggered_data|avalon_st_source_out.data[18]~result ; pin_out          ;
; |make_st_packet_from_triggered_data|avalon_st_source_out.data[19]    ; |make_st_packet_from_triggered_data|avalon_st_source_out.data[19]        ; out              ;
; |make_st_packet_from_triggered_data|avalon_st_source_out.data[19]    ; |make_st_packet_from_triggered_data|avalon_st_source_out.data[19]~result ; pin_out          ;
; |make_st_packet_from_triggered_data|avalon_st_source_out.data[20]    ; |make_st_packet_from_triggered_data|avalon_st_source_out.data[20]        ; out              ;
; |make_st_packet_from_triggered_data|avalon_st_source_out.data[20]    ; |make_st_packet_from_triggered_data|avalon_st_source_out.data[20]~result ; pin_out          ;
; |make_st_packet_from_triggered_data|avalon_st_source_out.data[21]    ; |make_st_packet_from_triggered_data|avalon_st_source_out.data[21]        ; out              ;
; |make_st_packet_from_triggered_data|avalon_st_source_out.data[21]    ; |make_st_packet_from_triggered_data|avalon_st_source_out.data[21]~result ; pin_out          ;
; |make_st_packet_from_triggered_data|avalon_st_source_out.data[22]    ; |make_st_packet_from_triggered_data|avalon_st_source_out.data[22]        ; out              ;
; |make_st_packet_from_triggered_data|avalon_st_source_out.data[22]    ; |make_st_packet_from_triggered_data|avalon_st_source_out.data[22]~result ; pin_out          ;
; |make_st_packet_from_triggered_data|avalon_st_source_out.data[23]    ; |make_st_packet_from_triggered_data|avalon_st_source_out.data[23]        ; out              ;
; |make_st_packet_from_triggered_data|avalon_st_source_out.data[23]    ; |make_st_packet_from_triggered_data|avalon_st_source_out.data[23]~result ; pin_out          ;
; |make_st_packet_from_triggered_data|avalon_st_source_out.data[24]    ; |make_st_packet_from_triggered_data|avalon_st_source_out.data[24]        ; out              ;
; |make_st_packet_from_triggered_data|avalon_st_source_out.data[24]    ; |make_st_packet_from_triggered_data|avalon_st_source_out.data[24]~result ; pin_out          ;
; |make_st_packet_from_triggered_data|avalon_st_source_out.data[25]    ; |make_st_packet_from_triggered_data|avalon_st_source_out.data[25]        ; out              ;
; |make_st_packet_from_triggered_data|avalon_st_source_out.data[25]    ; |make_st_packet_from_triggered_data|avalon_st_source_out.data[25]~result ; pin_out          ;
; |make_st_packet_from_triggered_data|avalon_st_source_out.data[26]    ; |make_st_packet_from_triggered_data|avalon_st_source_out.data[26]        ; out              ;
; |make_st_packet_from_triggered_data|avalon_st_source_out.data[26]    ; |make_st_packet_from_triggered_data|avalon_st_source_out.data[26]~result ; pin_out          ;
; |make_st_packet_from_triggered_data|avalon_st_source_out.data[27]    ; |make_st_packet_from_triggered_data|avalon_st_source_out.data[27]        ; out              ;
; |make_st_packet_from_triggered_data|avalon_st_source_out.data[27]    ; |make_st_packet_from_triggered_data|avalon_st_source_out.data[27]~result ; pin_out          ;
; |make_st_packet_from_triggered_data|avalon_st_source_out.data[28]    ; |make_st_packet_from_triggered_data|avalon_st_source_out.data[28]        ; out              ;
; |make_st_packet_from_triggered_data|avalon_st_source_out.data[28]    ; |make_st_packet_from_triggered_data|avalon_st_source_out.data[28]~result ; pin_out          ;
; |make_st_packet_from_triggered_data|avalon_st_source_out.data[29]    ; |make_st_packet_from_triggered_data|avalon_st_source_out.data[29]        ; out              ;
; |make_st_packet_from_triggered_data|avalon_st_source_out.data[29]    ; |make_st_packet_from_triggered_data|avalon_st_source_out.data[29]~result ; pin_out          ;
; |make_st_packet_from_triggered_data|avalon_st_source_out.data[30]    ; |make_st_packet_from_triggered_data|avalon_st_source_out.data[30]        ; out              ;
; |make_st_packet_from_triggered_data|avalon_st_source_out.data[30]    ; |make_st_packet_from_triggered_data|avalon_st_source_out.data[30]~result ; pin_out          ;
; |make_st_packet_from_triggered_data|avalon_st_source_out.data[31]    ; |make_st_packet_from_triggered_data|avalon_st_source_out.data[31]        ; out              ;
; |make_st_packet_from_triggered_data|avalon_st_source_out.data[31]    ; |make_st_packet_from_triggered_data|avalon_st_source_out.data[31]~result ; pin_out          ;
; |make_st_packet_from_triggered_data|avalon_st_source_out.valid       ; |make_st_packet_from_triggered_data|avalon_st_source_out.valid           ; out              ;
; |make_st_packet_from_triggered_data|packet_word_counter[3]           ; |make_st_packet_from_triggered_data|packet_word_counter[3]               ; pin_out          ;
; |make_st_packet_from_triggered_data|packet_word_counter[4]           ; |make_st_packet_from_triggered_data|packet_word_counter[4]               ; pin_out          ;
; |make_st_packet_from_triggered_data|packet_word_counter[5]           ; |make_st_packet_from_triggered_data|packet_word_counter[5]               ; pin_out          ;
; |make_st_packet_from_triggered_data|packet_word_counter[6]           ; |make_st_packet_from_triggered_data|packet_word_counter[6]               ; pin_out          ;
; |make_st_packet_from_triggered_data|packet_word_counter[7]           ; |make_st_packet_from_triggered_data|packet_word_counter[7]               ; pin_out          ;
; |make_st_packet_from_triggered_data|packet_word_counter[8]           ; |make_st_packet_from_triggered_data|packet_word_counter[8]               ; pin_out          ;
; |make_st_packet_from_triggered_data|packet_word_counter[9]           ; |make_st_packet_from_triggered_data|packet_word_counter[9]               ; pin_out          ;
; |make_st_packet_from_triggered_data|packet_word_counter[10]          ; |make_st_packet_from_triggered_data|packet_word_counter[10]              ; pin_out          ;
; |make_st_packet_from_triggered_data|packet_word_counter[11]          ; |make_st_packet_from_triggered_data|packet_word_counter[11]              ; pin_out          ;
; |make_st_packet_from_triggered_data|packet_word_counter[12]          ; |make_st_packet_from_triggered_data|packet_word_counter[12]              ; pin_out          ;
; |make_st_packet_from_triggered_data|packet_word_counter[13]          ; |make_st_packet_from_triggered_data|packet_word_counter[13]              ; pin_out          ;
; |make_st_packet_from_triggered_data|packet_word_counter[14]          ; |make_st_packet_from_triggered_data|packet_word_counter[14]              ; pin_out          ;
; |make_st_packet_from_triggered_data|packet_word_counter[15]          ; |make_st_packet_from_triggered_data|packet_word_counter[15]              ; pin_out          ;
; |make_st_packet_from_triggered_data|avalon_st_source_out.data[31]~0  ; |make_st_packet_from_triggered_data|avalon_st_source_out.data[31]~0      ; out0             ;
; |make_st_packet_from_triggered_data|avalon_st_source_out.data[30]~1  ; |make_st_packet_from_triggered_data|avalon_st_source_out.data[30]~1      ; out0             ;
; |make_st_packet_from_triggered_data|avalon_st_source_out.data[29]~2  ; |make_st_packet_from_triggered_data|avalon_st_source_out.data[29]~2      ; out0             ;
; |make_st_packet_from_triggered_data|avalon_st_source_out.data[28]~3  ; |make_st_packet_from_triggered_data|avalon_st_source_out.data[28]~3      ; out0             ;
; |make_st_packet_from_triggered_data|avalon_st_source_out.data[27]~4  ; |make_st_packet_from_triggered_data|avalon_st_source_out.data[27]~4      ; out0             ;
; |make_st_packet_from_triggered_data|avalon_st_source_out.data[26]~5  ; |make_st_packet_from_triggered_data|avalon_st_source_out.data[26]~5      ; out0             ;
; |make_st_packet_from_triggered_data|avalon_st_source_out.data[25]~6  ; |make_st_packet_from_triggered_data|avalon_st_source_out.data[25]~6      ; out0             ;
; |make_st_packet_from_triggered_data|avalon_st_source_out.data[24]~7  ; |make_st_packet_from_triggered_data|avalon_st_source_out.data[24]~7      ; out0             ;
; |make_st_packet_from_triggered_data|avalon_st_source_out.data[23]~8  ; |make_st_packet_from_triggered_data|avalon_st_source_out.data[23]~8      ; out0             ;
; |make_st_packet_from_triggered_data|avalon_st_source_out.data[22]~9  ; |make_st_packet_from_triggered_data|avalon_st_source_out.data[22]~9      ; out0             ;
; |make_st_packet_from_triggered_data|avalon_st_source_out.data[21]~10 ; |make_st_packet_from_triggered_data|avalon_st_source_out.data[21]~10     ; out0             ;
; |make_st_packet_from_triggered_data|avalon_st_source_out.data[20]~11 ; |make_st_packet_from_triggered_data|avalon_st_source_out.data[20]~11     ; out0             ;
; |make_st_packet_from_triggered_data|avalon_st_source_out.data[19]~12 ; |make_st_packet_from_triggered_data|avalon_st_source_out.data[19]~12     ; out0             ;
; |make_st_packet_from_triggered_data|avalon_st_source_out.data[18]~13 ; |make_st_packet_from_triggered_data|avalon_st_source_out.data[18]~13     ; out0             ;
; |make_st_packet_from_triggered_data|avalon_st_source_out.data[17]~14 ; |make_st_packet_from_triggered_data|avalon_st_source_out.data[17]~14     ; out0             ;
; |make_st_packet_from_triggered_data|avalon_st_source_out.data[16]~15 ; |make_st_packet_from_triggered_data|avalon_st_source_out.data[16]~15     ; out0             ;
; |make_st_packet_from_triggered_data|avalon_st_source_out.empty[1]~0  ; |make_st_packet_from_triggered_data|avalon_st_source_out.empty[1]~0      ; out0             ;
; |make_st_packet_from_triggered_data|avalon_st_source_out.empty[0]~1  ; |make_st_packet_from_triggered_data|avalon_st_source_out.empty[0]~1      ; out0             ;
; |make_st_packet_from_triggered_data|avalon_st_source_out.error~0     ; |make_st_packet_from_triggered_data|avalon_st_source_out.error~0         ; out0             ;
; |make_st_packet_from_triggered_data|Add0~5                           ; |make_st_packet_from_triggered_data|Add0~5                               ; out0             ;
; |make_st_packet_from_triggered_data|Add0~6                           ; |make_st_packet_from_triggered_data|Add0~6                               ; out0             ;
; |make_st_packet_from_triggered_data|Add0~7                           ; |make_st_packet_from_triggered_data|Add0~7                               ; out0             ;
; |make_st_packet_from_triggered_data|Add0~8                           ; |make_st_packet_from_triggered_data|Add0~8                               ; out0             ;
; |make_st_packet_from_triggered_data|Add0~9                           ; |make_st_packet_from_triggered_data|Add0~9                               ; out0             ;
; |make_st_packet_from_triggered_data|Add0~10                          ; |make_st_packet_from_triggered_data|Add0~10                              ; out0             ;
; |make_st_packet_from_triggered_data|Add0~11                          ; |make_st_packet_from_triggered_data|Add0~11                              ; out0             ;
; |make_st_packet_from_triggered_data|Add0~12                          ; |make_st_packet_from_triggered_data|Add0~12                              ; out0             ;
; |make_st_packet_from_triggered_data|Add0~13                          ; |make_st_packet_from_triggered_data|Add0~13                              ; out0             ;
; |make_st_packet_from_triggered_data|Add0~14                          ; |make_st_packet_from_triggered_data|Add0~14                              ; out0             ;
; |make_st_packet_from_triggered_data|Add0~15                          ; |make_st_packet_from_triggered_data|Add0~15                              ; out0             ;
; |make_st_packet_from_triggered_data|Add0~16                          ; |make_st_packet_from_triggered_data|Add0~16                              ; out0             ;
; |make_st_packet_from_triggered_data|Add0~17                          ; |make_st_packet_from_triggered_data|Add0~17                              ; out0             ;
; |make_st_packet_from_triggered_data|Add0~18                          ; |make_st_packet_from_triggered_data|Add0~18                              ; out0             ;
; |make_st_packet_from_triggered_data|Add0~19                          ; |make_st_packet_from_triggered_data|Add0~19                              ; out0             ;
; |make_st_packet_from_triggered_data|Add0~20                          ; |make_st_packet_from_triggered_data|Add0~20                              ; out0             ;
; |make_st_packet_from_triggered_data|Add0~21                          ; |make_st_packet_from_triggered_data|Add0~21                              ; out0             ;
; |make_st_packet_from_triggered_data|Add0~22                          ; |make_st_packet_from_triggered_data|Add0~22                              ; out0             ;
; |make_st_packet_from_triggered_data|Add0~23                          ; |make_st_packet_from_triggered_data|Add0~23                              ; out0             ;
; |make_st_packet_from_triggered_data|Add0~24                          ; |make_st_packet_from_triggered_data|Add0~24                              ; out0             ;
; |make_st_packet_from_triggered_data|Add0~25                          ; |make_st_packet_from_triggered_data|Add0~25                              ; out0             ;
; |make_st_packet_from_triggered_data|Add0~26                          ; |make_st_packet_from_triggered_data|Add0~26                              ; out0             ;
; |make_st_packet_from_triggered_data|Add0~27                          ; |make_st_packet_from_triggered_data|Add0~27                              ; out0             ;
; |make_st_packet_from_triggered_data|Add0~28                          ; |make_st_packet_from_triggered_data|Add0~28                              ; out0             ;
; |make_st_packet_from_triggered_data|avalon_st_source_out.ready~0     ; |make_st_packet_from_triggered_data|avalon_st_source_out.ready~0         ; out0             ;
+----------------------------------------------------------------------+--------------------------------------------------------------------------+------------------+


The following table displays output ports that do not toggle to 0 during simulation.
+--------------------------------------------------------------------------------------------------------------------------------------------------------------------+
; Missing 0-Value Coverage                                                                                                                                           ;
+----------------------------------------------------------------------+--------------------------------------------------------------------------+------------------+
; Node Name                                                            ; Output Port Name                                                         ; Output Port Type ;
+----------------------------------------------------------------------+--------------------------------------------------------------------------+------------------+
; |make_st_packet_from_triggered_data|packet_word_counter~0            ; |make_st_packet_from_triggered_data|packet_word_counter~0                ; out              ;
; |make_st_packet_from_triggered_data|packet_word_counter~1            ; |make_st_packet_from_triggered_data|packet_word_counter~1                ; out              ;
; |make_st_packet_from_triggered_data|packet_word_counter~2            ; |make_st_packet_from_triggered_data|packet_word_counter~2                ; out              ;
; |make_st_packet_from_triggered_data|packet_word_counter~3            ; |make_st_packet_from_triggered_data|packet_word_counter~3                ; out              ;
; |make_st_packet_from_triggered_data|packet_word_counter~4            ; |make_st_packet_from_triggered_data|packet_word_counter~4                ; out              ;
; |make_st_packet_from_triggered_data|packet_word_counter~5            ; |make_st_packet_from_triggered_data|packet_word_counter~5                ; out              ;
; |make_st_packet_from_triggered_data|packet_word_counter~6            ; |make_st_packet_from_triggered_data|packet_word_counter~6                ; out              ;
; |make_st_packet_from_triggered_data|packet_word_counter~7            ; |make_st_packet_from_triggered_data|packet_word_counter~7                ; out              ;
; |make_st_packet_from_triggered_data|packet_word_counter~8            ; |make_st_packet_from_triggered_data|packet_word_counter~8                ; out              ;
; |make_st_packet_from_triggered_data|packet_word_counter~9            ; |make_st_packet_from_triggered_data|packet_word_counter~9                ; out              ;
; |make_st_packet_from_triggered_data|packet_word_counter~10           ; |make_st_packet_from_triggered_data|packet_word_counter~10               ; out              ;
; |make_st_packet_from_triggered_data|packet_word_counter~11           ; |make_st_packet_from_triggered_data|packet_word_counter~11               ; out              ;
; |make_st_packet_from_triggered_data|packet_word_counter~16           ; |make_st_packet_from_triggered_data|packet_word_counter~16               ; out              ;
; |make_st_packet_from_triggered_data|packet_word_counter~17           ; |make_st_packet_from_triggered_data|packet_word_counter~17               ; out              ;
; |make_st_packet_from_triggered_data|packet_word_counter~18           ; |make_st_packet_from_triggered_data|packet_word_counter~18               ; out              ;
; |make_st_packet_from_triggered_data|packet_word_counter~19           ; |make_st_packet_from_triggered_data|packet_word_counter~19               ; out              ;
; |make_st_packet_from_triggered_data|packet_word_counter~20           ; |make_st_packet_from_triggered_data|packet_word_counter~20               ; out              ;
; |make_st_packet_from_triggered_data|packet_word_counter~21           ; |make_st_packet_from_triggered_data|packet_word_counter~21               ; out              ;
; |make_st_packet_from_triggered_data|packet_word_counter~22           ; |make_st_packet_from_triggered_data|packet_word_counter~22               ; out              ;
; |make_st_packet_from_triggered_data|packet_word_counter~23           ; |make_st_packet_from_triggered_data|packet_word_counter~23               ; out              ;
; |make_st_packet_from_triggered_data|packet_word_counter~24           ; |make_st_packet_from_triggered_data|packet_word_counter~24               ; out              ;
; |make_st_packet_from_triggered_data|packet_word_counter~25           ; |make_st_packet_from_triggered_data|packet_word_counter~25               ; out              ;
; |make_st_packet_from_triggered_data|packet_word_counter~26           ; |make_st_packet_from_triggered_data|packet_word_counter~26               ; out              ;
; |make_st_packet_from_triggered_data|packet_word_counter~27           ; |make_st_packet_from_triggered_data|packet_word_counter~27               ; out              ;
; |make_st_packet_from_triggered_data|packet_word_counter~32           ; |make_st_packet_from_triggered_data|packet_word_counter~32               ; out              ;
; |make_st_packet_from_triggered_data|packet_word_counter~33           ; |make_st_packet_from_triggered_data|packet_word_counter~33               ; out              ;
; |make_st_packet_from_triggered_data|packet_word_counter~34           ; |make_st_packet_from_triggered_data|packet_word_counter~34               ; out              ;
; |make_st_packet_from_triggered_data|packet_word_counter~35           ; |make_st_packet_from_triggered_data|packet_word_counter~35               ; out              ;
; |make_st_packet_from_triggered_data|packet_word_counter~36           ; |make_st_packet_from_triggered_data|packet_word_counter~36               ; out              ;
; |make_st_packet_from_triggered_data|packet_word_counter~37           ; |make_st_packet_from_triggered_data|packet_word_counter~37               ; out              ;
; |make_st_packet_from_triggered_data|packet_word_counter~38           ; |make_st_packet_from_triggered_data|packet_word_counter~38               ; out              ;
; |make_st_packet_from_triggered_data|packet_word_counter~39           ; |make_st_packet_from_triggered_data|packet_word_counter~39               ; out              ;
; |make_st_packet_from_triggered_data|packet_word_counter~40           ; |make_st_packet_from_triggered_data|packet_word_counter~40               ; out              ;
; |make_st_packet_from_triggered_data|packet_word_counter~41           ; |make_st_packet_from_triggered_data|packet_word_counter~41               ; out              ;
; |make_st_packet_from_triggered_data|packet_word_counter~42           ; |make_st_packet_from_triggered_data|packet_word_counter~42               ; out              ;
; |make_st_packet_from_triggered_data|packet_word_counter~43           ; |make_st_packet_from_triggered_data|packet_word_counter~43               ; out              ;
; |make_st_packet_from_triggered_data|sop~0                            ; |make_st_packet_from_triggered_data|sop~0                                ; out              ;
; |make_st_packet_from_triggered_data|packet_word_counter~48           ; |make_st_packet_from_triggered_data|packet_word_counter~48               ; out              ;
; |make_st_packet_from_triggered_data|packet_word_counter~49           ; |make_st_packet_from_triggered_data|packet_word_counter~49               ; out              ;
; |make_st_packet_from_triggered_data|packet_word_counter~50           ; |make_st_packet_from_triggered_data|packet_word_counter~50               ; out              ;
; |make_st_packet_from_triggered_data|packet_word_counter~51           ; |make_st_packet_from_triggered_data|packet_word_counter~51               ; out              ;
; |make_st_packet_from_triggered_data|packet_word_counter~52           ; |make_st_packet_from_triggered_data|packet_word_counter~52               ; out              ;
; |make_st_packet_from_triggered_data|packet_word_counter~53           ; |make_st_packet_from_triggered_data|packet_word_counter~53               ; out              ;
; |make_st_packet_from_triggered_data|packet_word_counter~54           ; |make_st_packet_from_triggered_data|packet_word_counter~54               ; out              ;
; |make_st_packet_from_triggered_data|packet_word_counter~55           ; |make_st_packet_from_triggered_data|packet_word_counter~55               ; out              ;
; |make_st_packet_from_triggered_data|packet_word_counter~56           ; |make_st_packet_from_triggered_data|packet_word_counter~56               ; out              ;
; |make_st_packet_from_triggered_data|packet_word_counter~57           ; |make_st_packet_from_triggered_data|packet_word_counter~57               ; out              ;
; |make_st_packet_from_triggered_data|packet_word_counter~58           ; |make_st_packet_from_triggered_data|packet_word_counter~58               ; out              ;
; |make_st_packet_from_triggered_data|packet_word_counter~59           ; |make_st_packet_from_triggered_data|packet_word_counter~59               ; out              ;
; |make_st_packet_from_triggered_data|packet_word_counter~64           ; |make_st_packet_from_triggered_data|packet_word_counter~64               ; out              ;
; |make_st_packet_from_triggered_data|packet_word_counter~65           ; |make_st_packet_from_triggered_data|packet_word_counter~65               ; out              ;
; |make_st_packet_from_triggered_data|packet_word_counter~66           ; |make_st_packet_from_triggered_data|packet_word_counter~66               ; out              ;
; |make_st_packet_from_triggered_data|packet_word_counter~67           ; |make_st_packet_from_triggered_data|packet_word_counter~67               ; out              ;
; |make_st_packet_from_triggered_data|packet_word_counter~68           ; |make_st_packet_from_triggered_data|packet_word_counter~68               ; out              ;
; |make_st_packet_from_triggered_data|packet_word_counter~69           ; |make_st_packet_from_triggered_data|packet_word_counter~69               ; out              ;
; |make_st_packet_from_triggered_data|packet_word_counter~70           ; |make_st_packet_from_triggered_data|packet_word_counter~70               ; out              ;
; |make_st_packet_from_triggered_data|packet_word_counter~71           ; |make_st_packet_from_triggered_data|packet_word_counter~71               ; out              ;
; |make_st_packet_from_triggered_data|packet_word_counter~72           ; |make_st_packet_from_triggered_data|packet_word_counter~72               ; out              ;
; |make_st_packet_from_triggered_data|packet_word_counter~73           ; |make_st_packet_from_triggered_data|packet_word_counter~73               ; out              ;
; |make_st_packet_from_triggered_data|packet_word_counter~74           ; |make_st_packet_from_triggered_data|packet_word_counter~74               ; out              ;
; |make_st_packet_from_triggered_data|packet_word_counter~75           ; |make_st_packet_from_triggered_data|packet_word_counter~75               ; out              ;
; |make_st_packet_from_triggered_data|packet_word_counter[3]~reg0      ; |make_st_packet_from_triggered_data|packet_word_counter[3]~reg0          ; regout           ;
; |make_st_packet_from_triggered_data|packet_word_counter[4]~reg0      ; |make_st_packet_from_triggered_data|packet_word_counter[4]~reg0          ; regout           ;
; |make_st_packet_from_triggered_data|packet_word_counter[5]~reg0      ; |make_st_packet_from_triggered_data|packet_word_counter[5]~reg0          ; regout           ;
; |make_st_packet_from_triggered_data|packet_word_counter[6]~reg0      ; |make_st_packet_from_triggered_data|packet_word_counter[6]~reg0          ; regout           ;
; |make_st_packet_from_triggered_data|packet_word_counter[7]~reg0      ; |make_st_packet_from_triggered_data|packet_word_counter[7]~reg0          ; regout           ;
; |make_st_packet_from_triggered_data|packet_word_counter[8]~reg0      ; |make_st_packet_from_triggered_data|packet_word_counter[8]~reg0          ; regout           ;
; |make_st_packet_from_triggered_data|packet_word_counter[9]~reg0      ; |make_st_packet_from_triggered_data|packet_word_counter[9]~reg0          ; regout           ;
; |make_st_packet_from_triggered_data|packet_word_counter[10]~reg0     ; |make_st_packet_from_triggered_data|packet_word_counter[10]~reg0         ; regout           ;
; |make_st_packet_from_triggered_data|packet_word_counter[11]~reg0     ; |make_st_packet_from_triggered_data|packet_word_counter[11]~reg0         ; regout           ;
; |make_st_packet_from_triggered_data|packet_word_counter[12]~reg0     ; |make_st_packet_from_triggered_data|packet_word_counter[12]~reg0         ; regout           ;
; |make_st_packet_from_triggered_data|packet_word_counter[13]~reg0     ; |make_st_packet_from_triggered_data|packet_word_counter[13]~reg0         ; regout           ;
; |make_st_packet_from_triggered_data|packet_word_counter[14]~reg0     ; |make_st_packet_from_triggered_data|packet_word_counter[14]~reg0         ; regout           ;
; |make_st_packet_from_triggered_data|packet_word_counter[15]~reg0     ; |make_st_packet_from_triggered_data|packet_word_counter[15]~reg0         ; regout           ;
; |make_st_packet_from_triggered_data|reset                            ; |make_st_packet_from_triggered_data|reset                                ; out              ;
; |make_st_packet_from_triggered_data|avalon_st_source_out.error       ; |make_st_packet_from_triggered_data|avalon_st_source_out.error           ; out              ;
; |make_st_packet_from_triggered_data|avalon_st_source_out.error       ; |make_st_packet_from_triggered_data|avalon_st_source_out.error~result    ; pin_out          ;
; |make_st_packet_from_triggered_data|avalon_st_source_out.sop         ; |make_st_packet_from_triggered_data|avalon_st_source_out.sop             ; out              ;
; |make_st_packet_from_triggered_data|avalon_st_source_out.eop         ; |make_st_packet_from_triggered_data|avalon_st_source_out.eop             ; out              ;
; |make_st_packet_from_triggered_data|avalon_st_source_out.empty[0]    ; |make_st_packet_from_triggered_data|avalon_st_source_out.empty[0]        ; out              ;
; |make_st_packet_from_triggered_data|avalon_st_source_out.empty[0]    ; |make_st_packet_from_triggered_data|avalon_st_source_out.empty[0]~result ; pin_out          ;
; |make_st_packet_from_triggered_data|avalon_st_source_out.empty[1]    ; |make_st_packet_from_triggered_data|avalon_st_source_out.empty[1]        ; out              ;
; |make_st_packet_from_triggered_data|avalon_st_source_out.empty[1]    ; |make_st_packet_from_triggered_data|avalon_st_source_out.empty[1]~result ; pin_out          ;
; |make_st_packet_from_triggered_data|avalon_st_source_out.ready       ; |make_st_packet_from_triggered_data|avalon_st_source_out.ready           ; out              ;
; |make_st_packet_from_triggered_data|avalon_st_source_out.ready       ; |make_st_packet_from_triggered_data|avalon_st_source_out.ready~result    ; pin_out          ;
; |make_st_packet_from_triggered_data|avalon_st_source_out.clk         ; |make_st_packet_from_triggered_data|avalon_st_source_out.clk             ; out              ;
; |make_st_packet_from_triggered_data|avalon_st_source_out.data[0]     ; |make_st_packet_from_triggered_data|avalon_st_source_out.data[0]         ; out              ;
; |make_st_packet_from_triggered_data|avalon_st_source_out.data[1]     ; |make_st_packet_from_triggered_data|avalon_st_source_out.data[1]         ; out              ;
; |make_st_packet_from_triggered_data|avalon_st_source_out.data[2]     ; |make_st_packet_from_triggered_data|avalon_st_source_out.data[2]         ; out              ;
; |make_st_packet_from_triggered_data|avalon_st_source_out.data[3]     ; |make_st_packet_from_triggered_data|avalon_st_source_out.data[3]         ; out              ;
; |make_st_packet_from_triggered_data|avalon_st_source_out.data[4]     ; |make_st_packet_from_triggered_data|avalon_st_source_out.data[4]         ; out              ;
; |make_st_packet_from_triggered_data|avalon_st_source_out.data[5]     ; |make_st_packet_from_triggered_data|avalon_st_source_out.data[5]         ; out              ;
; |make_st_packet_from_triggered_data|avalon_st_source_out.data[6]     ; |make_st_packet_from_triggered_data|avalon_st_source_out.data[6]         ; out              ;
; |make_st_packet_from_triggered_data|avalon_st_source_out.data[7]     ; |make_st_packet_from_triggered_data|avalon_st_source_out.data[7]         ; out              ;
; |make_st_packet_from_triggered_data|avalon_st_source_out.data[8]     ; |make_st_packet_from_triggered_data|avalon_st_source_out.data[8]         ; out              ;
; |make_st_packet_from_triggered_data|avalon_st_source_out.data[9]     ; |make_st_packet_from_triggered_data|avalon_st_source_out.data[9]         ; out              ;
; |make_st_packet_from_triggered_data|avalon_st_source_out.data[10]    ; |make_st_packet_from_triggered_data|avalon_st_source_out.data[10]        ; out              ;
; |make_st_packet_from_triggered_data|avalon_st_source_out.data[11]    ; |make_st_packet_from_triggered_data|avalon_st_source_out.data[11]        ; out              ;
; |make_st_packet_from_triggered_data|avalon_st_source_out.data[12]    ; |make_st_packet_from_triggered_data|avalon_st_source_out.data[12]        ; out              ;
; |make_st_packet_from_triggered_data|avalon_st_source_out.data[13]    ; |make_st_packet_from_triggered_data|avalon_st_source_out.data[13]        ; out              ;
; |make_st_packet_from_triggered_data|avalon_st_source_out.data[14]    ; |make_st_packet_from_triggered_data|avalon_st_source_out.data[14]        ; out              ;
; |make_st_packet_from_triggered_data|avalon_st_source_out.data[15]    ; |make_st_packet_from_triggered_data|avalon_st_source_out.data[15]        ; out              ;
; |make_st_packet_from_triggered_data|avalon_st_source_out.data[16]    ; |make_st_packet_from_triggered_data|avalon_st_source_out.data[16]        ; out              ;
; |make_st_packet_from_triggered_data|avalon_st_source_out.data[16]    ; |make_st_packet_from_triggered_data|avalon_st_source_out.data[16]~result ; pin_out          ;
; |make_st_packet_from_triggered_data|avalon_st_source_out.data[17]    ; |make_st_packet_from_triggered_data|avalon_st_source_out.data[17]        ; out              ;
; |make_st_packet_from_triggered_data|avalon_st_source_out.data[17]    ; |make_st_packet_from_triggered_data|avalon_st_source_out.data[17]~result ; pin_out          ;
; |make_st_packet_from_triggered_data|avalon_st_source_out.data[18]    ; |make_st_packet_from_triggered_data|avalon_st_source_out.data[18]        ; out              ;
; |make_st_packet_from_triggered_data|avalon_st_source_out.data[18]    ; |make_st_packet_from_triggered_data|avalon_st_source_out.data[18]~result ; pin_out          ;
; |make_st_packet_from_triggered_data|avalon_st_source_out.data[19]    ; |make_st_packet_from_triggered_data|avalon_st_source_out.data[19]        ; out              ;
; |make_st_packet_from_triggered_data|avalon_st_source_out.data[19]    ; |make_st_packet_from_triggered_data|avalon_st_source_out.data[19]~result ; pin_out          ;
; |make_st_packet_from_triggered_data|avalon_st_source_out.data[20]    ; |make_st_packet_from_triggered_data|avalon_st_source_out.data[20]        ; out              ;
; |make_st_packet_from_triggered_data|avalon_st_source_out.data[20]    ; |make_st_packet_from_triggered_data|avalon_st_source_out.data[20]~result ; pin_out          ;
; |make_st_packet_from_triggered_data|avalon_st_source_out.data[21]    ; |make_st_packet_from_triggered_data|avalon_st_source_out.data[21]        ; out              ;
; |make_st_packet_from_triggered_data|avalon_st_source_out.data[21]    ; |make_st_packet_from_triggered_data|avalon_st_source_out.data[21]~result ; pin_out          ;
; |make_st_packet_from_triggered_data|avalon_st_source_out.data[22]    ; |make_st_packet_from_triggered_data|avalon_st_source_out.data[22]        ; out              ;
; |make_st_packet_from_triggered_data|avalon_st_source_out.data[22]    ; |make_st_packet_from_triggered_data|avalon_st_source_out.data[22]~result ; pin_out          ;
; |make_st_packet_from_triggered_data|avalon_st_source_out.data[23]    ; |make_st_packet_from_triggered_data|avalon_st_source_out.data[23]        ; out              ;
; |make_st_packet_from_triggered_data|avalon_st_source_out.data[23]    ; |make_st_packet_from_triggered_data|avalon_st_source_out.data[23]~result ; pin_out          ;
; |make_st_packet_from_triggered_data|avalon_st_source_out.data[24]    ; |make_st_packet_from_triggered_data|avalon_st_source_out.data[24]        ; out              ;
; |make_st_packet_from_triggered_data|avalon_st_source_out.data[24]    ; |make_st_packet_from_triggered_data|avalon_st_source_out.data[24]~result ; pin_out          ;
; |make_st_packet_from_triggered_data|avalon_st_source_out.data[25]    ; |make_st_packet_from_triggered_data|avalon_st_source_out.data[25]        ; out              ;
; |make_st_packet_from_triggered_data|avalon_st_source_out.data[25]    ; |make_st_packet_from_triggered_data|avalon_st_source_out.data[25]~result ; pin_out          ;
; |make_st_packet_from_triggered_data|avalon_st_source_out.data[26]    ; |make_st_packet_from_triggered_data|avalon_st_source_out.data[26]        ; out              ;
; |make_st_packet_from_triggered_data|avalon_st_source_out.data[26]    ; |make_st_packet_from_triggered_data|avalon_st_source_out.data[26]~result ; pin_out          ;
; |make_st_packet_from_triggered_data|avalon_st_source_out.data[27]    ; |make_st_packet_from_triggered_data|avalon_st_source_out.data[27]        ; out              ;
; |make_st_packet_from_triggered_data|avalon_st_source_out.data[27]    ; |make_st_packet_from_triggered_data|avalon_st_source_out.data[27]~result ; pin_out          ;
; |make_st_packet_from_triggered_data|avalon_st_source_out.data[28]    ; |make_st_packet_from_triggered_data|avalon_st_source_out.data[28]        ; out              ;
; |make_st_packet_from_triggered_data|avalon_st_source_out.data[28]    ; |make_st_packet_from_triggered_data|avalon_st_source_out.data[28]~result ; pin_out          ;
; |make_st_packet_from_triggered_data|avalon_st_source_out.data[29]    ; |make_st_packet_from_triggered_data|avalon_st_source_out.data[29]        ; out              ;
; |make_st_packet_from_triggered_data|avalon_st_source_out.data[29]    ; |make_st_packet_from_triggered_data|avalon_st_source_out.data[29]~result ; pin_out          ;
; |make_st_packet_from_triggered_data|avalon_st_source_out.data[30]    ; |make_st_packet_from_triggered_data|avalon_st_source_out.data[30]        ; out              ;
; |make_st_packet_from_triggered_data|avalon_st_source_out.data[30]    ; |make_st_packet_from_triggered_data|avalon_st_source_out.data[30]~result ; pin_out          ;
; |make_st_packet_from_triggered_data|avalon_st_source_out.data[31]    ; |make_st_packet_from_triggered_data|avalon_st_source_out.data[31]        ; out              ;
; |make_st_packet_from_triggered_data|avalon_st_source_out.data[31]    ; |make_st_packet_from_triggered_data|avalon_st_source_out.data[31]~result ; pin_out          ;
; |make_st_packet_from_triggered_data|avalon_st_source_out.valid       ; |make_st_packet_from_triggered_data|avalon_st_source_out.valid           ; out              ;
; |make_st_packet_from_triggered_data|packet_word_counter[3]           ; |make_st_packet_from_triggered_data|packet_word_counter[3]               ; pin_out          ;
; |make_st_packet_from_triggered_data|packet_word_counter[4]           ; |make_st_packet_from_triggered_data|packet_word_counter[4]               ; pin_out          ;
; |make_st_packet_from_triggered_data|packet_word_counter[5]           ; |make_st_packet_from_triggered_data|packet_word_counter[5]               ; pin_out          ;
; |make_st_packet_from_triggered_data|packet_word_counter[6]           ; |make_st_packet_from_triggered_data|packet_word_counter[6]               ; pin_out          ;
; |make_st_packet_from_triggered_data|packet_word_counter[7]           ; |make_st_packet_from_triggered_data|packet_word_counter[7]               ; pin_out          ;
; |make_st_packet_from_triggered_data|packet_word_counter[8]           ; |make_st_packet_from_triggered_data|packet_word_counter[8]               ; pin_out          ;
; |make_st_packet_from_triggered_data|packet_word_counter[9]           ; |make_st_packet_from_triggered_data|packet_word_counter[9]               ; pin_out          ;
; |make_st_packet_from_triggered_data|packet_word_counter[10]          ; |make_st_packet_from_triggered_data|packet_word_counter[10]              ; pin_out          ;
; |make_st_packet_from_triggered_data|packet_word_counter[11]          ; |make_st_packet_from_triggered_data|packet_word_counter[11]              ; pin_out          ;
; |make_st_packet_from_triggered_data|packet_word_counter[12]          ; |make_st_packet_from_triggered_data|packet_word_counter[12]              ; pin_out          ;
; |make_st_packet_from_triggered_data|packet_word_counter[13]          ; |make_st_packet_from_triggered_data|packet_word_counter[13]              ; pin_out          ;
; |make_st_packet_from_triggered_data|packet_word_counter[14]          ; |make_st_packet_from_triggered_data|packet_word_counter[14]              ; pin_out          ;
; |make_st_packet_from_triggered_data|packet_word_counter[15]          ; |make_st_packet_from_triggered_data|packet_word_counter[15]              ; pin_out          ;
; |make_st_packet_from_triggered_data|avalon_st_source_out.data[31]~0  ; |make_st_packet_from_triggered_data|avalon_st_source_out.data[31]~0      ; out0             ;
; |make_st_packet_from_triggered_data|avalon_st_source_out.data[30]~1  ; |make_st_packet_from_triggered_data|avalon_st_source_out.data[30]~1      ; out0             ;
; |make_st_packet_from_triggered_data|avalon_st_source_out.data[29]~2  ; |make_st_packet_from_triggered_data|avalon_st_source_out.data[29]~2      ; out0             ;
; |make_st_packet_from_triggered_data|avalon_st_source_out.data[28]~3  ; |make_st_packet_from_triggered_data|avalon_st_source_out.data[28]~3      ; out0             ;
; |make_st_packet_from_triggered_data|avalon_st_source_out.data[27]~4  ; |make_st_packet_from_triggered_data|avalon_st_source_out.data[27]~4      ; out0             ;
; |make_st_packet_from_triggered_data|avalon_st_source_out.data[26]~5  ; |make_st_packet_from_triggered_data|avalon_st_source_out.data[26]~5      ; out0             ;
; |make_st_packet_from_triggered_data|avalon_st_source_out.data[25]~6  ; |make_st_packet_from_triggered_data|avalon_st_source_out.data[25]~6      ; out0             ;
; |make_st_packet_from_triggered_data|avalon_st_source_out.data[24]~7  ; |make_st_packet_from_triggered_data|avalon_st_source_out.data[24]~7      ; out0             ;
; |make_st_packet_from_triggered_data|avalon_st_source_out.data[23]~8  ; |make_st_packet_from_triggered_data|avalon_st_source_out.data[23]~8      ; out0             ;
; |make_st_packet_from_triggered_data|avalon_st_source_out.data[22]~9  ; |make_st_packet_from_triggered_data|avalon_st_source_out.data[22]~9      ; out0             ;
; |make_st_packet_from_triggered_data|avalon_st_source_out.data[21]~10 ; |make_st_packet_from_triggered_data|avalon_st_source_out.data[21]~10     ; out0             ;
; |make_st_packet_from_triggered_data|avalon_st_source_out.data[20]~11 ; |make_st_packet_from_triggered_data|avalon_st_source_out.data[20]~11     ; out0             ;
; |make_st_packet_from_triggered_data|avalon_st_source_out.data[19]~12 ; |make_st_packet_from_triggered_data|avalon_st_source_out.data[19]~12     ; out0             ;
; |make_st_packet_from_triggered_data|avalon_st_source_out.data[18]~13 ; |make_st_packet_from_triggered_data|avalon_st_source_out.data[18]~13     ; out0             ;
; |make_st_packet_from_triggered_data|avalon_st_source_out.data[17]~14 ; |make_st_packet_from_triggered_data|avalon_st_source_out.data[17]~14     ; out0             ;
; |make_st_packet_from_triggered_data|avalon_st_source_out.data[16]~15 ; |make_st_packet_from_triggered_data|avalon_st_source_out.data[16]~15     ; out0             ;
; |make_st_packet_from_triggered_data|avalon_st_source_out.empty[1]~0  ; |make_st_packet_from_triggered_data|avalon_st_source_out.empty[1]~0      ; out0             ;
; |make_st_packet_from_triggered_data|avalon_st_source_out.empty[0]~1  ; |make_st_packet_from_triggered_data|avalon_st_source_out.empty[0]~1      ; out0             ;
; |make_st_packet_from_triggered_data|avalon_st_source_out.error~0     ; |make_st_packet_from_triggered_data|avalon_st_source_out.error~0         ; out0             ;
; |make_st_packet_from_triggered_data|Add0~5                           ; |make_st_packet_from_triggered_data|Add0~5                               ; out0             ;
; |make_st_packet_from_triggered_data|Add0~6                           ; |make_st_packet_from_triggered_data|Add0~6                               ; out0             ;
; |make_st_packet_from_triggered_data|Add0~7                           ; |make_st_packet_from_triggered_data|Add0~7                               ; out0             ;
; |make_st_packet_from_triggered_data|Add0~8                           ; |make_st_packet_from_triggered_data|Add0~8                               ; out0             ;
; |make_st_packet_from_triggered_data|Add0~9                           ; |make_st_packet_from_triggered_data|Add0~9                               ; out0             ;
; |make_st_packet_from_triggered_data|Add0~10                          ; |make_st_packet_from_triggered_data|Add0~10                              ; out0             ;
; |make_st_packet_from_triggered_data|Add0~11                          ; |make_st_packet_from_triggered_data|Add0~11                              ; out0             ;
; |make_st_packet_from_triggered_data|Add0~12                          ; |make_st_packet_from_triggered_data|Add0~12                              ; out0             ;
; |make_st_packet_from_triggered_data|Add0~13                          ; |make_st_packet_from_triggered_data|Add0~13                              ; out0             ;
; |make_st_packet_from_triggered_data|Add0~14                          ; |make_st_packet_from_triggered_data|Add0~14                              ; out0             ;
; |make_st_packet_from_triggered_data|Add0~15                          ; |make_st_packet_from_triggered_data|Add0~15                              ; out0             ;
; |make_st_packet_from_triggered_data|Add0~16                          ; |make_st_packet_from_triggered_data|Add0~16                              ; out0             ;
; |make_st_packet_from_triggered_data|Add0~17                          ; |make_st_packet_from_triggered_data|Add0~17                              ; out0             ;
; |make_st_packet_from_triggered_data|Add0~18                          ; |make_st_packet_from_triggered_data|Add0~18                              ; out0             ;
; |make_st_packet_from_triggered_data|Add0~19                          ; |make_st_packet_from_triggered_data|Add0~19                              ; out0             ;
; |make_st_packet_from_triggered_data|Add0~20                          ; |make_st_packet_from_triggered_data|Add0~20                              ; out0             ;
; |make_st_packet_from_triggered_data|Add0~21                          ; |make_st_packet_from_triggered_data|Add0~21                              ; out0             ;
; |make_st_packet_from_triggered_data|Add0~22                          ; |make_st_packet_from_triggered_data|Add0~22                              ; out0             ;
; |make_st_packet_from_triggered_data|Add0~23                          ; |make_st_packet_from_triggered_data|Add0~23                              ; out0             ;
; |make_st_packet_from_triggered_data|Add0~24                          ; |make_st_packet_from_triggered_data|Add0~24                              ; out0             ;
; |make_st_packet_from_triggered_data|Add0~25                          ; |make_st_packet_from_triggered_data|Add0~25                              ; out0             ;
; |make_st_packet_from_triggered_data|Add0~26                          ; |make_st_packet_from_triggered_data|Add0~26                              ; out0             ;
; |make_st_packet_from_triggered_data|Add0~27                          ; |make_st_packet_from_triggered_data|Add0~27                              ; out0             ;
; |make_st_packet_from_triggered_data|Add0~28                          ; |make_st_packet_from_triggered_data|Add0~28                              ; out0             ;
; |make_st_packet_from_triggered_data|avalon_st_source_out.ready~0     ; |make_st_packet_from_triggered_data|avalon_st_source_out.ready~0         ; out0             ;
+----------------------------------------------------------------------+--------------------------------------------------------------------------+------------------+


+---------------------+
; Simulator INI Usage ;
+--------+------------+
; Option ; Usage      ;
+--------+------------+


+--------------------+
; Simulator Messages ;
+--------------------+
Info: *******************************************************************
Info: Running Quartus II Simulator
    Info: Version 9.0 Build 235 06/17/2009 Service Pack 2 SJ Web Edition
    Info: Processing started: Wed Feb 24 15:15:05 2016
Info: Command: quartus_sim --read_settings_files=on --write_settings_files=off make_st_packet_from_triggered_data -c make_st_packet_from_triggered_data
Info: Using vector source file "D:/sockit/edevel00408_sockit/tsbs/common_rtl_library/tsb/ip/sim/make_st_packet_from_triggered_data.vwf"
Info: Overwriting simulation input file with simulation results
    Info: A backup of make_st_packet_from_triggered_data.vwf called make_st_packet_from_triggered_data.sim_ori.vwf has been created in the db folder
Info: Option to preserve fewer signal transitions to reduce memory requirements is enabled
    Info: Simulation has been partitioned into sub-simulations according to the maximum transition count determined by the engine. Transitions from memory will be flushed out to disk at the end of each sub-simulation to reduce memory requirements.
Info: Simulation partitioned into 1 sub-simulations
Info: Simulation coverage is      42.17 %
Info: Number of transitions in simulation is 27377
Info: Vector file make_st_packet_from_triggered_data.vwf is saved in VWF text format. You can compress it into CVWF format in order to reduce file size. For more details please refer to the Quartus II Help.
Info: Quartus II Simulator was successful. 0 errors, 0 warnings
    Info: Peak virtual memory: 156 megabytes
    Info: Processing ended: Wed Feb 24 15:15:05 2016
    Info: Elapsed time: 00:00:00
    Info: Total CPU time (on all processors): 00:00:00


