Simulator report for triangular_waveform_nco
Thu Sep 17 11:23:46 2015
Quartus II Version 9.0 Build 235 06/17/2009 Service Pack 2 SJ Web Edition


---------------------
; Table of Contents ;
---------------------
  1. Legal Notice
  2. Simulator Summary
  3. Simulator Settings
  4. Simulation Waveforms
  5. Coverage Summary
  6. Complete 1/0-Value Coverage
  7. Missing 1-Value Coverage
  8. Missing 0-Value Coverage
  9. Simulator INI Usage
 10. Simulator Messages



----------------
; Legal Notice ;
----------------
Copyright (C) 1991-2009 Altera Corporation
Your use of Altera Corporation's design tools, logic functions 
and other software and tools, and its AMPP partner logic 
functions, and any output files from any of the foregoing 
(including device programming or simulation files), and any 
associated documentation or information are expressly subject 
to the terms and conditions of the Altera Program License 
Subscription Agreement, Altera MegaCore Function License 
Agreement, or other applicable license agreement, including, 
without limitation, that your use is for the sole purpose of 
programming logic devices manufactured by Altera and sold by 
Altera or its authorized distributors.  Please refer to the 
applicable agreement for further details.



+--------------------------------------------+
; Simulator Summary                          ;
+-----------------------------+--------------+
; Type                        ; Value        ;
+-----------------------------+--------------+
; Simulation Start Time       ; 0 ps         ;
; Simulation End Time         ; 1.0 us       ;
; Simulation Netlist Size     ; 109 nodes    ;
; Simulation Coverage         ;      81.65 % ;
; Total Number of Transitions ; 34058        ;
; Simulation Breakpoints      ; 0            ;
; Family                      ; Cyclone III  ;
+-----------------------------+--------------+


+------------------------------------------------------------------------------------------------------------------------------------------+
; Simulator Settings                                                                                                                       ;
+--------------------------------------------------------------------------------------------+-----------------------------+---------------+
; Option                                                                                     ; Setting                     ; Default Value ;
+--------------------------------------------------------------------------------------------+-----------------------------+---------------+
; Simulation mode                                                                            ; Functional                  ; Timing        ;
; Start time                                                                                 ; 0 ns                        ; 0 ns          ;
; Simulation results format                                                                  ; CVWF                        ;               ;
; Vector input source                                                                        ; triangular_waveform_nco.vwf ;               ;
; Add pins automatically to simulation output waveforms                                      ; On                          ; On            ;
; Check outputs                                                                              ; Off                         ; Off           ;
; Report simulation coverage                                                                 ; On                          ; On            ;
; Display complete 1/0 value coverage report                                                 ; On                          ; On            ;
; Display missing 1-value coverage report                                                    ; On                          ; On            ;
; Display missing 0-value coverage report                                                    ; On                          ; On            ;
; Detect setup and hold time violations                                                      ; Off                         ; Off           ;
; Detect glitches                                                                            ; Off                         ; Off           ;
; Disable timing delays in Timing Simulation                                                 ; Off                         ; Off           ;
; Generate Signal Activity File                                                              ; Off                         ; Off           ;
; Generate VCD File for PowerPlay Power Analyzer                                             ; Off                         ; Off           ;
; Group bus channels in simulation results                                                   ; Off                         ; Off           ;
; Preserve fewer signal transitions to reduce memory requirements                            ; On                          ; On            ;
; Trigger vector comparison with the specified mode                                          ; INPUT_EDGE                  ; INPUT_EDGE    ;
; Disable setup and hold time violations detection in input registers of bi-directional pins ; Off                         ; Off           ;
; Overwrite Waveform Inputs With Simulation Outputs                                          ; On                          ;               ;
; Perform Glitch Filtering in Timing Simulation                                              ; Auto                        ; Auto          ;
; Interconnect Delay Model Type                                                              ; Transport                   ; Transport     ;
; Cell Delay Model Type                                                                      ; Transport                   ; Transport     ;
+--------------------------------------------------------------------------------------------+-----------------------------+---------------+


+----------------------+
; Simulation Waveforms ;
+----------------------+
Waveform report data cannot be output to ASCII.
Please use Quartus II to view the waveform report data.


+--------------------------------------------------------------------+
; Coverage Summary                                                   ;
+-----------------------------------------------------+--------------+
; Type                                                ; Value        ;
+-----------------------------------------------------+--------------+
; Total coverage as a percentage                      ;      81.65 % ;
; Total nodes checked                                 ; 109          ;
; Total output ports checked                          ; 109          ;
; Total output ports with complete 1/0-value coverage ; 89           ;
; Total output ports with no 1/0-value coverage       ; 20           ;
; Total output ports with no 1-value coverage         ; 20           ;
; Total output ports with no 0-value coverage         ; 20           ;
+-----------------------------------------------------+--------------+


The following table displays output ports that toggle between 1 and 0 during simulation.
+------------------------------------------------------------------------------------------------------------------------------------------------------------------------------------------------------------------------------------------------------------------------------------------+
; Complete 1/0-Value Coverage                                                                                                                                                                                                                                                              ;
+-----------------------------------------------------------------------------------------------------------------------------------+-----------------------------------------------------------------------------------------------------------------------------------+------------------+
; Node Name                                                                                                                         ; Output Port Name                                                                                                                  ; Output Port Type ;
+-----------------------------------------------------------------------------------------------------------------------------------+-----------------------------------------------------------------------------------------------------------------------------------+------------------+
; |triangular_waveform_nco|phase_accumulator[5]~reg0                                                                                ; |triangular_waveform_nco|phase_accumulator[5]~reg0                                                                                ; regout           ;
; |triangular_waveform_nco|phase_accumulator[4]~reg0                                                                                ; |triangular_waveform_nco|phase_accumulator[4]~reg0                                                                                ; regout           ;
; |triangular_waveform_nco|phase_accumulator[3]~reg0                                                                                ; |triangular_waveform_nco|phase_accumulator[3]~reg0                                                                                ; regout           ;
; |triangular_waveform_nco|phase_accumulator[2]~reg0                                                                                ; |triangular_waveform_nco|phase_accumulator[2]~reg0                                                                                ; regout           ;
; |triangular_waveform_nco|phase_accumulator[1]~reg0                                                                                ; |triangular_waveform_nco|phase_accumulator[1]~reg0                                                                                ; regout           ;
; |triangular_waveform_nco|phase_accumulator[0]~reg0                                                                                ; |triangular_waveform_nco|phase_accumulator[0]~reg0                                                                                ; regout           ;
; |triangular_waveform_nco|intermediate_triangular_nco_values~6                                                                     ; |triangular_waveform_nco|intermediate_triangular_nco_values~6                                                                     ; out0             ;
; |triangular_waveform_nco|intermediate_triangular_nco_values~7                                                                     ; |triangular_waveform_nco|intermediate_triangular_nco_values~7                                                                     ; out0             ;
; |triangular_waveform_nco|intermediate_triangular_nco_values~8                                                                     ; |triangular_waveform_nco|intermediate_triangular_nco_values~8                                                                     ; out0             ;
; |triangular_waveform_nco|intermediate_triangular_nco_values~9                                                                     ; |triangular_waveform_nco|intermediate_triangular_nco_values~9                                                                     ; out0             ;
; |triangular_waveform_nco|intermediate_triangular_nco_values~10                                                                    ; |triangular_waveform_nco|intermediate_triangular_nco_values~10                                                                    ; out0             ;
; |triangular_waveform_nco|clk                                                                                                      ; |triangular_waveform_nco|clk                                                                                                      ; out              ;
; |triangular_waveform_nco|reset_n                                                                                                  ; |triangular_waveform_nco|reset_n                                                                                                  ; out              ;
; |triangular_waveform_nco|clken                                                                                                    ; |triangular_waveform_nco|clken                                                                                                    ; out              ;
; |triangular_waveform_nco|triangular_waveform_out[0]                                                                               ; |triangular_waveform_nco|triangular_waveform_out[0]                                                                               ; pin_out          ;
; |triangular_waveform_nco|triangular_waveform_out[1]                                                                               ; |triangular_waveform_nco|triangular_waveform_out[1]                                                                               ; pin_out          ;
; |triangular_waveform_nco|triangular_waveform_out[2]                                                                               ; |triangular_waveform_nco|triangular_waveform_out[2]                                                                               ; pin_out          ;
; |triangular_waveform_nco|triangular_waveform_out[3]                                                                               ; |triangular_waveform_nco|triangular_waveform_out[3]                                                                               ; pin_out          ;
; |triangular_waveform_nco|phase_accumulator[0]                                                                                     ; |triangular_waveform_nco|phase_accumulator[0]                                                                                     ; pin_out          ;
; |triangular_waveform_nco|phase_accumulator[1]                                                                                     ; |triangular_waveform_nco|phase_accumulator[1]                                                                                     ; pin_out          ;
; |triangular_waveform_nco|phase_accumulator[2]                                                                                     ; |triangular_waveform_nco|phase_accumulator[2]                                                                                     ; pin_out          ;
; |triangular_waveform_nco|phase_accumulator[3]                                                                                     ; |triangular_waveform_nco|phase_accumulator[3]                                                                                     ; pin_out          ;
; |triangular_waveform_nco|phase_accumulator[4]                                                                                     ; |triangular_waveform_nco|phase_accumulator[4]                                                                                     ; pin_out          ;
; |triangular_waveform_nco|phase_accumulator[5]                                                                                     ; |triangular_waveform_nco|phase_accumulator[5]                                                                                     ; pin_out          ;
; |triangular_waveform_nco|full_scale_triangular_nco_value[1]                                                                       ; |triangular_waveform_nco|full_scale_triangular_nco_value[1]                                                                       ; pin_out          ;
; |triangular_waveform_nco|full_scale_triangular_nco_value[2]                                                                       ; |triangular_waveform_nco|full_scale_triangular_nco_value[2]                                                                       ; pin_out          ;
; |triangular_waveform_nco|full_scale_triangular_nco_value[3]                                                                       ; |triangular_waveform_nco|full_scale_triangular_nco_value[3]                                                                       ; pin_out          ;
; |triangular_waveform_nco|full_scale_triangular_nco_value[4]                                                                       ; |triangular_waveform_nco|full_scale_triangular_nco_value[4]                                                                       ; pin_out          ;
; |triangular_waveform_nco|full_scale_triangular_nco_value[5]                                                                       ; |triangular_waveform_nco|full_scale_triangular_nco_value[5]                                                                       ; pin_out          ;
; |triangular_waveform_nco|principal_theta[0]                                                                                       ; |triangular_waveform_nco|principal_theta[0]                                                                                       ; pin_out          ;
; |triangular_waveform_nco|principal_theta[1]                                                                                       ; |triangular_waveform_nco|principal_theta[1]                                                                                       ; pin_out          ;
; |triangular_waveform_nco|principal_theta[2]                                                                                       ; |triangular_waveform_nco|principal_theta[2]                                                                                       ; pin_out          ;
; |triangular_waveform_nco|principal_theta[3]                                                                                       ; |triangular_waveform_nco|principal_theta[3]                                                                                       ; pin_out          ;
; |triangular_waveform_nco|intermediate_triangular_nco_values[0]                                                                    ; |triangular_waveform_nco|intermediate_triangular_nco_values[0]                                                                    ; pin_out          ;
; |triangular_waveform_nco|intermediate_triangular_nco_values[1]                                                                    ; |triangular_waveform_nco|intermediate_triangular_nco_values[1]                                                                    ; pin_out          ;
; |triangular_waveform_nco|intermediate_triangular_nco_values[2]                                                                    ; |triangular_waveform_nco|intermediate_triangular_nco_values[2]                                                                    ; pin_out          ;
; |triangular_waveform_nco|intermediate_triangular_nco_values[3]                                                                    ; |triangular_waveform_nco|intermediate_triangular_nco_values[3]                                                                    ; pin_out          ;
; |triangular_waveform_nco|intermediate_triangular_nco_values[4]                                                                    ; |triangular_waveform_nco|intermediate_triangular_nco_values[4]                                                                    ; pin_out          ;
; |triangular_waveform_nco|intermediate_triangular_nco_values[5]                                                                    ; |triangular_waveform_nco|intermediate_triangular_nco_values[5]                                                                    ; pin_out          ;
; |triangular_waveform_nco|to_add_to_triangular_nco_theta[1]                                                                        ; |triangular_waveform_nco|to_add_to_triangular_nco_theta[1]                                                                        ; pin_out          ;
; |triangular_waveform_nco|to_add_to_triangular_nco_theta[2]                                                                        ; |triangular_waveform_nco|to_add_to_triangular_nco_theta[2]                                                                        ; pin_out          ;
; |triangular_waveform_nco|to_add_to_triangular_nco_theta[3]                                                                        ; |triangular_waveform_nco|to_add_to_triangular_nco_theta[3]                                                                        ; pin_out          ;
; |triangular_waveform_nco|to_add_to_triangular_nco_theta[4]                                                                        ; |triangular_waveform_nco|to_add_to_triangular_nco_theta[4]                                                                        ; pin_out          ;
; |triangular_waveform_nco|to_add_to_triangular_nco_theta[5]                                                                        ; |triangular_waveform_nco|to_add_to_triangular_nco_theta[5]                                                                        ; pin_out          ;
; |triangular_waveform_nco|temp_triangular_nco_value[0]                                                                             ; |triangular_waveform_nco|temp_triangular_nco_value[0]                                                                             ; pin_out          ;
; |triangular_waveform_nco|temp_triangular_nco_value[1]                                                                             ; |triangular_waveform_nco|temp_triangular_nco_value[1]                                                                             ; pin_out          ;
; |triangular_waveform_nco|temp_triangular_nco_value[2]                                                                             ; |triangular_waveform_nco|temp_triangular_nco_value[2]                                                                             ; pin_out          ;
; |triangular_waveform_nco|temp_triangular_nco_value[3]                                                                             ; |triangular_waveform_nco|temp_triangular_nco_value[3]                                                                             ; pin_out          ;
; |triangular_waveform_nco|temp_triangular_nco_value[4]                                                                             ; |triangular_waveform_nco|temp_triangular_nco_value[4]                                                                             ; pin_out          ;
; |triangular_waveform_nco|safely_discard_upper_sign_bits:safely_discard_upper_sign_bits_triangular_nco|comb~0                      ; |triangular_waveform_nco|safely_discard_upper_sign_bits:safely_discard_upper_sign_bits_triangular_nco|comb~0                      ; out0             ;
; |triangular_waveform_nco|safely_discard_upper_sign_bits:safely_discard_upper_sign_bits_triangular_nco|overflow_situation_occurred ; |triangular_waveform_nco|safely_discard_upper_sign_bits:safely_discard_upper_sign_bits_triangular_nco|overflow_situation_occurred ; out0             ;
; |triangular_waveform_nco|safely_discard_upper_sign_bits:safely_discard_upper_sign_bits_triangular_nco|outdata[3]                  ; |triangular_waveform_nco|safely_discard_upper_sign_bits:safely_discard_upper_sign_bits_triangular_nco|outdata[3]                  ; out              ;
; |triangular_waveform_nco|safely_discard_upper_sign_bits:safely_discard_upper_sign_bits_triangular_nco|outdata[2]                  ; |triangular_waveform_nco|safely_discard_upper_sign_bits:safely_discard_upper_sign_bits_triangular_nco|outdata[2]                  ; out              ;
; |triangular_waveform_nco|safely_discard_upper_sign_bits:safely_discard_upper_sign_bits_triangular_nco|outdata[1]                  ; |triangular_waveform_nco|safely_discard_upper_sign_bits:safely_discard_upper_sign_bits_triangular_nco|outdata[1]                  ; out              ;
; |triangular_waveform_nco|safely_discard_upper_sign_bits:safely_discard_upper_sign_bits_triangular_nco|outdata[0]                  ; |triangular_waveform_nco|safely_discard_upper_sign_bits:safely_discard_upper_sign_bits_triangular_nco|outdata[0]                  ; out              ;
; |triangular_waveform_nco|Decoder0~0                                                                                               ; |triangular_waveform_nco|Decoder0~0                                                                                               ; out0             ;
; |triangular_waveform_nco|Decoder0~1                                                                                               ; |triangular_waveform_nco|Decoder0~1                                                                                               ; out0             ;
; |triangular_waveform_nco|Add0~0                                                                                                   ; |triangular_waveform_nco|Add0~0                                                                                                   ; out0             ;
; |triangular_waveform_nco|Add0~1                                                                                                   ; |triangular_waveform_nco|Add0~1                                                                                                   ; out0             ;
; |triangular_waveform_nco|Add0~2                                                                                                   ; |triangular_waveform_nco|Add0~2                                                                                                   ; out0             ;
; |triangular_waveform_nco|Add0~3                                                                                                   ; |triangular_waveform_nco|Add0~3                                                                                                   ; out0             ;
; |triangular_waveform_nco|Add0~4                                                                                                   ; |triangular_waveform_nco|Add0~4                                                                                                   ; out0             ;
; |triangular_waveform_nco|Add0~7                                                                                                   ; |triangular_waveform_nco|Add0~7                                                                                                   ; out0             ;
; |triangular_waveform_nco|Add0~8                                                                                                   ; |triangular_waveform_nco|Add0~8                                                                                                   ; out0             ;
; |triangular_waveform_nco|Add0~9                                                                                                   ; |triangular_waveform_nco|Add0~9                                                                                                   ; out0             ;
; |triangular_waveform_nco|Add0~12                                                                                                  ; |triangular_waveform_nco|Add0~12                                                                                                  ; out0             ;
; |triangular_waveform_nco|Add0~13                                                                                                  ; |triangular_waveform_nco|Add0~13                                                                                                  ; out0             ;
; |triangular_waveform_nco|Add0~14                                                                                                  ; |triangular_waveform_nco|Add0~14                                                                                                  ; out0             ;
; |triangular_waveform_nco|Add0~17                                                                                                  ; |triangular_waveform_nco|Add0~17                                                                                                  ; out0             ;
; |triangular_waveform_nco|Add0~18                                                                                                  ; |triangular_waveform_nco|Add0~18                                                                                                  ; out0             ;
; |triangular_waveform_nco|Add0~19                                                                                                  ; |triangular_waveform_nco|Add0~19                                                                                                  ; out0             ;
; |triangular_waveform_nco|Add0~22                                                                                                  ; |triangular_waveform_nco|Add0~22                                                                                                  ; out0             ;
; |triangular_waveform_nco|Add1~0                                                                                                   ; |triangular_waveform_nco|Add1~0                                                                                                   ; out0             ;
; |triangular_waveform_nco|Add1~1                                                                                                   ; |triangular_waveform_nco|Add1~1                                                                                                   ; out0             ;
; |triangular_waveform_nco|Add1~2                                                                                                   ; |triangular_waveform_nco|Add1~2                                                                                                   ; out0             ;
; |triangular_waveform_nco|Add1~3                                                                                                   ; |triangular_waveform_nco|Add1~3                                                                                                   ; out0             ;
; |triangular_waveform_nco|Add1~4                                                                                                   ; |triangular_waveform_nco|Add1~4                                                                                                   ; out0             ;
; |triangular_waveform_nco|Add1~5                                                                                                   ; |triangular_waveform_nco|Add1~5                                                                                                   ; out0             ;
; |triangular_waveform_nco|Add1~6                                                                                                   ; |triangular_waveform_nco|Add1~6                                                                                                   ; out0             ;
; |triangular_waveform_nco|Add1~7                                                                                                   ; |triangular_waveform_nco|Add1~7                                                                                                   ; out0             ;
; |triangular_waveform_nco|Add1~8                                                                                                   ; |triangular_waveform_nco|Add1~8                                                                                                   ; out0             ;
; |triangular_waveform_nco|Add1~9                                                                                                   ; |triangular_waveform_nco|Add1~9                                                                                                   ; out0             ;
; |triangular_waveform_nco|Add1~10                                                                                                  ; |triangular_waveform_nco|Add1~10                                                                                                  ; out0             ;
; |triangular_waveform_nco|Add1~11                                                                                                  ; |triangular_waveform_nco|Add1~11                                                                                                  ; out0             ;
; |triangular_waveform_nco|Add1~12                                                                                                  ; |triangular_waveform_nco|Add1~12                                                                                                  ; out0             ;
; |triangular_waveform_nco|Add1~13                                                                                                  ; |triangular_waveform_nco|Add1~13                                                                                                  ; out0             ;
; |triangular_waveform_nco|Add1~15                                                                                                  ; |triangular_waveform_nco|Add1~15                                                                                                  ; out0             ;
; |triangular_waveform_nco|Add1~17                                                                                                  ; |triangular_waveform_nco|Add1~17                                                                                                  ; out0             ;
; |triangular_waveform_nco|safely_discard_upper_sign_bits:safely_discard_upper_sign_bits_triangular_nco|Equal0~0                    ; |triangular_waveform_nco|safely_discard_upper_sign_bits:safely_discard_upper_sign_bits_triangular_nco|Equal0~0                    ; out0             ;
+-----------------------------------------------------------------------------------------------------------------------------------+-----------------------------------------------------------------------------------------------------------------------------------+------------------+


The following table displays output ports that do not toggle to 1 during simulation.
+----------------------------------------------------------------------------------------------------------------------------------------------+
; Missing 1-Value Coverage                                                                                                                     ;
+-------------------------------------------------------------+-------------------------------------------------------------+------------------+
; Node Name                                                   ; Output Port Name                                            ; Output Port Type ;
+-------------------------------------------------------------+-------------------------------------------------------------+------------------+
; |triangular_waveform_nco|phi_inc_i[0]                       ; |triangular_waveform_nco|phi_inc_i[0]                       ; out              ;
; |triangular_waveform_nco|phi_inc_i[1]                       ; |triangular_waveform_nco|phi_inc_i[1]                       ; out              ;
; |triangular_waveform_nco|phi_inc_i[2]                       ; |triangular_waveform_nco|phi_inc_i[2]                       ; out              ;
; |triangular_waveform_nco|phi_inc_i[3]                       ; |triangular_waveform_nco|phi_inc_i[3]                       ; out              ;
; |triangular_waveform_nco|phi_inc_i[4]                       ; |triangular_waveform_nco|phi_inc_i[4]                       ; out              ;
; |triangular_waveform_nco|phi_inc_i[5]                       ; |triangular_waveform_nco|phi_inc_i[5]                       ; out              ;
; |triangular_waveform_nco|full_scale_triangular_nco_value[0] ; |triangular_waveform_nco|full_scale_triangular_nco_value[0] ; pin_out          ;
; |triangular_waveform_nco|principal_theta[4]                 ; |triangular_waveform_nco|principal_theta[4]                 ; pin_out          ;
; |triangular_waveform_nco|principal_theta[5]                 ; |triangular_waveform_nco|principal_theta[5]                 ; pin_out          ;
; |triangular_waveform_nco|to_add_to_triangular_nco_theta[0]  ; |triangular_waveform_nco|to_add_to_triangular_nco_theta[0]  ; pin_out          ;
; |triangular_waveform_nco|Add0~5                             ; |triangular_waveform_nco|Add0~5                             ; out0             ;
; |triangular_waveform_nco|Add0~6                             ; |triangular_waveform_nco|Add0~6                             ; out0             ;
; |triangular_waveform_nco|Add0~10                            ; |triangular_waveform_nco|Add0~10                            ; out0             ;
; |triangular_waveform_nco|Add0~11                            ; |triangular_waveform_nco|Add0~11                            ; out0             ;
; |triangular_waveform_nco|Add0~15                            ; |triangular_waveform_nco|Add0~15                            ; out0             ;
; |triangular_waveform_nco|Add0~16                            ; |triangular_waveform_nco|Add0~16                            ; out0             ;
; |triangular_waveform_nco|Add0~20                            ; |triangular_waveform_nco|Add0~20                            ; out0             ;
; |triangular_waveform_nco|Add0~21                            ; |triangular_waveform_nco|Add0~21                            ; out0             ;
; |triangular_waveform_nco|Add1~14                            ; |triangular_waveform_nco|Add1~14                            ; out0             ;
; |triangular_waveform_nco|Add1~16                            ; |triangular_waveform_nco|Add1~16                            ; out0             ;
+-------------------------------------------------------------+-------------------------------------------------------------+------------------+


The following table displays output ports that do not toggle to 0 during simulation.
+----------------------------------------------------------------------------------------------------------------------------------------------+
; Missing 0-Value Coverage                                                                                                                     ;
+-------------------------------------------------------------+-------------------------------------------------------------+------------------+
; Node Name                                                   ; Output Port Name                                            ; Output Port Type ;
+-------------------------------------------------------------+-------------------------------------------------------------+------------------+
; |triangular_waveform_nco|phi_inc_i[0]                       ; |triangular_waveform_nco|phi_inc_i[0]                       ; out              ;
; |triangular_waveform_nco|phi_inc_i[1]                       ; |triangular_waveform_nco|phi_inc_i[1]                       ; out              ;
; |triangular_waveform_nco|phi_inc_i[2]                       ; |triangular_waveform_nco|phi_inc_i[2]                       ; out              ;
; |triangular_waveform_nco|phi_inc_i[3]                       ; |triangular_waveform_nco|phi_inc_i[3]                       ; out              ;
; |triangular_waveform_nco|phi_inc_i[4]                       ; |triangular_waveform_nco|phi_inc_i[4]                       ; out              ;
; |triangular_waveform_nco|phi_inc_i[5]                       ; |triangular_waveform_nco|phi_inc_i[5]                       ; out              ;
; |triangular_waveform_nco|full_scale_triangular_nco_value[0] ; |triangular_waveform_nco|full_scale_triangular_nco_value[0] ; pin_out          ;
; |triangular_waveform_nco|principal_theta[4]                 ; |triangular_waveform_nco|principal_theta[4]                 ; pin_out          ;
; |triangular_waveform_nco|principal_theta[5]                 ; |triangular_waveform_nco|principal_theta[5]                 ; pin_out          ;
; |triangular_waveform_nco|to_add_to_triangular_nco_theta[0]  ; |triangular_waveform_nco|to_add_to_triangular_nco_theta[0]  ; pin_out          ;
; |triangular_waveform_nco|Add0~5                             ; |triangular_waveform_nco|Add0~5                             ; out0             ;
; |triangular_waveform_nco|Add0~6                             ; |triangular_waveform_nco|Add0~6                             ; out0             ;
; |triangular_waveform_nco|Add0~10                            ; |triangular_waveform_nco|Add0~10                            ; out0             ;
; |triangular_waveform_nco|Add0~11                            ; |triangular_waveform_nco|Add0~11                            ; out0             ;
; |triangular_waveform_nco|Add0~15                            ; |triangular_waveform_nco|Add0~15                            ; out0             ;
; |triangular_waveform_nco|Add0~16                            ; |triangular_waveform_nco|Add0~16                            ; out0             ;
; |triangular_waveform_nco|Add0~20                            ; |triangular_waveform_nco|Add0~20                            ; out0             ;
; |triangular_waveform_nco|Add0~21                            ; |triangular_waveform_nco|Add0~21                            ; out0             ;
; |triangular_waveform_nco|Add1~14                            ; |triangular_waveform_nco|Add1~14                            ; out0             ;
; |triangular_waveform_nco|Add1~16                            ; |triangular_waveform_nco|Add1~16                            ; out0             ;
+-------------------------------------------------------------+-------------------------------------------------------------+------------------+


+---------------------+
; Simulator INI Usage ;
+--------+------------+
; Option ; Usage      ;
+--------+------------+


+--------------------+
; Simulator Messages ;
+--------------------+
Info: *******************************************************************
Info: Running Quartus II Simulator
    Info: Version 9.0 Build 235 06/17/2009 Service Pack 2 SJ Web Edition
    Info: Processing started: Thu Sep 17 11:23:46 2015
Info: Command: quartus_sim --read_settings_files=on --write_settings_files=off triangular_waveform_nco -c triangular_waveform_nco
Info: Using vector source file "D:/avsoc/edevel00393_avsoc_hps/tsbs/common_rtl_library/tsb/ip/sim/triangular_waveform_nco.vwf"
Info: Overwriting simulation input file with simulation results
    Info: A backup of triangular_waveform_nco.vwf called triangular_waveform_nco.sim_ori.vwf has been created in the db folder
Warning: Ignored node in vector source file. Can't find corresponding node name "phase_accumulator[6]" in design.
Warning: Ignored node in vector source file. Can't find corresponding node name "phase_accumulator[7]" in design.
Warning: Ignored node in vector source file. Can't find corresponding node name "phase_accumulator[8]" in design.
Warning: Ignored node in vector source file. Can't find corresponding node name "phase_accumulator[9]" in design.
Warning: Ignored node in vector source file. Can't find corresponding node name "phase_accumulator[10]" in design.
Warning: Ignored node in vector source file. Can't find corresponding node name "phase_accumulator[11]" in design.
Warning: Ignored node in vector source file. Can't find corresponding node name "phase_accumulator[12]" in design.
Warning: Ignored node in vector source file. Can't find corresponding node name "phase_accumulator[13]" in design.
Warning: Ignored node in vector source file. Can't find corresponding node name "phase_accumulator[14]" in design.
Warning: Ignored node in vector source file. Can't find corresponding node name "phase_accumulator[15]" in design.
Warning: Ignored node in vector source file. Can't find corresponding node name "full_scale_triangular_nco_value[6]" in design.
Warning: Ignored node in vector source file. Can't find corresponding node name "full_scale_triangular_nco_value[7]" in design.
Warning: Ignored node in vector source file. Can't find corresponding node name "full_scale_triangular_nco_value[8]" in design.
Warning: Ignored node in vector source file. Can't find corresponding node name "full_scale_triangular_nco_value[9]" in design.
Warning: Ignored node in vector source file. Can't find corresponding node name "full_scale_triangular_nco_value[10]" in design.
Warning: Ignored node in vector source file. Can't find corresponding node name "full_scale_triangular_nco_value[11]" in design.
Warning: Ignored node in vector source file. Can't find corresponding node name "full_scale_triangular_nco_value[12]" in design.
Warning: Ignored node in vector source file. Can't find corresponding node name "full_scale_triangular_nco_value[13]" in design.
Warning: Ignored node in vector source file. Can't find corresponding node name "full_scale_triangular_nco_value[14]" in design.
Warning: Ignored node in vector source file. Can't find corresponding node name "full_scale_triangular_nco_value[15]" in design.
Warning: Ignored node in vector source file. Can't find corresponding node name "principal_theta[6]" in design.
Warning: Ignored node in vector source file. Can't find corresponding node name "principal_theta[7]" in design.
Warning: Ignored node in vector source file. Can't find corresponding node name "principal_theta[8]" in design.
Warning: Ignored node in vector source file. Can't find corresponding node name "principal_theta[9]" in design.
Warning: Ignored node in vector source file. Can't find corresponding node name "principal_theta[10]" in design.
Warning: Ignored node in vector source file. Can't find corresponding node name "principal_theta[11]" in design.
Warning: Ignored node in vector source file. Can't find corresponding node name "principal_theta[12]" in design.
Warning: Ignored node in vector source file. Can't find corresponding node name "principal_theta[13]" in design.
Warning: Ignored node in vector source file. Can't find corresponding node name "principal_theta[14]" in design.
Warning: Ignored node in vector source file. Can't find corresponding node name "principal_theta[15]" in design.
Warning: Ignored node in vector source file. Can't find corresponding node name "intermediate_triangular_nco_values[6]" in design.
Warning: Ignored node in vector source file. Can't find corresponding node name "intermediate_triangular_nco_values[7]" in design.
Warning: Ignored node in vector source file. Can't find corresponding node name "intermediate_triangular_nco_values[8]" in design.
Warning: Ignored node in vector source file. Can't find corresponding node name "intermediate_triangular_nco_values[9]" in design.
Warning: Ignored node in vector source file. Can't find corresponding node name "intermediate_triangular_nco_values[10]" in design.
Warning: Ignored node in vector source file. Can't find corresponding node name "intermediate_triangular_nco_values[11]" in design.
Warning: Ignored node in vector source file. Can't find corresponding node name "intermediate_triangular_nco_values[12]" in design.
Warning: Ignored node in vector source file. Can't find corresponding node name "intermediate_triangular_nco_values[13]" in design.
Warning: Ignored node in vector source file. Can't find corresponding node name "intermediate_triangular_nco_values[14]" in design.
Warning: Ignored node in vector source file. Can't find corresponding node name "intermediate_triangular_nco_values[15]" in design.
Warning: Ignored node in vector source file. Can't find corresponding node name "to_add_to_triangular_nco_theta[6]" in design.
Warning: Ignored node in vector source file. Can't find corresponding node name "to_add_to_triangular_nco_theta[7]" in design.
Warning: Ignored node in vector source file. Can't find corresponding node name "to_add_to_triangular_nco_theta[8]" in design.
Warning: Ignored node in vector source file. Can't find corresponding node name "to_add_to_triangular_nco_theta[9]" in design.
Warning: Ignored node in vector source file. Can't find corresponding node name "to_add_to_triangular_nco_theta[10]" in design.
Warning: Ignored node in vector source file. Can't find corresponding node name "to_add_to_triangular_nco_theta[11]" in design.
Warning: Ignored node in vector source file. Can't find corresponding node name "to_add_to_triangular_nco_theta[12]" in design.
Warning: Ignored node in vector source file. Can't find corresponding node name "to_add_to_triangular_nco_theta[13]" in design.
Warning: Ignored node in vector source file. Can't find corresponding node name "to_add_to_triangular_nco_theta[14]" in design.
Warning: Ignored node in vector source file. Can't find corresponding node name "to_add_to_triangular_nco_theta[15]" in design.
Warning: Ignored node in vector source file. Can't find corresponding node name "temp_triangular_nco_value[5]" in design.
Warning: Ignored node in vector source file. Can't find corresponding node name "temp_triangular_nco_value[6]" in design.
Warning: Ignored node in vector source file. Can't find corresponding node name "temp_triangular_nco_value[7]" in design.
Warning: Ignored node in vector source file. Can't find corresponding node name "temp_triangular_nco_value[8]" in design.
Warning: Ignored node in vector source file. Can't find corresponding node name "temp_triangular_nco_value[9]" in design.
Warning: Ignored node in vector source file. Can't find corresponding node name "temp_triangular_nco_value[10]" in design.
Warning: Ignored node in vector source file. Can't find corresponding node name "temp_triangular_nco_value[11]" in design.
Warning: Ignored node in vector source file. Can't find corresponding node name "temp_triangular_nco_value[12]" in design.
Warning: Ignored node in vector source file. Can't find corresponding node name "temp_triangular_nco_value[13]" in design.
Warning: Ignored node in vector source file. Can't find corresponding node name "temp_triangular_nco_value[14]" in design.
Info: Option to preserve fewer signal transitions to reduce memory requirements is enabled
    Info: Simulation has been partitioned into sub-simulations according to the maximum transition count determined by the engine. Transitions from memory will be flushed out to disk at the end of each sub-simulation to reduce memory requirements.
Info: Simulation partitioned into 1 sub-simulations
Info: Simulation coverage is      81.65 %
Info: Number of transitions in simulation is 34058
Info: Vector file triangular_waveform_nco.vwf is saved in VWF text format. You can compress it into CVWF format in order to reduce file size. For more details please refer to the Quartus II Help.
Info: Quartus II Simulator was successful. 0 errors, 60 warnings
    Info: Peak virtual memory: 154 megabytes
    Info: Processing ended: Thu Sep 17 11:23:46 2015
    Info: Elapsed time: 00:00:00
    Info: Total CPU time (on all processors): 00:00:00


