Analysis & Synthesis report for triggered_packetizer
Wed Dec 05 07:15:07 2018
Quartus II Version 9.0 Build 235 06/17/2009 Service Pack 2 SJ Web Edition


---------------------
; Table of Contents ;
---------------------
  1. Legal Notice
  2. Analysis & Synthesis Summary
  3. Analysis & Synthesis Settings
  4. Analysis & Synthesis Messages



----------------
; Legal Notice ;
----------------
Copyright (C) 1991-2009 Altera Corporation
Your use of Altera Corporation's design tools, logic functions 
and other software and tools, and its AMPP partner logic 
functions, and any output files from any of the foregoing 
(including device programming or simulation files), and any 
associated documentation or information are expressly subject 
to the terms and conditions of the Altera Program License 
Subscription Agreement, Altera MegaCore Function License 
Agreement, or other applicable license agreement, including, 
without limitation, that your use is for the sole purpose of 
programming logic devices manufactured by Altera and sold by 
Altera or its authorized distributors.  Please refer to the 
applicable agreement for further details.



+-----------------------------------------------------------------------------------+
; Analysis & Synthesis Summary                                                      ;
+------------------------------------+----------------------------------------------+
; Analysis & Synthesis Status        ; Failed - Wed Dec 05 07:15:07 2018            ;
; Quartus II Version                 ; 9.0 Build 235 06/17/2009 SP 2 SJ Web Edition ;
; Revision Name                      ; triggered_packetizer                         ;
; Top-level Entity Name              ; triggered_packetizer                         ;
; Family                             ; Cyclone III                                  ;
; Total logic elements               ; N/A until Partition Merge                    ;
;     Total combinational functions  ; N/A until Partition Merge                    ;
;     Dedicated logic registers      ; N/A until Partition Merge                    ;
; Total registers                    ; N/A until Partition Merge                    ;
; Total pins                         ; N/A until Partition Merge                    ;
; Total virtual pins                 ; N/A until Partition Merge                    ;
; Total memory bits                  ; N/A until Partition Merge                    ;
; Embedded Multiplier 9-bit elements ; N/A until Partition Merge                    ;
; Total PLLs                         ; N/A until Partition Merge                    ;
+------------------------------------+----------------------------------------------+


+------------------------------------------------------------------------------------------------------------+
; Analysis & Synthesis Settings                                                                              ;
+--------------------------------------------------------------+----------------------+----------------------+
; Option                                                       ; Setting              ; Default Value        ;
+--------------------------------------------------------------+----------------------+----------------------+
; Top-level entity name                                        ; triggered_packetizer ; triggered_packetizer ;
; Family name                                                  ; Cyclone III          ; Stratix II           ;
; Verilog Show LMF Mapping Messages                            ; Off                  ;                      ;
; Verilog Version                                              ; SystemVerilog_2005   ; Verilog_2001         ;
; Power-Up Don't Care                                          ; Off                  ; On                   ;
; Optimization Technique                                       ; Speed                ; Balanced             ;
; Use Generated Physical Constraints File                      ; Off                  ;                      ;
; Use smart compilation                                        ; Off                  ; Off                  ;
; Restructure Multiplexers                                     ; Auto                 ; Auto                 ;
; Create Debugging Nodes for IP Cores                          ; Off                  ; Off                  ;
; Preserve fewer node names                                    ; On                   ; On                   ;
; Disable OpenCore Plus hardware evaluation                    ; Off                  ; Off                  ;
; VHDL Version                                                 ; VHDL93               ; VHDL93               ;
; State Machine Processing                                     ; Auto                 ; Auto                 ;
; Safe State Machine                                           ; Off                  ; Off                  ;
; Extract Verilog State Machines                               ; On                   ; On                   ;
; Extract VHDL State Machines                                  ; On                   ; On                   ;
; Ignore Verilog initial constructs                            ; Off                  ; Off                  ;
; Iteration limit for constant Verilog loops                   ; 5000                 ; 5000                 ;
; Iteration limit for non-constant Verilog loops               ; 250                  ; 250                  ;
; Add Pass-Through Logic to Inferred RAMs                      ; On                   ; On                   ;
; Parallel Synthesis                                           ; Off                  ; Off                  ;
; DSP Block Balancing                                          ; Auto                 ; Auto                 ;
; NOT Gate Push-Back                                           ; On                   ; On                   ;
; Remove Redundant Logic Cells                                 ; Off                  ; Off                  ;
; Remove Duplicate Registers                                   ; On                   ; On                   ;
; Ignore CARRY Buffers                                         ; Off                  ; Off                  ;
; Ignore CASCADE Buffers                                       ; Off                  ; Off                  ;
; Ignore GLOBAL Buffers                                        ; Off                  ; Off                  ;
; Ignore ROW GLOBAL Buffers                                    ; Off                  ; Off                  ;
; Ignore LCELL Buffers                                         ; Off                  ; Off                  ;
; Ignore SOFT Buffers                                          ; On                   ; On                   ;
; Limit AHDL Integers to 32 Bits                               ; Off                  ; Off                  ;
; Carry Chain Length                                           ; 70                   ; 70                   ;
; Auto Carry Chains                                            ; On                   ; On                   ;
; Auto Open-Drain Pins                                         ; On                   ; On                   ;
; Perform WYSIWYG Primitive Resynthesis                        ; Off                  ; Off                  ;
; Auto ROM Replacement                                         ; On                   ; On                   ;
; Auto RAM Replacement                                         ; On                   ; On                   ;
; Auto DSP Block Replacement                                   ; On                   ; On                   ;
; Auto Shift Register Replacement                              ; Auto                 ; Auto                 ;
; Auto Clock Enable Replacement                                ; On                   ; On                   ;
; Strict RAM Replacement                                       ; Off                  ; Off                  ;
; Allow Synchronous Control Signals                            ; On                   ; On                   ;
; Force Use of Synchronous Clear Signals                       ; Off                  ; Off                  ;
; Auto RAM Block Balancing                                     ; On                   ; On                   ;
; Auto RAM to Logic Cell Conversion                            ; Off                  ; Off                  ;
; Auto Resource Sharing                                        ; Off                  ; Off                  ;
; Allow Any RAM Size For Recognition                           ; Off                  ; Off                  ;
; Allow Any ROM Size For Recognition                           ; Off                  ; Off                  ;
; Allow Any Shift Register Size For Recognition                ; Off                  ; Off                  ;
; Use LogicLock Constraints during Resource Balancing          ; On                   ; On                   ;
; Ignore translate_off and synthesis_off directives            ; Off                  ; Off                  ;
; Timing-Driven Synthesis                                      ; Off                  ; Off                  ;
; Show Parameter Settings Tables in Synthesis Report           ; On                   ; On                   ;
; Ignore Maximum Fan-Out Assignments                           ; Off                  ; Off                  ;
; Synchronization Register Chain Length                        ; 2                    ; 2                    ;
; PowerPlay Power Optimization                                 ; Normal compilation   ; Normal compilation   ;
; HDL message level                                            ; Level2               ; Level2               ;
; Suppress Register Optimization Related Messages              ; Off                  ; Off                  ;
; Number of Removed Registers Reported in Synthesis Report     ; 100                  ; 100                  ;
; Number of Inverted Registers Reported in Synthesis Report    ; 100                  ; 100                  ;
; Clock MUX Protection                                         ; On                   ; On                   ;
; Auto Gated Clock Conversion                                  ; Off                  ; Off                  ;
; Block Design Naming                                          ; Auto                 ; Auto                 ;
; SDC constraint protection                                    ; Off                  ; Off                  ;
; Synthesis Effort                                             ; Auto                 ; Auto                 ;
; Shift Register Replacement - Allow Asynchronous Clear Signal ; On                   ; On                   ;
; Analysis & Synthesis Message Level                           ; Medium               ; Medium               ;
+--------------------------------------------------------------+----------------------+----------------------+


+-------------------------------+
; Analysis & Synthesis Messages ;
+-------------------------------+
Info: *******************************************************************
Info: Running Quartus II Analysis & Synthesis
    Info: Version 9.0 Build 235 06/17/2009 Service Pack 2 SJ Web Edition
    Info: Processing started: Wed Dec 05 07:15:06 2018
Info: Command: quartus_map --read_settings_files=on --write_settings_files=off triggered_packetizer -c triggered_packetizer
Error (10217): Verilog HDL Function Declaration error at interface_defs.v(33): function must have at least one input File: D:/de10_prototype/tsbs/common_rtl_library/tsb/ip/rtl/interface_defs.v Line: 33
Error (10217): Verilog HDL Function Declaration error at interface_defs.v(37): function must have at least one input File: D:/de10_prototype/tsbs/common_rtl_library/tsb/ip/rtl/interface_defs.v Line: 37
Error (10217): Verilog HDL Function Declaration error at interface_defs.v(40): function must have at least one input File: D:/de10_prototype/tsbs/common_rtl_library/tsb/ip/rtl/interface_defs.v Line: 40
Error (10112): Ignored design unit "avalon_st_streaming_interface" at interface_defs.v(28) due to previous errors File: D:/de10_prototype/tsbs/common_rtl_library/tsb/ip/rtl/interface_defs.v Line: 28
Error (10217): Verilog HDL Function Declaration error at interface_defs.v(58): function must have at least one input File: D:/de10_prototype/tsbs/common_rtl_library/tsb/ip/rtl/interface_defs.v Line: 58
Error (10217): Verilog HDL Function Declaration error at interface_defs.v(61): function must have at least one input File: D:/de10_prototype/tsbs/common_rtl_library/tsb/ip/rtl/interface_defs.v Line: 61
Error (10217): Verilog HDL Function Declaration error at interface_defs.v(65): function must have at least one input File: D:/de10_prototype/tsbs/common_rtl_library/tsb/ip/rtl/interface_defs.v Line: 65
Error (10217): Verilog HDL Function Declaration error at interface_defs.v(69): function must have at least one input File: D:/de10_prototype/tsbs/common_rtl_library/tsb/ip/rtl/interface_defs.v Line: 69
Error (10112): Ignored design unit "multiple_avalon_st_streaming_interfaces" at interface_defs.v(53) due to previous errors File: D:/de10_prototype/tsbs/common_rtl_library/tsb/ip/rtl/interface_defs.v Line: 53
Error (10217): Verilog HDL Function Declaration error at interface_defs.v(88): function must have at least one input File: D:/de10_prototype/tsbs/common_rtl_library/tsb/ip/rtl/interface_defs.v Line: 88
Error (10217): Verilog HDL Function Declaration error at interface_defs.v(91): function must have at least one input File: D:/de10_prototype/tsbs/common_rtl_library/tsb/ip/rtl/interface_defs.v Line: 91
Error (10217): Verilog HDL Function Declaration error at interface_defs.v(94): function must have at least one input File: D:/de10_prototype/tsbs/common_rtl_library/tsb/ip/rtl/interface_defs.v Line: 94
Error (10217): Verilog HDL Function Declaration error at interface_defs.v(97): function must have at least one input File: D:/de10_prototype/tsbs/common_rtl_library/tsb/ip/rtl/interface_defs.v Line: 97
Error (10112): Ignored design unit "multiple_avalon_st_streaming_interfaces_w_independent_clocks" at interface_defs.v(83) due to previous errors File: D:/de10_prototype/tsbs/common_rtl_library/tsb/ip/rtl/interface_defs.v Line: 83
Error (10112): Ignored design unit "atlantic_32_bit_packet_interface" at interface_defs.v(110) due to previous errors File: D:/de10_prototype/tsbs/common_rtl_library/tsb/ip/rtl/interface_defs.v Line: 110
Error (10217): Verilog HDL Function Declaration error at interface_defs.v(125): function must have at least one input File: D:/de10_prototype/tsbs/common_rtl_library/tsb/ip/rtl/interface_defs.v Line: 125
Error (10112): Ignored design unit "simple_atlantic_streaming_interface" at interface_defs.v(123) due to previous errors File: D:/de10_prototype/tsbs/common_rtl_library/tsb/ip/rtl/interface_defs.v Line: 123
Error (10112): Ignored design unit "generic_spi_interface" at interface_defs.v(134) due to previous errors File: D:/de10_prototype/tsbs/common_rtl_library/tsb/ip/rtl/interface_defs.v Line: 134
Error (10217): Verilog HDL Function Declaration error at interface_defs.v(158): function must have at least one input File: D:/de10_prototype/tsbs/common_rtl_library/tsb/ip/rtl/interface_defs.v Line: 158
Info: Found 0 design units, including 0 entities, in source file ../rtl/triggered_packetizer.v
Error: Quartus II Analysis & Synthesis was unsuccessful. 19 errors, 0 warnings
    Error: Peak virtual memory: 213 megabytes
    Error: Processing ended: Wed Dec 05 07:15:07 2018
    Error: Elapsed time: 00:00:01
    Error: Total CPU time (on all processors): 00:00:00


