Info: Starting: Create block symbol file (.bsf)
Info: qsys-generate C:\illusense\a10_prototype\tsbs\common_rtl_library\tsb\ip\rtl\fft\fp_complex_mult.qsys --block-symbol-file --output-directory=C:\illusense\a10_prototype\tsbs\common_rtl_library\tsb\ip\rtl\fft\fp_complex_mult --family="Arria 10" --part=10AS066H2F34I1SG
Progress: Loading fft/fp_complex_mult.qsys
Progress: Reading input file
Progress: Adding fp_functions_0 [altera_fp_functions 18.1]
Progress: Parameterizing module fp_functions_0
Progress: Building connections
Progress: Parameterizing connections
Progress: Validating
Progress: Done reading input file
Info: fp_complex_mult.fp_functions_0: J:/intelfpga/18.1/quartus/dspba/backend/windows64/cmdPolyEval -target Arria10 -frequency 320 -name none -noChanValid -enableHardFP 1 -printMachineReadable -noFileGenerate -speedgrade 1 FPComplexMul 8 23
Info: fp_complex_mult.fp_functions_0: J:/intelfpga/18.1/quartus/dspba/backend/windows64/cmdPolyEval -target Arria10 -frequency 320 -name none -noChanValid -enableHardFP 1 -printMachineReadable -noFileGenerate -speedgrade 1 FPComplexMul 8 23
Info: qsys-generate succeeded.
Info: Finished: Create block symbol file (.bsf)
Info: 
Info: Starting: Create HDL design files for synthesis
Info: qsys-generate C:\illusense\a10_prototype\tsbs\common_rtl_library\tsb\ip\rtl\fft\fp_complex_mult.qsys --synthesis=VERILOG --output-directory=C:\illusense\a10_prototype\tsbs\common_rtl_library\tsb\ip\rtl\fft\fp_complex_mult --family="Arria 10" --part=10AS066H2F34I1SG
Progress: Loading fft/fp_complex_mult.qsys
Progress: Reading input file
Progress: Adding fp_functions_0 [altera_fp_functions 18.1]
Progress: Parameterizing module fp_functions_0
Progress: Building connections
Progress: Parameterizing connections
Progress: Validating
Progress: Done reading input file
Info: fp_complex_mult.fp_functions_0: J:/intelfpga/18.1/quartus/dspba/backend/windows64/cmdPolyEval -target Arria10 -frequency 320 -name none -noChanValid -enableHardFP 1 -printMachineReadable -noFileGenerate -speedgrade 1 FPComplexMul 8 23
Info: fp_complex_mult.fp_functions_0: J:/intelfpga/18.1/quartus/dspba/backend/windows64/cmdPolyEval -target Arria10 -frequency 320 -name none -noChanValid -enableHardFP 1 -printMachineReadable -noFileGenerate -speedgrade 1 FPComplexMul 8 23
Info: fp_complex_mult: "Transforming system: fp_complex_mult"
Info: fp_complex_mult: Running transform generation_view_transform
Info: fp_complex_mult: Running transform generation_view_transform took 0.000s
Info: fp_functions_0: Running transform generation_view_transform
Info: fp_functions_0: Running transform generation_view_transform took 0.000s
Info: fp_complex_mult: Running transform merlin_avalon_transform
Info: fp_complex_mult: Running transform merlin_avalon_transform took 0.007s
Info: fp_complex_mult: "Naming system components in system: fp_complex_mult"
Info: fp_complex_mult: "Processing generation queue"
Info: fp_complex_mult: "Generating: fp_complex_mult"
Info: fp_complex_mult: "Generating: fp_complex_mult_altera_fp_functions_181_jqzgwvq"
Info: fp_functions_0: J:/intelfpga/18.1/quartus/dspba/backend/windows64/cmdPolyEval -target Arria10 -frequency 320 -name fp_complex_mult_altera_fp_functions_181_jqzgwvq -noChanValid -enableHardFP 1 -printMachineReadable -lang VHDL -speedgrade 1 FPComplexMul 8 23
Info: fp_functions_0: Latency on Arria 10 is 5 cycles
Info: fp_functions_0: DSP Blocks Used: 8
Info: fp_functions_0: LUTs Used: 48
Info: fp_functions_0: Memory Bits Used: 0
Info: fp_functions_0: Memory Blocks Used: 0
Info: fp_complex_mult: Done "fp_complex_mult" with 2 modules, 5 files
Info: qsys-generate succeeded.
Info: Finished: Create HDL design files for synthesis
