Copyright 1986-2018 Xilinx, Inc. All Rights Reserved.
---------------------------------------------------------------------------------------
| Tool Version : Vivado v.2018.3 (win64) Build 2405991 Thu Dec  6 23:38:27 MST 2018
| Date         : Tue Feb 11 16:50:51 2020
| Host         : edev3 running 64-bit major release  (build 9200)
| Command      : report_control_sets -verbose -file system_top_control_sets_placed.rpt
| Design       : system_top
| Device       : xczu6eg
---------------------------------------------------------------------------------------

Control Set Information

Table of Contents
-----------------
1. Summary
2. Histogram
3. Flip-Flop Distribution
4. Detailed Control Set Information

1. Summary
----------

+----------------------------------------------------------+-------+
|                          Status                          | Count |
+----------------------------------------------------------+-------+
| Number of unique control sets                            |    66 |
| Unused register locations in slices containing registers |    85 |
+----------------------------------------------------------+-------+


2. Histogram
------------

+--------+--------------+
| Fanout | Control Sets |
+--------+--------------+
|      1 |            1 |
|      2 |           10 |
|      3 |            1 |
|      4 |            9 |
|      5 |            4 |
|      6 |            3 |
|      7 |            1 |
|      8 |            3 |
|      9 |            1 |
|     10 |            2 |
|     11 |            4 |
|     12 |            1 |
|    16+ |           26 |
+--------+--------------+


3. Flip-Flop Distribution
-------------------------

+--------------+-----------------------+------------------------+-----------------+--------------+
| Clock Enable | Synchronous Set/Reset | Asynchronous Set/Reset | Total Registers | Total Slices |
+--------------+-----------------------+------------------------+-----------------+--------------+
| No           | No                    | No                     |             178 |           90 |
| No           | No                    | Yes                    |               0 |            0 |
| No           | Yes                   | No                     |             309 |           81 |
| Yes          | No                    | No                     |             531 |          113 |
| Yes          | No                    | Yes                    |               0 |            0 |
| Yes          | Yes                   | No                     |             193 |           71 |
+--------------+-----------------------+------------------------+-----------------+--------------+


4. Detailed Control Set Information
-----------------------------------

+--------------------------------------------+--------------------------------------------------------------------------------------------------------------------------------------------------------------+----------------------------------------------------------------------------------------------------------------------------------------+------------------+----------------+
|                Clock Signal                |                                                                         Enable Signal                                                                        |                                                            Set/Reset Signal                                                            | Slice Load Count | Bel Load Count |
+--------------------------------------------+--------------------------------------------------------------------------------------------------------------------------------------------------------------+----------------------------------------------------------------------------------------------------------------------------------------+------------------+----------------+
|  MercuryXU1_i/zynq_ultra_ps_e_0/U0/pl_clk1 |                                                                                                                                                              |                                                                                                                                        |                1 |              1 |
|  MercuryXU1_i/zynq_ultra_ps_e_0/U0/pl_clk0 |                                                                                                                                                              | MercuryXU1_i/proc_sys_reset_0/U0/peripheral_aresetn[0]                                                                                 |                1 |              2 |
|  MercuryXU1_i/zynq_ultra_ps_e_0/U0/pl_clk0 |                                                                                                                                                              | MercuryXU1_i/axi_interconnect_0/xbar/inst/gen_sasd.crossbar_sasd_0/addr_arbiter_inst/s_arvalid_reg                                     |                1 |              2 |
|  MercuryXU1_i/zynq_ultra_ps_e_0/U0/pl_clk0 |                                                                                                                                                              | MercuryXU1_i/axi_interconnect_0/xbar/inst/gen_sasd.crossbar_sasd_0/addr_arbiter_inst/SR[0]                                             |                1 |              2 |
|  MercuryXU1_i/zynq_ultra_ps_e_0/U0/pl_clk0 |                                                                                                                                                              | MercuryXU1_i/axi_interconnect_0/xbar/inst/gen_sasd.crossbar_sasd_0/addr_arbiter_inst/aresetn_d_reg[0]                                  |                1 |              2 |
|  MercuryXU1_i/zynq_ultra_ps_e_0/U0/pl_clk0 | MercuryXU1_i/axi_interconnect_0/s00_couplers/auto_pc/inst/gen_axilite.gen_b2s_conv.axilite_b2s/WR.b_channel_0/bid_fifo_0/bresp_push                          |                                                                                                                                        |                1 |              2 |
|  MercuryXU1_i/zynq_ultra_ps_e_0/U0/pl_clk0 | MercuryXU1_i/axi_interconnect_0/s00_couplers/auto_pc/inst/gen_axilite.gen_b2s_conv.axilite_b2s/WR.b_channel_0/bid_fifo_0/cnt_read[1]_i_1_n_0                 | MercuryXU1_i/axi_interconnect_0/s00_couplers/auto_pc/inst/gen_axilite.gen_b2s_conv.axilite_b2s/areset_d1                               |                1 |              2 |
|  MercuryXU1_i/zynq_ultra_ps_e_0/U0/pl_clk0 | MercuryXU1_i/axi_gpio_1/U0/AXI_LITE_IPIF_I/I_SLAVE_ATTACHMENT/is_read_i_1_n_0                                                                                | MercuryXU1_i/axi_gpio_1/U0/AXI_LITE_IPIF_I/I_SLAVE_ATTACHMENT/SR[0]                                                                    |                1 |              2 |
|  MercuryXU1_i/zynq_ultra_ps_e_0/U0/pl_clk0 | MercuryXU1_i/axi_interconnect_0/s00_couplers/auto_pc/inst/gen_axilite.gen_b2s_conv.axilite_b2s/WR.b_channel_0/bresp_fifo_0/E[0]                              | MercuryXU1_i/axi_interconnect_0/s00_couplers/auto_pc/inst/gen_axilite.gen_b2s_conv.axilite_b2s/WR.b_channel_0/bid_fifo_0/SR[0]         |                1 |              2 |
|  MercuryXU1_i/zynq_ultra_ps_e_0/U0/pl_clk0 | MercuryXU1_i/axi_gpio_0/U0/AXI_LITE_IPIF_I/I_SLAVE_ATTACHMENT/is_read_i_1_n_0                                                                                | MercuryXU1_i/axi_gpio_0/U0/AXI_LITE_IPIF_I/I_SLAVE_ATTACHMENT/SR[0]                                                                    |                1 |              2 |
|  MercuryXU1_i/zynq_ultra_ps_e_0/U0/pl_clk0 | MercuryXU1_i/axi_interconnect_0/s00_couplers/auto_pc/inst/gen_axilite.gen_b2s_conv.axilite_b2s/WR.b_channel_0/bid_fifo_0/E[0]                                | MercuryXU1_i/axi_interconnect_0/s00_couplers/auto_pc/inst/gen_axilite.gen_b2s_conv.axilite_b2s/areset_d1                               |                1 |              2 |
|  MercuryXU1_i/zynq_ultra_ps_e_0/U0/pl_clk0 |                                                                                                                                                              | MercuryXU1_i/axi_interconnect_0/xbar/inst/gen_sasd.crossbar_sasd_0/addr_arbiter_inst/m_ready_d_reg[2][0]                               |                2 |              3 |
|  MercuryXU1_i/zynq_ultra_ps_e_0/U0/pl_clk0 |                                                                                                                                                              | MercuryXU1_i/axi_gpio_0/U0/AXI_LITE_IPIF_I/I_SLAVE_ATTACHMENT/clear                                                                    |                1 |              4 |
|  MercuryXU1_i/zynq_ultra_ps_e_0/U0/pl_clk0 | MercuryXU1_i/axi_gpio_0/U0/AXI_LITE_IPIF_I/I_SLAVE_ATTACHMENT/bus2ip_addr_i[8]_i_1_n_0                                                                       | MercuryXU1_i/axi_gpio_0/U0/AXI_LITE_IPIF_I/I_SLAVE_ATTACHMENT/SR[0]                                                                    |                1 |              4 |
|  MercuryXU1_i/zynq_ultra_ps_e_0/U0/pl_clk0 |                                                                                                                                                              | MercuryXU1_i/axi_gpio_1/U0/AXI_LITE_IPIF_I/I_SLAVE_ATTACHMENT/clear                                                                    |                1 |              4 |
|  MercuryXU1_i/zynq_ultra_ps_e_0/U0/pl_clk0 | MercuryXU1_i/axi_gpio_1/U0/AXI_LITE_IPIF_I/I_SLAVE_ATTACHMENT/bus2ip_addr_i[8]_i_1_n_0                                                                       | MercuryXU1_i/axi_gpio_1/U0/AXI_LITE_IPIF_I/I_SLAVE_ATTACHMENT/SR[0]                                                                    |                1 |              4 |
|  MercuryXU1_i/zynq_ultra_ps_e_0/U0/pl_clk0 |                                                                                                                                                              | MercuryXU1_i/axi_interconnect_0/s00_couplers/auto_pc/inst/gen_axilite.gen_b2s_conv.axilite_b2s/SI_REG/ar.ar_pipe/aresetn_d_reg_n_0_[1] |                4 |              4 |
|  MercuryXU1_i/zynq_ultra_ps_e_0/U0/pl_clk0 |                                                                                                                                                              | MercuryXU1_i/axi_interconnect_0/s00_couplers/auto_pc/inst/gen_axilite.gen_b2s_conv.axilite_b2s/SI_REG/aw.aw_pipe/aresetn_d_reg[0]_1    |                2 |              4 |
|  MercuryXU1_i/zynq_ultra_ps_e_0/U0/pl_clk0 | MercuryXU1_i/axi_gpio_1/U0/AXI_LITE_IPIF_I/I_SLAVE_ATTACHMENT/start2                                                                                         | MercuryXU1_i/axi_gpio_1/U0/AXI_LITE_IPIF_I/I_SLAVE_ATTACHMENT/I_DECODER/cs_ce_clr                                                      |                1 |              4 |
|  MercuryXU1_i/zynq_ultra_ps_e_0/U0/pl_clk0 | MercuryXU1_i/axi_gpio_0/U0/AXI_LITE_IPIF_I/I_SLAVE_ATTACHMENT/start2                                                                                         | MercuryXU1_i/axi_gpio_0/U0/AXI_LITE_IPIF_I/I_SLAVE_ATTACHMENT/I_DECODER/cs_ce_clr                                                      |                1 |              4 |
|  MercuryXU1_i/zynq_ultra_ps_e_0/U0/pl_clk0 | MercuryXU1_i/system_management_wiz_0/U0/AXI_SYSMONE1_CORE_I/D[7]                                                                                             | MercuryXU1_i/system_management_wiz_0/U0/AXI_LITE_IPIF_I/I_SLAVE_ATTACHMENT/reset2ip_reset                                              |                3 |              4 |
|  MercuryXU1_i/zynq_ultra_ps_e_0/U0/pl_clk0 | MercuryXU1_i/axi_interconnect_0/s00_couplers/auto_pc/inst/gen_axilite.gen_b2s_conv.axilite_b2s/RD.r_channel_0/transaction_fifo_0/cnt_read[4]_i_1__0_n_0      | MercuryXU1_i/axi_interconnect_0/s00_couplers/auto_pc/inst/gen_axilite.gen_b2s_conv.axilite_b2s/areset_d1                               |                3 |              5 |
|  MercuryXU1_i/zynq_ultra_ps_e_0/U0/pl_clk0 |                                                                                                                                                              | MercuryXU1_i/axi_gpio_1/U0/gpio_core_1/Read_Reg_Rst__0                                                                                 |                1 |              5 |
|  MercuryXU1_i/zynq_ultra_ps_e_0/U0/pl_clk0 | MercuryXU1_i/axi_interconnect_0/s00_couplers/auto_pc/inst/gen_axilite.gen_b2s_conv.axilite_b2s/RD.r_channel_0/rd_data_fifo_0/cnt_read[4]_i_1_n_0             | MercuryXU1_i/axi_interconnect_0/s00_couplers/auto_pc/inst/gen_axilite.gen_b2s_conv.axilite_b2s/areset_d1                               |                1 |              5 |
|  MercuryXU1_i/zynq_ultra_ps_e_0/U0/pl_clk0 |                                                                                                                                                              | MercuryXU1_i/proc_sys_reset_0/U0/EXT_LPF/lpf_int                                                                                       |                4 |              5 |
|  MercuryXU1_i/zynq_ultra_ps_e_0/U0/pl_clk0 |                                                                                                                                                              | MercuryXU1_i/axi_interconnect_0/s00_couplers/auto_pc/inst/gen_axilite.gen_b2s_conv.axilite_b2s/areset_d1                               |                5 |              6 |
|  MercuryXU1_i/zynq_ultra_ps_e_0/U0/pl_clk0 | MercuryXU1_i/axi_gpio_1/U0/AXI_LITE_IPIF_I/I_SLAVE_ATTACHMENT/s_axi_rresp_i                                                                                  | MercuryXU1_i/axi_gpio_1/U0/AXI_LITE_IPIF_I/I_SLAVE_ATTACHMENT/SR[0]                                                                    |                3 |              6 |
|  MercuryXU1_i/zynq_ultra_ps_e_0/U0/pl_clk0 | MercuryXU1_i/proc_sys_reset_0/U0/SEQ/seq_cnt_en                                                                                                              | MercuryXU1_i/proc_sys_reset_0/U0/SEQ/seq_clr                                                                                           |                1 |              6 |
|  MercuryXU1_i/zynq_ultra_ps_e_0/U0/pl_clk0 |                                                                                                                                                              | MercuryXU1_i/system_management_wiz_0/U0/AXI_LITE_IPIF_I/I_SLAVE_ATTACHMENT/clear                                                       |                2 |              7 |
|  MercuryXU1_i/zynq_ultra_ps_e_0/U0/pl_clk0 |                                                                                                                                                              | MercuryXU1_i/axi_gpio_0/U0/gpio_core_1/Read_Reg_Rst__0                                                                                 |                3 |              8 |
|  MercuryXU1_i/zynq_ultra_ps_e_0/U0/pl_clk0 | MercuryXU1_i/axi_interconnect_0/s00_couplers/auto_pc/inst/gen_axilite.gen_b2s_conv.axilite_b2s/WR.b_channel_0/mhandshake_r                                   | MercuryXU1_i/axi_interconnect_0/s00_couplers/auto_pc/inst/gen_axilite.gen_b2s_conv.axilite_b2s/WR.b_channel_0/bid_fifo_0/SR[0]         |                2 |              8 |
|  MercuryXU1_i/zynq_ultra_ps_e_0/U0/pl_clk0 | MercuryXU1_i/axi_gpio_0/U0/AXI_LITE_IPIF_I/I_SLAVE_ATTACHMENT/I_DECODER/E[0]                                                                                 | MercuryXU1_i/axi_gpio_0/U0/AXI_LITE_IPIF_I/I_SLAVE_ATTACHMENT/SR[0]                                                                    |                3 |              8 |
|  MercuryXU1_i/zynq_ultra_ps_e_0/U0/pl_clk0 | MercuryXU1_i/axi_gpio_0/U0/AXI_LITE_IPIF_I/I_SLAVE_ATTACHMENT/s_axi_rresp_i                                                                                  | MercuryXU1_i/axi_gpio_0/U0/AXI_LITE_IPIF_I/I_SLAVE_ATTACHMENT/SR[0]                                                                    |                3 |              9 |
|  MercuryXU1_i/zynq_ultra_ps_e_0/U0/pl_clk0 | MercuryXU1_i/axi_gpio_1/U0/AXI_LITE_IPIF_I/I_SLAVE_ATTACHMENT/I_DECODER/E[0]                                                                                 | MercuryXU1_i/axi_gpio_1/U0/AXI_LITE_IPIF_I/I_SLAVE_ATTACHMENT/SR[0]                                                                    |                2 |             10 |
|  MercuryXU1_i/zynq_ultra_ps_e_0/U0/pl_clk0 | MercuryXU1_i/system_management_wiz_0/U0/AXI_LITE_IPIF_I/I_SLAVE_ATTACHMENT/bus2ip_addr_i[10]_i_1_n_0                                                         | MercuryXU1_i/system_management_wiz_0/U0/AXI_LITE_IPIF_I/I_SLAVE_ATTACHMENT/SR[0]                                                       |                3 |             10 |
|  MercuryXU1_i/zynq_ultra_ps_e_0/U0/pl_clk0 | MercuryXU1_i/axi_interconnect_0/s00_couplers/auto_pc/inst/gen_axilite.gen_b2s_conv.axilite_b2s/RD.ar_channel_0/ar_cmd_fsm_0/sel_first_reg_1[0]               |                                                                                                                                        |                6 |             11 |
|  MercuryXU1_i/zynq_ultra_ps_e_0/U0/pl_clk0 | MercuryXU1_i/axi_interconnect_0/s00_couplers/auto_pc/inst/gen_axilite.gen_b2s_conv.axilite_b2s/RD.ar_channel_0/ar_cmd_fsm_0/FSM_sequential_state_reg[1]_0[0] |                                                                                                                                        |                6 |             11 |
|  MercuryXU1_i/zynq_ultra_ps_e_0/U0/pl_clk0 | MercuryXU1_i/axi_interconnect_0/s00_couplers/auto_pc/inst/gen_axilite.gen_b2s_conv.axilite_b2s/WR.aw_channel_0/aw_cmd_fsm_0/state_reg[1]_1[0]                |                                                                                                                                        |                7 |             11 |
|  MercuryXU1_i/zynq_ultra_ps_e_0/U0/pl_clk0 | MercuryXU1_i/axi_interconnect_0/s00_couplers/auto_pc/inst/gen_axilite.gen_b2s_conv.axilite_b2s/WR.aw_channel_0/aw_cmd_fsm_0/sel_first_reg_1[0]               |                                                                                                                                        |                5 |             11 |
|  MercuryXU1_i/zynq_ultra_ps_e_0/U0/pl_clk0 |                                                                                                                                                              | MercuryXU1_i/axi_interconnect_0/xbar/inst/gen_sasd.crossbar_sasd_0/aresetn_d                                                           |                6 |             12 |
|  MercuryXU1_i/zynq_ultra_ps_e_0/U0/pl_clk1 | RstCnt[15]_i_1_n_0                                                                                                                                           |                                                                                                                                        |                3 |             16 |
|  MercuryXU1_i/zynq_ultra_ps_e_0/U0/pl_clk0 |                                                                                                                                                              | MercuryXU1_i/system_management_wiz_0/U0/AXI_LITE_IPIF_I/I_SLAVE_ATTACHMENT/rst_reg_0[0]                                                |                4 |             16 |
|  MercuryXU1_i/zynq_ultra_ps_e_0/U0/pl_clk0 | MercuryXU1_i/axi_interconnect_0/s00_couplers/auto_pc/inst/gen_axilite.gen_b2s_conv.axilite_b2s/RD.r_channel_0/r_push_r                                       |                                                                                                                                        |                6 |             17 |
|  MercuryXU1_i/zynq_ultra_ps_e_0/U0/pl_clk0 | MercuryXU1_i/axi_interconnect_0/s00_couplers/auto_pc/inst/gen_axilite.gen_b2s_conv.axilite_b2s/SI_REG/b.b_pipe/p_1_in                                        |                                                                                                                                        |                7 |             18 |
|  MercuryXU1_i/zynq_ultra_ps_e_0/U0/pl_clk0 | MercuryXU1_i/axi_interconnect_0/s00_couplers/auto_pc/inst/gen_axilite.gen_b2s_conv.axilite_b2s/SI_REG/b.b_pipe/s_ready_i_reg_0                               |                                                                                                                                        |                6 |             18 |
|  MercuryXU1_i/zynq_ultra_ps_e_0/U0/pl_clk0 | MercuryXU1_i/system_management_wiz_0/U0/AXI_LITE_IPIF_I/I_SLAVE_ATTACHMENT/I_DECODER/E[0]                                                                    | MercuryXU1_i/system_management_wiz_0/U0/AXI_LITE_IPIF_I/I_SLAVE_ATTACHMENT/reset2ip_reset                                              |                9 |             18 |
|  MercuryXU1_i/zynq_ultra_ps_e_0/U0/pl_clk0 |                                                                                                                                                              | MercuryXU1_i/axi_gpio_1/U0/AXI_LITE_IPIF_I/I_SLAVE_ATTACHMENT/SR[0]                                                                    |                5 |             19 |
|  MercuryXU1_i/zynq_ultra_ps_e_0/U0/pl_clk0 | MercuryXU1_i/system_management_wiz_0/U0/AXI_LITE_IPIF_I/I_SLAVE_ATTACHMENT/s_axi_rresp_i                                                                     | MercuryXU1_i/system_management_wiz_0/U0/AXI_LITE_IPIF_I/I_SLAVE_ATTACHMENT/SR[0]                                                       |                7 |             20 |
|  MercuryXU1_i/zynq_ultra_ps_e_0/U0/pl_clk0 |                                                                                                                                                              | MercuryXU1_i/axi_gpio_0/U0/AXI_LITE_IPIF_I/I_SLAVE_ATTACHMENT/SR[0]                                                                    |                9 |             22 |
|  MercuryXU1_i/zynq_ultra_ps_e_0/U0/pl_clk0 | MercuryXU1_i/axi_interconnect_0/s00_couplers/auto_pc/inst/gen_axilite.gen_b2s_conv.axilite_b2s/WR.aw_channel_0/aw_cmd_fsm_0/E[0]                             |                                                                                                                                        |               10 |             23 |
|  MercuryXU1_i/zynq_ultra_ps_e_0/U0/pl_clk0 | MercuryXU1_i/axi_interconnect_0/s00_couplers/auto_pc/inst/gen_axilite.gen_b2s_conv.axilite_b2s/RD.ar_channel_0/ar_cmd_fsm_0/E[0]                             |                                                                                                                                        |               11 |             23 |
|  MercuryXU1_i/zynq_ultra_ps_e_0/U0/pl_clk0 | MercuryXU1_i/axi_interconnect_0/s00_couplers/auto_pc/inst/gen_axilite.gen_b2s_conv.axilite_b2s/WR.aw_channel_0/aw_cmd_fsm_0/state_reg[1]_0                   |                                                                                                                                        |                2 |             24 |
|  MercuryXU1_i/zynq_ultra_ps_e_0/U0/pl_clk1 |                                                                                                                                                              | Rst_reg_n_0                                                                                                                            |                3 |             24 |
|  MercuryXU1_i/zynq_ultra_ps_e_0/U0/pl_clk0 | MercuryXU1_i/system_management_wiz_0/U0/AXI_LITE_IPIF_I/I_SLAVE_ATTACHMENT/start2                                                                            | MercuryXU1_i/system_management_wiz_0/U0/AXI_LITE_IPIF_I/I_SLAVE_ATTACHMENT/I_DECODER/cs_ce_clr                                         |                7 |             25 |
|  MercuryXU1_i/zynq_ultra_ps_e_0/U0/pl_clk0 |                                                                                                                                                              | MercuryXU1_i/system_management_wiz_0/U0/AXI_LITE_IPIF_I/I_SLAVE_ATTACHMENT/SR[0]                                                       |                9 |             29 |
|  MercuryXU1_i/zynq_ultra_ps_e_0/U0/pl_clk0 | MercuryXU1_i/axi_interconnect_0/xbar/inst/gen_sasd.crossbar_sasd_0/addr_arbiter_inst/p_0_in1_in                                                              | MercuryXU1_i/axi_interconnect_0/xbar/inst/gen_sasd.crossbar_sasd_0/aresetn_d                                                           |               17 |             33 |
|  MercuryXU1_i/zynq_ultra_ps_e_0/U0/pl_clk0 | MercuryXU1_i/axi_interconnect_0/s00_couplers/auto_pc/inst/gen_axilite.gen_b2s_conv.axilite_b2s/RD.r_channel_0/rd_data_fifo_0/wr_en0                          |                                                                                                                                        |                5 |             34 |
|  MercuryXU1_i/zynq_ultra_ps_e_0/U0/pl_clk0 | MercuryXU1_i/axi_interconnect_0/xbar/inst/gen_sasd.crossbar_sasd_0/addr_arbiter_inst/E[0]                                                                    |                                                                                                                                        |               13 |             35 |
|  MercuryXU1_i/zynq_ultra_ps_e_0/U0/pl_clk0 | MercuryXU1_i/axi_interconnect_0/s00_couplers/auto_pc/inst/gen_axilite.gen_b2s_conv.axilite_b2s/SI_REG/r.r_pipe/p_1_in                                        |                                                                                                                                        |               17 |             51 |
|  MercuryXU1_i/zynq_ultra_ps_e_0/U0/pl_clk0 | MercuryXU1_i/axi_interconnect_0/s00_couplers/auto_pc/inst/gen_axilite.gen_b2s_conv.axilite_b2s/SI_REG/r.r_pipe/si_rs_rready                                  |                                                                                                                                        |               17 |             51 |
|  MercuryXU1_i/zynq_ultra_ps_e_0/U0/pl_clk0 | MercuryXU1_i/axi_interconnect_0/s00_couplers/auto_pc/inst/gen_axilite.gen_b2s_conv.axilite_b2s/RD.ar_channel_0/ar_cmd_fsm_0/m_valid_i_reg_0[0]               |                                                                                                                                        |               22 |             63 |
|  MercuryXU1_i/zynq_ultra_ps_e_0/U0/pl_clk0 | MercuryXU1_i/axi_interconnect_0/s00_couplers/auto_pc/inst/gen_axilite.gen_b2s_conv.axilite_b2s/SI_REG/ar.ar_pipe/s_ready_i_reg_0                             |                                                                                                                                        |               22 |             63 |
|  MercuryXU1_i/zynq_ultra_ps_e_0/U0/pl_clk0 | MercuryXU1_i/axi_interconnect_0/s00_couplers/auto_pc/inst/gen_axilite.gen_b2s_conv.axilite_b2s/SI_REG/aw.aw_pipe/s_ready_i_reg_0                             |                                                                                                                                        |               20 |             63 |
|  MercuryXU1_i/zynq_ultra_ps_e_0/U0/pl_clk0 | MercuryXU1_i/axi_interconnect_0/s00_couplers/auto_pc/inst/gen_axilite.gen_b2s_conv.axilite_b2s/WR.aw_channel_0/aw_cmd_fsm_0/m_valid_i_reg[0]                 |                                                                                                                                        |               20 |             63 |
|  MercuryXU1_i/zynq_ultra_ps_e_0/U0/pl_clk0 |                                                                                                                                                              | MercuryXU1_i/system_management_wiz_0/U0/AXI_LITE_IPIF_I/I_SLAVE_ATTACHMENT/reset2ip_reset                                              |               28 |            129 |
|  MercuryXU1_i/zynq_ultra_ps_e_0/U0/pl_clk0 |                                                                                                                                                              |                                                                                                                                        |               89 |            178 |
+--------------------------------------------+--------------------------------------------------------------------------------------------------------------------------------------------------------------+----------------------------------------------------------------------------------------------------------------------------------------+------------------+----------------+


